info: HTTP GET /boards/5f932adeeaff9e84bb8c041 {"meta":{"req":{"url":"/boards/5f932adeeaff9e84bb8c041","query":{}},"res":{"statusCode":404},"responseTime":6},"timestamp":"2020-10-26T11:26:10.212Z"}
info: HTTP GET /boards/5f932adeeaff9e84bb8c041 {"meta":{"req":{"url":"/boards/5f932adeeaff9e84bb8c041","query":{}},"res":{"statusCode":404},"responseTime":7},"timestamp":"2020-10-26T11:28:17.478Z"}
info: HTTP GET /boards/5f932adeeaff9e84bb8c041 {"meta":{"req":{"url":"/boards/5f932adeeaff9e84bb8c041","query":{}},"res":{"statusCode":404},"responseTime":7},"timestamp":"2020-10-26T11:29:24.325Z"}
info: HTTP POST /boards {"meta":{"req":{"url":"/boards","query":{},"body":{"title":"Autotest board","columns":[{"title":"Backlog","order":1},{"title":"Sprint","order":2}]}},"res":{"statusCode":200},"responseTime":194},"timestamp":"2020-10-26T11:29:40.971Z"}
info: HTTP GET /boards {"meta":{"req":{"url":"/boards","query":{}},"res":{"statusCode":200},"responseTime":190},"timestamp":"2020-10-26T11:29:41.169Z"}
info: HTTP GET /boards {"meta":{"req":{"url":"/boards","query":{}},"res":{"statusCode":200},"responseTime":186},"timestamp":"2020-10-26T11:29:41.361Z"}
info: HTTP GET /boards/5f932adeeaff9e84bb8c041a {"meta":{"req":{"url":"/boards/5f932adeeaff9e84bb8c041a","query":{}},"res":{"statusCode":200},"responseTime":170},"timestamp":"2020-10-26T11:29:41.533Z"}
info: HTTP POST /boards {"meta":{"req":{"url":"/boards","query":{},"body":{"title":"Autotest board","columns":[{"title":"Backlog","order":1},{"title":"Sprint","order":2}]}},"res":{"statusCode":200},"responseTime":171},"timestamp":"2020-10-26T11:29:41.711Z"}
info: HTTP DELETE /boards/5f96b325e0ad25b0cdae9d9a {"meta":{"req":{"url":"/boards/5f96b325e0ad25b0cdae9d9a","query":{}},"res":{"statusCode":200},"responseTime":340},"timestamp":"2020-10-26T11:29:42.054Z"}
info: HTTP POST /boards {"meta":{"req":{"url":"/boards","query":{},"body":{"title":"Autotest board","columns":[{"title":"Backlog","order":1},{"title":"Sprint","order":2}]}},"res":{"statusCode":200},"responseTime":171},"timestamp":"2020-10-26T11:29:42.228Z"}
info: HTTP PUT /boards/5f96b326e0ad25b0cdae9d9b {"meta":{"req":{"url":"/boards/5f96b326e0ad25b0cdae9d9b","query":{},"body":{"id":"5f96b326e0ad25b0cdae9d9b","columns":[{"title":"Backlog","order":1},{"title":"Sprint","order":2}],"title":"Autotest updated board"}},"res":{"statusCode":200},"responseTime":176},"timestamp":"2020-10-26T11:29:42.408Z"}
info: HTTP GET /boards/5f96b326e0ad25b0cdae9d9b {"meta":{"req":{"url":"/boards/5f96b326e0ad25b0cdae9d9b","query":{}},"res":{"statusCode":200},"responseTime":167},"timestamp":"2020-10-26T11:29:42.578Z"}
info: HTTP DELETE /boards/5f96b326e0ad25b0cdae9d9b {"meta":{"req":{"url":"/boards/5f96b326e0ad25b0cdae9d9b","query":{}},"res":{"statusCode":200},"responseTime":337},"timestamp":"2020-10-26T11:29:42.918Z"}
info: HTTP POST /boards {"meta":{"req":{"url":"/boards","query":{},"body":{"title":"Autotest board","columns":[{"title":"Backlog","order":1},{"title":"Sprint","order":2}]}},"res":{"statusCode":200},"responseTime":172},"timestamp":"2020-10-26T11:29:43.094Z"}
info: HTTP DELETE /boards/5f96b326e0ad25b0cdae9d9c {"meta":{"req":{"url":"/boards/5f96b326e0ad25b0cdae9d9c","query":{}},"res":{"statusCode":200},"responseTime":336},"timestamp":"2020-10-26T11:29:43.433Z"}
info: HTTP GET /boards/5f932adeeaff9e84bb8c041 {"meta":{"req":{"url":"/boards/5f932adeeaff9e84bb8c041","query":{}},"res":{"statusCode":404},"responseTime":7},"timestamp":"2020-10-26T11:30:48.053Z"}
info: HTTP POST /boards {"meta":{"req":{"url":"/boards","query":{},"body":{"title":"Autotest board","columns":[{"title":"Backlog","order":1},{"title":"Sprint","order":2}]}},"res":{"statusCode":200},"responseTime":197},"timestamp":"2020-10-26T11:30:55.271Z"}
info: HTTP GET /boards {"meta":{"req":{"url":"/boards","query":{}},"res":{"statusCode":200},"responseTime":199},"timestamp":"2020-10-26T11:30:55.477Z"}
info: HTTP GET /boards {"meta":{"req":{"url":"/boards","query":{}},"res":{"statusCode":200},"responseTime":195},"timestamp":"2020-10-26T11:30:55.677Z"}
info: HTTP GET /boards/5f932adeeaff9e84bb8c041a {"meta":{"req":{"url":"/boards/5f932adeeaff9e84bb8c041a","query":{}},"res":{"statusCode":200},"responseTime":179},"timestamp":"2020-10-26T11:30:55.858Z"}
info: HTTP POST /boards {"meta":{"req":{"url":"/boards","query":{},"body":{"title":"Autotest board","columns":[{"title":"Backlog","order":1},{"title":"Sprint","order":2}]}},"res":{"statusCode":200},"responseTime":180},"timestamp":"2020-10-26T11:30:56.043Z"}
info: HTTP DELETE /boards/5f96b36f3b22cfb0fc406fdc {"meta":{"req":{"url":"/boards/5f96b36f3b22cfb0fc406fdc","query":{}},"res":{"statusCode":200},"responseTime":358},"timestamp":"2020-10-26T11:30:56.404Z"}
info: HTTP POST /boards {"meta":{"req":{"url":"/boards","query":{},"body":{"title":"Autotest board","columns":[{"title":"Backlog","order":1},{"title":"Sprint","order":2}]}},"res":{"statusCode":200},"responseTime":183},"timestamp":"2020-10-26T11:30:56.591Z"}
info: HTTP PUT /boards/5f96b3703b22cfb0fc406fdd {"meta":{"req":{"url":"/boards/5f96b3703b22cfb0fc406fdd","query":{},"body":{"id":"5f96b3703b22cfb0fc406fdd","columns":[{"title":"Backlog","order":1},{"title":"Sprint","order":2}],"title":"Autotest updated board"}},"res":{"statusCode":200},"responseTime":191},"timestamp":"2020-10-26T11:30:56.783Z"}
info: HTTP GET /boards/5f96b3703b22cfb0fc406fdd {"meta":{"req":{"url":"/boards/5f96b3703b22cfb0fc406fdd","query":{}},"res":{"statusCode":200},"responseTime":178},"timestamp":"2020-10-26T11:30:56.964Z"}
info: HTTP DELETE /boards/5f96b3703b22cfb0fc406fdd {"meta":{"req":{"url":"/boards/5f96b3703b22cfb0fc406fdd","query":{}},"res":{"statusCode":200},"responseTime":355},"timestamp":"2020-10-26T11:30:57.321Z"}
info: HTTP POST /boards {"meta":{"req":{"url":"/boards","query":{},"body":{"title":"Autotest board","columns":[{"title":"Backlog","order":1},{"title":"Sprint","order":2}]}},"res":{"statusCode":200},"responseTime":181},"timestamp":"2020-10-26T11:30:57.505Z"}
info: HTTP DELETE /boards/5f96b3713b22cfb0fc406fde {"meta":{"req":{"url":"/boards/5f96b3713b22cfb0fc406fde","query":{}},"res":{"statusCode":200},"responseTime":355},"timestamp":"2020-10-26T11:30:57.863Z"}
info: HTTP GET /boards/5f932adeeaff9e84bb8c041 {"meta":{"req":{"url":"/boards/5f932adeeaff9e84bb8c041","query":{}},"res":{"statusCode":404},"responseTime":7},"timestamp":"2020-10-26T11:32:39.144Z"}
info: HTTP POST /boards {"meta":{"req":{"url":"/boards","query":{},"body":{"title":"Autotest board","columns":[{"title":"Backlog","order":1},{"title":"Sprint","order":2}]}},"res":{"statusCode":200},"responseTime":179},"timestamp":"2020-10-26T11:32:49.161Z"}
info: HTTP GET /boards {"meta":{"req":{"url":"/boards","query":{}},"res":{"statusCode":200},"responseTime":186},"timestamp":"2020-10-26T11:32:49.355Z"}
info: HTTP GET /boards {"meta":{"req":{"url":"/boards","query":{}},"res":{"statusCode":200},"responseTime":182},"timestamp":"2020-10-26T11:32:49.542Z"}
info: HTTP GET /boards/5f932adeeaff9e84bb8c041a {"meta":{"req":{"url":"/boards/5f932adeeaff9e84bb8c041a","query":{}},"res":{"statusCode":200},"responseTime":167},"timestamp":"2020-10-26T11:32:49.712Z"}
info: HTTP POST /boards {"meta":{"req":{"url":"/boards","query":{},"body":{"title":"Autotest board","columns":[{"title":"Backlog","order":1},{"title":"Sprint","order":2}]}},"res":{"statusCode":200},"responseTime":167},"timestamp":"2020-10-26T11:32:49.883Z"}
info: HTTP DELETE /boards/5f96b3e1bf5f93b11fc3af1b {"meta":{"req":{"url":"/boards/5f96b3e1bf5f93b11fc3af1b","query":{}},"res":{"statusCode":200},"responseTime":329},"timestamp":"2020-10-26T11:32:50.216Z"}
info: HTTP POST /boards {"meta":{"req":{"url":"/boards","query":{},"body":{"title":"Autotest board","columns":[{"title":"Backlog","order":1},{"title":"Sprint","order":2}]}},"res":{"statusCode":200},"responseTime":168},"timestamp":"2020-10-26T11:32:50.388Z"}
info: HTTP PUT /boards/5f96b3e2bf5f93b11fc3af1c {"meta":{"req":{"url":"/boards/5f96b3e2bf5f93b11fc3af1c","query":{},"body":{"id":"5f96b3e2bf5f93b11fc3af1c","columns":[{"title":"Backlog","order":1},{"title":"Sprint","order":2}],"title":"Autotest updated board"}},"res":{"statusCode":200},"responseTime":171},"timestamp":"2020-10-26T11:32:50.562Z"}
info: HTTP GET /boards/5f96b3e2bf5f93b11fc3af1c {"meta":{"req":{"url":"/boards/5f96b3e2bf5f93b11fc3af1c","query":{}},"res":{"statusCode":200},"responseTime":165},"timestamp":"2020-10-26T11:32:50.729Z"}
info: HTTP DELETE /boards/5f96b3e2bf5f93b11fc3af1c {"meta":{"req":{"url":"/boards/5f96b3e2bf5f93b11fc3af1c","query":{}},"res":{"statusCode":200},"responseTime":327},"timestamp":"2020-10-26T11:32:51.059Z"}
info: HTTP POST /boards {"meta":{"req":{"url":"/boards","query":{},"body":{"title":"Autotest board","columns":[{"title":"Backlog","order":1},{"title":"Sprint","order":2}]}},"res":{"statusCode":200},"responseTime":166},"timestamp":"2020-10-26T11:32:51.229Z"}
info: HTTP DELETE /boards/5f96b3e3bf5f93b11fc3af1d {"meta":{"req":{"url":"/boards/5f96b3e3bf5f93b11fc3af1d","query":{}},"res":{"statusCode":200},"responseTime":328},"timestamp":"2020-10-26T11:32:51.560Z"}
info: HTTP GET /boards/5f96b3e3bf5f93b11fc3af1d {"meta":{"req":{"url":"/boards/5f96b3e3bf5f93b11fc3af1d","query":{}},"res":{"statusCode":404},"responseTime":163},"timestamp":"2020-10-26T11:32:51.725Z"}
info: HTTP POST /boards {"meta":{"req":{"url":"/boards","query":{},"body":{"title":"Autotest board","columns":[{"title":"Backlog","order":1},{"title":"Sprint","order":2}]}},"res":{"statusCode":200},"responseTime":166},"timestamp":"2020-10-26T11:32:51.896Z"}
info: HTTP POST /boards/5f96b3e3bf5f93b11fc3af1e/tasks {"meta":{"req":{"url":"/boards/5f96b3e3bf5f93b11fc3af1e/tasks","query":{},"body":{"title":"Task #2","order":2,"description":"Lorem ipsum","boardId":"5f96b3e3bf5f93b11fc3af1e","userId":null,"columnId":null}},"res":{"statusCode":200},"responseTime":174},"timestamp":"2020-10-26T11:32:52.073Z"}
info: HTTP POST /boards/5f96b3e3bf5f93b11fc3af1e/tasks {"meta":{"req":{"url":"/boards/5f96b3e3bf5f93b11fc3af1e/tasks","query":{},"body":{"title":"Task #1","order":1,"description":"Lorem ipsum","boardId":"5f96b3e3bf5f93b11fc3af1e","userId":null,"columnId":null}},"res":{"statusCode":200},"responseTime":337},"timestamp":"2020-10-26T11:32:52.240Z"}
info: HTTP POST /boards/5f96b3e3bf5f93b11fc3af1e/tasks {"meta":{"req":{"url":"/boards/5f96b3e3bf5f93b11fc3af1e/tasks","query":{},"body":{"title":"Task #4","order":4,"description":"Lorem ipsum","boardId":"5f96b3e3bf5f93b11fc3af1e","userId":null,"columnId":null}},"res":{"statusCode":200},"responseTime":504},"timestamp":"2020-10-26T11:32:52.408Z"}
info: HTTP POST /boards/5f96b3e3bf5f93b11fc3af1e/tasks {"meta":{"req":{"url":"/boards/5f96b3e3bf5f93b11fc3af1e/tasks","query":{},"body":{"title":"Task #3","order":3,"description":"Lorem ipsum","boardId":"5f96b3e3bf5f93b11fc3af1e","userId":null,"columnId":null}},"res":{"statusCode":200},"responseTime":668},"timestamp":"2020-10-26T11:32:52.575Z"}
info: HTTP POST /boards/5f96b3e3bf5f93b11fc3af1e/tasks {"meta":{"req":{"url":"/boards/5f96b3e3bf5f93b11fc3af1e/tasks","query":{},"body":{"title":"Task #5","order":5,"description":"Lorem ipsum","boardId":"5f96b3e3bf5f93b11fc3af1e","userId":null,"columnId":null}},"res":{"statusCode":200},"responseTime":834},"timestamp":"2020-10-26T11:32:52.742Z"}
info: HTTP GET /boards/5f96b3e3bf5f93b11fc3af1e/tasks/5f96b3e3bf5f93b11fc3af1f {"meta":{"req":{"url":"/boards/5f96b3e3bf5f93b11fc3af1e/tasks/5f96b3e3bf5f93b11fc3af1f","query":{}},"res":{"statusCode":200},"responseTime":167},"timestamp":"2020-10-26T11:32:52.913Z"}
info: HTTP GET /boards/5f96b3e3bf5f93b11fc3af1e/tasks/5f96b3e3bf5f93b11fc3af20 {"meta":{"req":{"url":"/boards/5f96b3e3bf5f93b11fc3af1e/tasks/5f96b3e3bf5f93b11fc3af20","query":{}},"res":{"statusCode":200},"responseTime":194},"timestamp":"2020-10-26T11:32:52.941Z"}
info: HTTP GET /boards/5f96b3e3bf5f93b11fc3af1e/tasks/5f96b3e3bf5f93b11fc3af22 {"meta":{"req":{"url":"/boards/5f96b3e3bf5f93b11fc3af1e/tasks/5f96b3e3bf5f93b11fc3af22","query":{}},"res":{"statusCode":200},"responseTime":196},"timestamp":"2020-10-26T11:32:52.943Z"}
info: HTTP GET /boards/5f96b3e3bf5f93b11fc3af1e/tasks/5f96b3e3bf5f93b11fc3af21 {"meta":{"req":{"url":"/boards/5f96b3e3bf5f93b11fc3af1e/tasks/5f96b3e3bf5f93b11fc3af21","query":{}},"res":{"statusCode":200},"responseTime":199},"timestamp":"2020-10-26T11:32:52.948Z"}
info: HTTP GET /boards/5f96b3e3bf5f93b11fc3af1e/tasks/5f96b3e3bf5f93b11fc3af23 {"meta":{"req":{"url":"/boards/5f96b3e3bf5f93b11fc3af1e/tasks/5f96b3e3bf5f93b11fc3af23","query":{}},"res":{"statusCode":200},"responseTime":200},"timestamp":"2020-10-26T11:32:52.950Z"}
info: HTTP DELETE /boards/5f96b3e3bf5f93b11fc3af1e {"meta":{"req":{"url":"/boards/5f96b3e3bf5f93b11fc3af1e","query":{}},"res":{"statusCode":200},"responseTime":339},"timestamp":"2020-10-26T11:32:53.293Z"}
info: HTTP GET /boards/5f96b3e3bf5f93b11fc3af1e/tasks/5f96b3e3bf5f93b11fc3af22 {"meta":{"req":{"url":"/boards/5f96b3e3bf5f93b11fc3af1e/tasks/5f96b3e3bf5f93b11fc3af22","query":{}},"res":{"statusCode":404},"responseTime":163},"timestamp":"2020-10-26T11:32:53.462Z"}
info: HTTP GET /boards/5f96b3e3bf5f93b11fc3af1e/tasks/5f96b3e3bf5f93b11fc3af1f {"meta":{"req":{"url":"/boards/5f96b3e3bf5f93b11fc3af1e/tasks/5f96b3e3bf5f93b11fc3af1f","query":{}},"res":{"statusCode":404},"responseTime":168},"timestamp":"2020-10-26T11:32:53.464Z"}
info: HTTP GET /boards/5f96b3e3bf5f93b11fc3af1e/tasks/5f96b3e3bf5f93b11fc3af20 {"meta":{"req":{"url":"/boards/5f96b3e3bf5f93b11fc3af1e/tasks/5f96b3e3bf5f93b11fc3af20","query":{}},"res":{"statusCode":404},"responseTime":170},"timestamp":"2020-10-26T11:32:53.467Z"}
info: HTTP GET /boards/5f96b3e3bf5f93b11fc3af1e/tasks/5f96b3e3bf5f93b11fc3af23 {"meta":{"req":{"url":"/boards/5f96b3e3bf5f93b11fc3af1e/tasks/5f96b3e3bf5f93b11fc3af23","query":{}},"res":{"statusCode":404},"responseTime":169},"timestamp":"2020-10-26T11:32:53.469Z"}
info: HTTP GET /boards/5f96b3e3bf5f93b11fc3af1e/tasks/5f96b3e3bf5f93b11fc3af21 {"meta":{"req":{"url":"/boards/5f96b3e3bf5f93b11fc3af1e/tasks/5f96b3e3bf5f93b11fc3af21","query":{}},"res":{"statusCode":404},"responseTime":172},"timestamp":"2020-10-26T11:32:53.470Z"}
info: HTTP DELETE /boards/5f96b3e0bf5f93b11fc3af1a {"meta":{"req":{"url":"/boards/5f96b3e0bf5f93b11fc3af1a","query":{}},"res":{"statusCode":200},"responseTime":335},"timestamp":"2020-10-26T11:32:53.807Z"}
info: HTTP POST /boards {"meta":{"req":{"url":"/boards","query":{},"body":{"title":"Autotest board","columns":[{"title":"Backlog","order":1},{"title":"Sprint","order":2}]}},"res":{"statusCode":200},"responseTime":1209},"timestamp":"2020-10-26T11:39:20.617Z"}
info: HTTP GET /users {"meta":{"req":{"url":"/users","query":{}},"res":{"statusCode":200},"responseTime":1227},"timestamp":"2020-10-26T11:39:20.639Z"}
info: HTTP POST /boards {"meta":{"req":{"url":"/boards","query":{},"body":{"title":"Autotest board","columns":[{"title":"Backlog","order":1},{"title":"Sprint","order":2}]}},"res":{"statusCode":200},"responseTime":1013},"timestamp":"2020-10-26T11:39:20.657Z"}
info: HTTP POST /boards/5f96b567bf5f93b11fc3af24/tasks {"meta":{"req":{"url":"/boards/5f96b567bf5f93b11fc3af24/tasks","query":{},"body":{"title":"Autotest task","order":0,"description":"Lorem ipsum","userId":null,"boardId":null,"columnId":null}},"res":{"statusCode":200},"responseTime":168},"timestamp":"2020-10-26T11:39:20.792Z"}
info: HTTP GET /boards {"meta":{"req":{"url":"/boards","query":{}},"res":{"statusCode":200},"responseTime":191},"timestamp":"2020-10-26T11:39:20.854Z"}
info: HTTP GET /boards/5f96b567bf5f93b11fc3af24/tasks {"meta":{"req":{"url":"/boards/5f96b567bf5f93b11fc3af24/tasks","query":{}},"res":{"statusCode":200},"responseTime":159},"timestamp":"2020-10-26T11:39:20.955Z"}
info: HTTP POST /users {"meta":{"req":{"url":"/users","query":{},"body":{"name":"TEST_USER","login":"test_user","password":"T35t_P@55w0rd"}},"res":{"statusCode":200},"responseTime":348},"timestamp":"2020-10-26T11:39:20.999Z"}
info: HTTP GET /boards {"meta":{"req":{"url":"/boards","query":{}},"res":{"statusCode":200},"responseTime":187},"timestamp":"2020-10-26T11:39:21.052Z"}
info: HTTP GET /boards/5f96b567bf5f93b11fc3af24/tasks {"meta":{"req":{"url":"/boards/5f96b567bf5f93b11fc3af24/tasks","query":{}},"res":{"statusCode":200},"responseTime":158},"timestamp":"2020-10-26T11:39:21.122Z"}
info: HTTP GET /users/5f96b568bf5f93b11fc3af27 {"meta":{"req":{"url":"/users/5f96b568bf5f93b11fc3af27","query":{}},"res":{"statusCode":200},"responseTime":170},"timestamp":"2020-10-26T11:39:21.172Z"}
info: HTTP GET /boards/5f932adeeaff9e84bb8c041a {"meta":{"req":{"url":"/boards/5f932adeeaff9e84bb8c041a","query":{}},"res":{"statusCode":200},"responseTime":178},"timestamp":"2020-10-26T11:39:21.233Z"}
info: HTTP GET /boards/5f96b567bf5f93b11fc3af24/tasks/5f96b568bf5f93b11fc3af26 {"meta":{"req":{"url":"/boards/5f96b567bf5f93b11fc3af24/tasks/5f96b568bf5f93b11fc3af26","query":{}},"res":{"statusCode":200},"responseTime":165},"timestamp":"2020-10-26T11:39:21.291Z"}
info: HTTP POST /boards {"meta":{"req":{"url":"/boards","query":{},"body":{"title":"Autotest board","columns":[{"title":"Backlog","order":1},{"title":"Sprint","order":2}]}},"res":{"statusCode":200},"responseTime":176},"timestamp":"2020-10-26T11:39:21.414Z"}
info: HTTP POST /boards/5f96b567bf5f93b11fc3af24/tasks {"meta":{"req":{"url":"/boards/5f96b567bf5f93b11fc3af24/tasks","query":{},"body":{"title":"Autotest task","order":0,"description":"Lorem ipsum","userId":null,"boardId":null,"columnId":null}},"res":{"statusCode":200},"responseTime":162},"timestamp":"2020-10-26T11:39:21.458Z"}
info: HTTP DELETE /users/5f96b568bf5f93b11fc3af27 {"meta":{"req":{"url":"/users/5f96b568bf5f93b11fc3af27","query":{}},"res":{"statusCode":200},"responseTime":360},"timestamp":"2020-10-26T11:39:21.535Z"}
info: HTTP DELETE /boards/5f96b567bf5f93b11fc3af24/tasks/5f96b569bf5f93b11fc3af29 {"meta":{"req":{"url":"/boards/5f96b567bf5f93b11fc3af24/tasks/5f96b569bf5f93b11fc3af29","query":{}},"res":{"statusCode":200},"responseTime":162},"timestamp":"2020-10-26T11:39:21.623Z"}
info: HTTP DELETE /boards/5f96b569bf5f93b11fc3af28 {"meta":{"req":{"url":"/boards/5f96b569bf5f93b11fc3af28","query":{}},"res":{"statusCode":200},"responseTime":348},"timestamp":"2020-10-26T11:39:21.765Z"}
info: HTTP POST /boards/5f96b567bf5f93b11fc3af24/tasks {"meta":{"req":{"url":"/boards/5f96b567bf5f93b11fc3af24/tasks","query":{},"body":{"title":"Autotest task","order":0,"description":"Lorem ipsum","userId":null,"boardId":null,"columnId":null}},"res":{"statusCode":200},"responseTime":164},"timestamp":"2020-10-26T11:39:21.791Z"}
info: HTTP POST /users {"meta":{"req":{"url":"/users","query":{},"body":{"name":"TEST_USER","login":"test_user","password":"T35t_P@55w0rd"}},"res":{"statusCode":200},"responseTime":342},"timestamp":"2020-10-26T11:39:21.882Z"}
info: HTTP POST /boards {"meta":{"req":{"url":"/boards","query":{},"body":{"title":"Autotest board","columns":[{"title":"Backlog","order":1},{"title":"Sprint","order":2}]}},"res":{"statusCode":200},"responseTime":176},"timestamp":"2020-10-26T11:39:21.945Z"}
info: HTTP PUT /boards/5f96b567bf5f93b11fc3af24/tasks/5f96b569bf5f93b11fc3af2b {"meta":{"req":{"url":"/boards/5f96b567bf5f93b11fc3af24/tasks/5f96b569bf5f93b11fc3af2b","query":{},"body":{"id":"5f96b569bf5f93b11fc3af2b","title":"Autotest updated task","order":0,"description":"Lorem ipsum","userId":null,"boardId":"5f96b567bf5f93b11fc3af24","columnId":null}},"res":{"statusCode":200},"responseTime":163},"timestamp":"2020-10-26T11:39:21.957Z"}
info: HTTP GET /boards/5f96b567bf5f93b11fc3af24/tasks/5f96b569bf5f93b11fc3af2b {"meta":{"req":{"url":"/boards/5f96b567bf5f93b11fc3af24/tasks/5f96b569bf5f93b11fc3af2b","query":{}},"res":{"statusCode":200},"responseTime":161},"timestamp":"2020-10-26T11:39:22.121Z"}
info: HTTP PUT /boards/5f96b569bf5f93b11fc3af2c {"meta":{"req":{"url":"/boards/5f96b569bf5f93b11fc3af2c","query":{},"body":{"id":"5f96b569bf5f93b11fc3af2c","columns":[{"title":"Backlog","order":1},{"title":"Sprint","order":2}],"title":"Autotest updated board"}},"res":{"statusCode":200},"responseTime":176},"timestamp":"2020-10-26T11:39:22.123Z"}
info: HTTP DELETE /users/5f96b569bf5f93b11fc3af2a {"meta":{"req":{"url":"/users/5f96b569bf5f93b11fc3af2a","query":{}},"res":{"statusCode":200},"responseTime":345},"timestamp":"2020-10-26T11:39:22.233Z"}
info: HTTP GET /boards/5f96b567bf5f93b11fc3af24/tasks/5f96b568bf5f93b11fc3af26 {"meta":{"req":{"url":"/boards/5f96b567bf5f93b11fc3af24/tasks/5f96b568bf5f93b11fc3af26","query":{}},"res":{"statusCode":200},"responseTime":159},"timestamp":"2020-10-26T11:39:22.283Z"}
info: HTTP GET /boards/5f96b569bf5f93b11fc3af2c {"meta":{"req":{"url":"/boards/5f96b569bf5f93b11fc3af2c","query":{}},"res":{"statusCode":200},"responseTime":173},"timestamp":"2020-10-26T11:39:22.299Z"}
info: HTTP DELETE /boards/5f96b567bf5f93b11fc3af24/tasks/5f96b568bf5f93b11fc3af26 {"meta":{"req":{"url":"/boards/5f96b567bf5f93b11fc3af24/tasks/5f96b568bf5f93b11fc3af26","query":{}},"res":{"statusCode":200},"responseTime":161},"timestamp":"2020-10-26T11:39:22.447Z"}
info: HTTP POST /users {"meta":{"req":{"url":"/users","query":{},"body":{"name":"TEST_USER","login":"test_user","password":"T35t_P@55w0rd"}},"res":{"statusCode":200},"responseTime":343},"timestamp":"2020-10-26T11:39:22.578Z"}
info: HTTP GET /boards/5f96b567bf5f93b11fc3af24/tasks/5f96b568bf5f93b11fc3af26 {"meta":{"req":{"url":"/boards/5f96b567bf5f93b11fc3af24/tasks/5f96b568bf5f93b11fc3af26","query":{}},"res":{"statusCode":404},"responseTime":160},"timestamp":"2020-10-26T11:39:22.609Z"}
info: HTTP DELETE /boards/5f96b569bf5f93b11fc3af2c {"meta":{"req":{"url":"/boards/5f96b569bf5f93b11fc3af2c","query":{}},"res":{"statusCode":200},"responseTime":347},"timestamp":"2020-10-26T11:39:22.649Z"}
info: HTTP PUT /users/5f96b56abf5f93b11fc3af2d {"meta":{"req":{"url":"/users/5f96b56abf5f93b11fc3af2d","query":{},"body":{"name":"Autotest updated TEST_USER","login":"test_user","password":"T35t_P@55w0rd","id":"5f96b56abf5f93b11fc3af2d"}},"res":{"statusCode":200},"responseTime":173},"timestamp":"2020-10-26T11:39:22.754Z"}
info: HTTP POST /boards {"meta":{"req":{"url":"/boards","query":{},"body":{"title":"Autotest board","columns":[{"title":"Backlog","order":1},{"title":"Sprint","order":2}]}},"res":{"statusCode":200},"responseTime":175},"timestamp":"2020-10-26T11:39:22.828Z"}
info: HTTP GET /users/5f96b56abf5f93b11fc3af2d {"meta":{"req":{"url":"/users/5f96b56abf5f93b11fc3af2d","query":{}},"res":{"statusCode":200},"responseTime":169},"timestamp":"2020-10-26T11:39:22.926Z"}
info: HTTP DELETE /boards/5f96b567bf5f93b11fc3af24 {"meta":{"req":{"url":"/boards/5f96b567bf5f93b11fc3af24","query":{}},"res":{"statusCode":200},"responseTime":322},"timestamp":"2020-10-26T11:39:22.933Z"}
info: HTTP DELETE /boards/5f96b56abf5f93b11fc3af2e {"meta":{"req":{"url":"/boards/5f96b56abf5f93b11fc3af2e","query":{}},"res":{"statusCode":200},"responseTime":333},"timestamp":"2020-10-26T11:39:23.163Z"}
info: HTTP DELETE /users/5f96b56abf5f93b11fc3af2d {"meta":{"req":{"url":"/users/5f96b56abf5f93b11fc3af2d","query":{}},"res":{"statusCode":200},"responseTime":353},"timestamp":"2020-10-26T11:39:23.281Z"}
info: HTTP GET /boards/5f96b56abf5f93b11fc3af2e {"meta":{"req":{"url":"/boards/5f96b56abf5f93b11fc3af2e","query":{}},"res":{"statusCode":404},"responseTime":169},"timestamp":"2020-10-26T11:39:23.337Z"}
info: HTTP POST /boards {"meta":{"req":{"url":"/boards","query":{},"body":{"title":"Autotest board","columns":[{"title":"Backlog","order":1},{"title":"Sprint","order":2}]}},"res":{"statusCode":200},"responseTime":184},"timestamp":"2020-10-26T11:39:23.523Z"}
info: HTTP POST /users {"meta":{"req":{"url":"/users","query":{},"body":{"name":"TEST_USER","login":"test_user","password":"T35t_P@55w0rd"}},"res":{"statusCode":200},"responseTime":335},"timestamp":"2020-10-26T11:39:23.619Z"}
info: HTTP POST /boards/5f96b56bbf5f93b11fc3af30/tasks {"meta":{"req":{"url":"/boards/5f96b56bbf5f93b11fc3af30/tasks","query":{},"body":{"title":"Task #2","order":2,"description":"Lorem ipsum","boardId":"5f96b56bbf5f93b11fc3af30","userId":null,"columnId":null}},"res":{"statusCode":200},"responseTime":165},"timestamp":"2020-10-26T11:39:23.691Z"}
info: HTTP POST /boards/5f96b56bbf5f93b11fc3af30/tasks {"meta":{"req":{"url":"/boards/5f96b56bbf5f93b11fc3af30/tasks","query":{},"body":{"title":"Task #1","order":1,"description":"Lorem ipsum","boardId":"5f96b56bbf5f93b11fc3af30","userId":null,"columnId":null}},"res":{"statusCode":200},"responseTime":176},"timestamp":"2020-10-26T11:39:23.704Z"}
info: HTTP POST /boards/5f96b56bbf5f93b11fc3af30/tasks {"meta":{"req":{"url":"/boards/5f96b56bbf5f93b11fc3af30/tasks","query":{},"body":{"title":"Task #4","order":4,"description":"Lorem ipsum","boardId":"5f96b56bbf5f93b11fc3af30","userId":null,"columnId":null}},"res":{"statusCode":200},"responseTime":263},"timestamp":"2020-10-26T11:39:23.793Z"}
info: HTTP POST /boards/5f96b56bbf5f93b11fc3af30/tasks {"meta":{"req":{"url":"/boards/5f96b56bbf5f93b11fc3af30/tasks","query":{},"body":{"title":"Task #3","order":3,"description":"Lorem ipsum","boardId":"5f96b56bbf5f93b11fc3af30","userId":null,"columnId":null}},"res":{"statusCode":200},"responseTime":332},"timestamp":"2020-10-26T11:39:23.863Z"}
info: HTTP POST /boards/5f96b56bbf5f93b11fc3af30/tasks {"meta":{"req":{"url":"/boards/5f96b56bbf5f93b11fc3af30/tasks","query":{},"body":{"title":"Task #5","order":5,"description":"Lorem ipsum","boardId":"5f96b56bbf5f93b11fc3af30","userId":null,"columnId":null}},"res":{"statusCode":200},"responseTime":357},"timestamp":"2020-10-26T11:39:23.890Z"}
info: HTTP GET /boards/5f96b56bbf5f93b11fc3af30/tasks/5f96b56bbf5f93b11fc3af31 {"meta":{"req":{"url":"/boards/5f96b56bbf5f93b11fc3af30/tasks/5f96b56bbf5f93b11fc3af31","query":{}},"res":{"statusCode":200},"responseTime":161},"timestamp":"2020-10-26T11:39:24.054Z"}
info: HTTP GET /boards/5f96b56bbf5f93b11fc3af30/tasks/5f96b56bbf5f93b11fc3af32 {"meta":{"req":{"url":"/boards/5f96b56bbf5f93b11fc3af30/tasks/5f96b56bbf5f93b11fc3af32","query":{}},"res":{"statusCode":200},"responseTime":173},"timestamp":"2020-10-26T11:39:24.067Z"}
info: HTTP GET /boards/5f96b56bbf5f93b11fc3af30/tasks/5f96b56bbf5f93b11fc3af33 {"meta":{"req":{"url":"/boards/5f96b56bbf5f93b11fc3af30/tasks/5f96b56bbf5f93b11fc3af33","query":{}},"res":{"statusCode":200},"responseTime":239},"timestamp":"2020-10-26T11:39:24.134Z"}
info: HTTP GET /boards/5f96b56bbf5f93b11fc3af30/tasks/5f96b56bbf5f93b11fc3af34 {"meta":{"req":{"url":"/boards/5f96b56bbf5f93b11fc3af30/tasks/5f96b56bbf5f93b11fc3af34","query":{}},"res":{"statusCode":200},"responseTime":321},"timestamp":"2020-10-26T11:39:24.217Z"}
info: HTTP GET /boards/5f96b56bbf5f93b11fc3af30/tasks/5f96b56bbf5f93b11fc3af35 {"meta":{"req":{"url":"/boards/5f96b56bbf5f93b11fc3af30/tasks/5f96b56bbf5f93b11fc3af35","query":{}},"res":{"statusCode":200},"responseTime":340},"timestamp":"2020-10-26T11:39:24.238Z"}
info: HTTP DELETE /users/5f96b56bbf5f93b11fc3af2f {"meta":{"req":{"url":"/users/5f96b56bbf5f93b11fc3af2f","query":{}},"res":{"statusCode":200},"responseTime":690},"timestamp":"2020-10-26T11:39:24.311Z"}
info: HTTP DELETE /boards/5f96b56bbf5f93b11fc3af30 {"meta":{"req":{"url":"/boards/5f96b56bbf5f93b11fc3af30","query":{}},"res":{"statusCode":200},"responseTime":336},"timestamp":"2020-10-26T11:39:24.575Z"}
info: HTTP POST /users {"meta":{"req":{"url":"/users","query":{},"body":{"name":"TEST_USER","login":"test_user","password":"T35t_P@55w0rd"}},"res":{"statusCode":200},"responseTime":340},"timestamp":"2020-10-26T11:39:24.655Z"}
info: HTTP GET /boards/5f96b56bbf5f93b11fc3af30/tasks/5f96b56bbf5f93b11fc3af31 {"meta":{"req":{"url":"/boards/5f96b56bbf5f93b11fc3af30/tasks/5f96b56bbf5f93b11fc3af31","query":{}},"res":{"statusCode":404},"responseTime":164},"timestamp":"2020-10-26T11:39:24.743Z"}
info: HTTP GET /boards/5f96b56bbf5f93b11fc3af30/tasks/5f96b56bbf5f93b11fc3af32 {"meta":{"req":{"url":"/boards/5f96b56bbf5f93b11fc3af30/tasks/5f96b56bbf5f93b11fc3af32","query":{}},"res":{"statusCode":404},"responseTime":173},"timestamp":"2020-10-26T11:39:24.752Z"}
info: HTTP GET /boards/5f96b56bbf5f93b11fc3af30/tasks/5f96b56bbf5f93b11fc3af34 {"meta":{"req":{"url":"/boards/5f96b56bbf5f93b11fc3af30/tasks/5f96b56bbf5f93b11fc3af34","query":{}},"res":{"statusCode":404},"responseTime":173},"timestamp":"2020-10-26T11:39:24.754Z"}
info: HTTP GET /boards/5f96b56bbf5f93b11fc3af30/tasks/5f96b56bbf5f93b11fc3af35 {"meta":{"req":{"url":"/boards/5f96b56bbf5f93b11fc3af30/tasks/5f96b56bbf5f93b11fc3af35","query":{}},"res":{"statusCode":404},"responseTime":174},"timestamp":"2020-10-26T11:39:24.755Z"}
info: HTTP GET /boards/5f96b56bbf5f93b11fc3af30/tasks/5f96b56bbf5f93b11fc3af33 {"meta":{"req":{"url":"/boards/5f96b56bbf5f93b11fc3af30/tasks/5f96b56bbf5f93b11fc3af33","query":{}},"res":{"statusCode":404},"responseTime":177},"timestamp":"2020-10-26T11:39:24.757Z"}
info: HTTP POST /boards {"meta":{"req":{"url":"/boards","query":{},"body":{"title":"Autotest board","columns":[{"title":"Backlog","order":1},{"title":"Sprint","order":2}]}},"res":{"statusCode":200},"responseTime":179},"timestamp":"2020-10-26T11:39:24.837Z"}
info: HTTP POST /boards/5f96b56cbf5f93b11fc3af37/tasks {"meta":{"req":{"url":"/boards/5f96b56cbf5f93b11fc3af37/tasks","query":{},"body":{"title":"Task #1","order":1,"description":"Lorem ipsum","userId":"5f96b56cbf5f93b11fc3af36","boardId":"5f96b56cbf5f93b11fc3af37"}},"res":{"statusCode":200},"responseTime":170},"timestamp":"2020-10-26T11:39:25.011Z"}
info: HTTP POST /boards/5f96b56cbf5f93b11fc3af37/tasks {"meta":{"req":{"url":"/boards/5f96b56cbf5f93b11fc3af37/tasks","query":{},"body":{"title":"Task #2","order":2,"description":"Lorem ipsum","userId":"5f96b56cbf5f93b11fc3af36","boardId":"5f96b56cbf5f93b11fc3af37"}},"res":{"statusCode":200},"responseTime":174},"timestamp":"2020-10-26T11:39:25.013Z"}
info: HTTP DELETE /boards/5f96b567bf5f93b11fc3af25 {"meta":{"req":{"url":"/boards/5f96b567bf5f93b11fc3af25","query":{}},"res":{"statusCode":200},"responseTime":345},"timestamp":"2020-10-26T11:39:25.104Z"}
info: HTTP DELETE /users/5f96b56cbf5f93b11fc3af36 {"meta":{"req":{"url":"/users/5f96b56cbf5f93b11fc3af36","query":{}},"res":{"statusCode":200},"responseTime":360},"timestamp":"2020-10-26T11:39:25.376Z"}
info: HTTP GET /boards/5f96b56cbf5f93b11fc3af37/tasks/5f96b56cbf5f93b11fc3af39 {"meta":{"req":{"url":"/boards/5f96b56cbf5f93b11fc3af37/tasks/5f96b56cbf5f93b11fc3af39","query":{}},"res":{"statusCode":200},"responseTime":174},"timestamp":"2020-10-26T11:39:25.552Z"}
info: HTTP GET /boards/5f96b56cbf5f93b11fc3af37/tasks/5f96b56cbf5f93b11fc3af38 {"meta":{"req":{"url":"/boards/5f96b56cbf5f93b11fc3af37/tasks/5f96b56cbf5f93b11fc3af38","query":{}},"res":{"statusCode":200},"responseTime":172},"timestamp":"2020-10-26T11:39:25.726Z"}
info: HTTP DELETE /boards/5f96b56cbf5f93b11fc3af37/tasks/5f96b56cbf5f93b11fc3af38 {"meta":{"req":{"url":"/boards/5f96b56cbf5f93b11fc3af37/tasks/5f96b56cbf5f93b11fc3af38","query":{}},"res":{"statusCode":200},"responseTime":171},"timestamp":"2020-10-26T11:39:25.902Z"}
info: HTTP DELETE /boards/5f96b56cbf5f93b11fc3af37/tasks/5f96b56cbf5f93b11fc3af39 {"meta":{"req":{"url":"/boards/5f96b56cbf5f93b11fc3af37/tasks/5f96b56cbf5f93b11fc3af39","query":{}},"res":{"statusCode":200},"responseTime":177},"timestamp":"2020-10-26T11:39:25.906Z"}
info: HTTP DELETE /boards/5f96b56cbf5f93b11fc3af37 {"meta":{"req":{"url":"/boards/5f96b56cbf5f93b11fc3af37","query":{}},"res":{"statusCode":200},"responseTime":321},"timestamp":"2020-10-26T11:39:26.230Z"}
