error: uncaughtException: Invalid transport, must be an object with a log method.
Error: Invalid transport, must be an object with a log method.
    at new LegacyTransportStream (/Users/sasha/Documents/Code/NodeJS-RSS/node_modules/winston-transport/legacy.js:18:11)
    at DerivedLogger.add (/Users/sasha/Documents/Code/NodeJS-RSS/node_modules/winston/lib/winston/logger.js:345:11)
    at /Users/sasha/Documents/Code/NodeJS-RSS/node_modules/winston/lib/winston/logger.js:118:44
    at Array.forEach (<anonymous>)
    at DerivedLogger.configure (/Users/sasha/Documents/Code/NodeJS-RSS/node_modules/winston/lib/winston/logger.js:118:18)
    at new Logger (/Users/sasha/Documents/Code/NodeJS-RSS/node_modules/winston/lib/winston/logger.js:42:10)
    at new DerivedLogger (/Users/sasha/Documents/Code/NodeJS-RSS/node_modules/winston/lib/winston/create-logger.js:44:7)
    at Object.module.exports [as createLogger] (/Users/sasha/Documents/Code/NodeJS-RSS/node_modules/winston/lib/winston/create-logger.js:48:18)
    at Object.errorLogger (/Users/sasha/Documents/Code/NodeJS-RSS/node_modules/express-winston/index.js:176:67)
    at Object.<anonymous> (/Users/sasha/Documents/Code/NodeJS-RSS/src/configs/logger.js:33:36) {"error":{},"stack":"Error: Invalid transport, must be an object with a log method.\n    at new LegacyTransportStream (/Users/sasha/Documents/Code/NodeJS-RSS/node_modules/winston-transport/legacy.js:18:11)\n    at DerivedLogger.add (/Users/sasha/Documents/Code/NodeJS-RSS/node_modules/winston/lib/winston/logger.js:345:11)\n    at /Users/sasha/Documents/Code/NodeJS-RSS/node_modules/winston/lib/winston/logger.js:118:44\n    at Array.forEach (<anonymous>)\n    at DerivedLogger.configure (/Users/sasha/Documents/Code/NodeJS-RSS/node_modules/winston/lib/winston/logger.js:118:18)\n    at new Logger (/Users/sasha/Documents/Code/NodeJS-RSS/node_modules/winston/lib/winston/logger.js:42:10)\n    at new DerivedLogger (/Users/sasha/Documents/Code/NodeJS-RSS/node_modules/winston/lib/winston/create-logger.js:44:7)\n    at Object.module.exports [as createLogger] (/Users/sasha/Documents/Code/NodeJS-RSS/node_modules/winston/lib/winston/create-logger.js:48:18)\n    at Object.errorLogger (/Users/sasha/Documents/Code/NodeJS-RSS/node_modules/express-winston/index.js:176:67)\n    at Object.<anonymous> (/Users/sasha/Documents/Code/NodeJS-RSS/src/configs/logger.js:33:36)","exception":true,"date":"Sun Oct 18 2020 20:04:39 GMT+0300 (Moscow Standard Time)","process":{"pid":42232,"uid":502,"gid":20,"cwd":"/Users/sasha/Documents/Code/NodeJS-RSS","execPath":"/usr/local/bin/node","version":"v12.18.3","argv":["/usr/local/bin/node","/Users/sasha/Documents/Code/NodeJS-RSS/src/server.js"],"memoryUsage":{"rss":52035584,"heapTotal":32268288,"heapUsed":19350208,"external":2065412,"arrayBuffers":771226}},"os":{"loadavg":[9.19140625,3.3046875,2.19384765625],"uptime":4417977},"trace":[{"column":11,"file":"/Users/sasha/Documents/Code/NodeJS-RSS/node_modules/winston-transport/legacy.js","function":"new LegacyTransportStream","line":18,"method":null,"native":false},{"column":11,"file":"/Users/sasha/Documents/Code/NodeJS-RSS/node_modules/winston/lib/winston/logger.js","function":"DerivedLogger.add","line":345,"method":"add","native":false},{"column":44,"file":"/Users/sasha/Documents/Code/NodeJS-RSS/node_modules/winston/lib/winston/logger.js","function":null,"line":118,"method":null,"native":false},{"column":null,"file":null,"function":"Array.forEach","line":null,"method":"forEach","native":false},{"column":18,"file":"/Users/sasha/Documents/Code/NodeJS-RSS/node_modules/winston/lib/winston/logger.js","function":"DerivedLogger.configure","line":118,"method":"configure","native":false},{"column":10,"file":"/Users/sasha/Documents/Code/NodeJS-RSS/node_modules/winston/lib/winston/logger.js","function":"new Logger","line":42,"method":null,"native":false},{"column":7,"file":"/Users/sasha/Documents/Code/NodeJS-RSS/node_modules/winston/lib/winston/create-logger.js","function":"new DerivedLogger","line":44,"method":null,"native":false},{"column":18,"file":"/Users/sasha/Documents/Code/NodeJS-RSS/node_modules/winston/lib/winston/create-logger.js","function":"Object.module.exports [as createLogger]","line":48,"method":"exports [as createLogger]","native":false},{"column":67,"file":"/Users/sasha/Documents/Code/NodeJS-RSS/node_modules/express-winston/index.js","function":"Object.errorLogger","line":176,"method":"errorLogger","native":false},{"column":36,"file":"/Users/sasha/Documents/Code/NodeJS-RSS/src/configs/logger.js","function":null,"line":33,"method":null,"native":false}],"timestamp":"2020-10-18T17:04:39.913Z"}
error: uncaughtException: Eror
Error: Eror
    at Object.<anonymous> (/Users/sasha/Documents/Code/NodeJS-RSS/src/app.js:43:7)
    at Module._compile (internal/modules/cjs/loader.js:1137:30)
    at Object.Module._extensions..js (internal/modules/cjs/loader.js:1157:10)
    at Module.load (internal/modules/cjs/loader.js:985:32)
    at Function.Module._load (internal/modules/cjs/loader.js:878:14)
    at Module.require (internal/modules/cjs/loader.js:1025:19)
    at require (internal/modules/cjs/helpers.js:72:18)
    at Object.<anonymous> (/Users/sasha/Documents/Code/NodeJS-RSS/src/server.js:2:13)
    at Module._compile (internal/modules/cjs/loader.js:1137:30)
    at Object.Module._extensions..js (internal/modules/cjs/loader.js:1157:10) {"error":{},"stack":"Error: Eror\n    at Object.<anonymous> (/Users/sasha/Documents/Code/NodeJS-RSS/src/app.js:43:7)\n    at Module._compile (internal/modules/cjs/loader.js:1137:30)\n    at Object.Module._extensions..js (internal/modules/cjs/loader.js:1157:10)\n    at Module.load (internal/modules/cjs/loader.js:985:32)\n    at Function.Module._load (internal/modules/cjs/loader.js:878:14)\n    at Module.require (internal/modules/cjs/loader.js:1025:19)\n    at require (internal/modules/cjs/helpers.js:72:18)\n    at Object.<anonymous> (/Users/sasha/Documents/Code/NodeJS-RSS/src/server.js:2:13)\n    at Module._compile (internal/modules/cjs/loader.js:1137:30)\n    at Object.Module._extensions..js (internal/modules/cjs/loader.js:1157:10)","exception":true,"date":"Sun Oct 18 2020 20:08:23 GMT+0300 (Moscow Standard Time)","process":{"pid":42284,"uid":502,"gid":20,"cwd":"/Users/sasha/Documents/Code/NodeJS-RSS","execPath":"/usr/local/bin/node","version":"v12.18.3","argv":["/usr/local/bin/node","/Users/sasha/Documents/Code/NodeJS-RSS/src/server.js"],"memoryUsage":{"rss":54468608,"heapTotal":32006144,"heapUsed":21723728,"external":2079298,"arrayBuffers":785112}},"os":{"loadavg":[1.5478515625,2.22119140625,1.96728515625],"uptime":4418201},"trace":[{"column":7,"file":"/Users/sasha/Documents/Code/NodeJS-RSS/src/app.js","function":null,"line":43,"method":null,"native":false},{"column":30,"file":"internal/modules/cjs/loader.js","function":"Module._compile","line":1137,"method":"_compile","native":false},{"column":10,"file":"internal/modules/cjs/loader.js","function":"Module._extensions..js","line":1157,"method":".js","native":false},{"column":32,"file":"internal/modules/cjs/loader.js","function":"Module.load","line":985,"method":"load","native":false},{"column":14,"file":"internal/modules/cjs/loader.js","function":"Module._load","line":878,"method":"_load","native":false},{"column":19,"file":"internal/modules/cjs/loader.js","function":"Module.require","line":1025,"method":"require","native":false},{"column":18,"file":"internal/modules/cjs/helpers.js","function":"require","line":72,"method":null,"native":false},{"column":13,"file":"/Users/sasha/Documents/Code/NodeJS-RSS/src/server.js","function":null,"line":2,"method":null,"native":false},{"column":30,"file":"internal/modules/cjs/loader.js","function":"Module._compile","line":1137,"method":"_compile","native":false},{"column":10,"file":"internal/modules/cjs/loader.js","function":"Module._extensions..js","line":1157,"method":".js","native":false}],"timestamp":"2020-10-18T17:08:23.895Z"}
error: uncaughtException: Error
Error: Error
    at Object.<anonymous> (/Users/sasha/Documents/Code/NodeJS-RSS/src/app.js:43:7)
    at Module._compile (internal/modules/cjs/loader.js:1137:30)
    at Object.Module._extensions..js (internal/modules/cjs/loader.js:1157:10)
    at Module.load (internal/modules/cjs/loader.js:985:32)
    at Function.Module._load (internal/modules/cjs/loader.js:878:14)
    at Module.require (internal/modules/cjs/loader.js:1025:19)
    at require (internal/modules/cjs/helpers.js:72:18)
    at Object.<anonymous> (/Users/sasha/Documents/Code/NodeJS-RSS/src/server.js:2:13)
    at Module._compile (internal/modules/cjs/loader.js:1137:30)
    at Object.Module._extensions..js (internal/modules/cjs/loader.js:1157:10) {"error":{},"stack":"Error: Error\n    at Object.<anonymous> (/Users/sasha/Documents/Code/NodeJS-RSS/src/app.js:43:7)\n    at Module._compile (internal/modules/cjs/loader.js:1137:30)\n    at Object.Module._extensions..js (internal/modules/cjs/loader.js:1157:10)\n    at Module.load (internal/modules/cjs/loader.js:985:32)\n    at Function.Module._load (internal/modules/cjs/loader.js:878:14)\n    at Module.require (internal/modules/cjs/loader.js:1025:19)\n    at require (internal/modules/cjs/helpers.js:72:18)\n    at Object.<anonymous> (/Users/sasha/Documents/Code/NodeJS-RSS/src/server.js:2:13)\n    at Module._compile (internal/modules/cjs/loader.js:1137:30)\n    at Object.Module._extensions..js (internal/modules/cjs/loader.js:1157:10)","exception":true,"date":"Sun Oct 18 2020 20:09:11 GMT+0300 (Moscow Standard Time)","process":{"pid":42294,"uid":502,"gid":20,"cwd":"/Users/sasha/Documents/Code/NodeJS-RSS","execPath":"/usr/local/bin/node","version":"v12.18.3","argv":["/usr/local/bin/node","/Users/sasha/Documents/Code/NodeJS-RSS/src/server.js"],"memoryUsage":{"rss":54222848,"heapTotal":32006144,"heapUsed":21615528,"external":2079298,"arrayBuffers":785112}},"os":{"loadavg":[1.54150390625,2.13330078125,1.94970703125],"uptime":4418249},"trace":[{"column":7,"file":"/Users/sasha/Documents/Code/NodeJS-RSS/src/app.js","function":null,"line":43,"method":null,"native":false},{"column":30,"file":"internal/modules/cjs/loader.js","function":"Module._compile","line":1137,"method":"_compile","native":false},{"column":10,"file":"internal/modules/cjs/loader.js","function":"Module._extensions..js","line":1157,"method":".js","native":false},{"column":32,"file":"internal/modules/cjs/loader.js","function":"Module.load","line":985,"method":"load","native":false},{"column":14,"file":"internal/modules/cjs/loader.js","function":"Module._load","line":878,"method":"_load","native":false},{"column":19,"file":"internal/modules/cjs/loader.js","function":"Module.require","line":1025,"method":"require","native":false},{"column":18,"file":"internal/modules/cjs/helpers.js","function":"require","line":72,"method":null,"native":false},{"column":13,"file":"/Users/sasha/Documents/Code/NodeJS-RSS/src/server.js","function":null,"line":2,"method":null,"native":false},{"column":30,"file":"internal/modules/cjs/loader.js","function":"Module._compile","line":1137,"method":"_compile","native":false},{"column":10,"file":"internal/modules/cjs/loader.js","function":"Module._extensions..js","line":1157,"method":".js","native":false}],"timestamp":"2020-10-18T17:09:11.125Z"}
error: uncaughtException: Error
Error: Error
    at Object.<anonymous> (/Users/sasha/Documents/Code/NodeJS-RSS/src/app.js:43:7)
    at Module._compile (internal/modules/cjs/loader.js:1137:30)
    at Object.Module._extensions..js (internal/modules/cjs/loader.js:1157:10)
    at Module.load (internal/modules/cjs/loader.js:985:32)
    at Function.Module._load (internal/modules/cjs/loader.js:878:14)
    at Module.require (internal/modules/cjs/loader.js:1025:19)
    at require (internal/modules/cjs/helpers.js:72:18)
    at Object.<anonymous> (/Users/sasha/Documents/Code/NodeJS-RSS/src/server.js:2:13)
    at Module._compile (internal/modules/cjs/loader.js:1137:30)
    at Object.Module._extensions..js (internal/modules/cjs/loader.js:1157:10) {"error":{},"stack":"Error: Error\n    at Object.<anonymous> (/Users/sasha/Documents/Code/NodeJS-RSS/src/app.js:43:7)\n    at Module._compile (internal/modules/cjs/loader.js:1137:30)\n    at Object.Module._extensions..js (internal/modules/cjs/loader.js:1157:10)\n    at Module.load (internal/modules/cjs/loader.js:985:32)\n    at Function.Module._load (internal/modules/cjs/loader.js:878:14)\n    at Module.require (internal/modules/cjs/loader.js:1025:19)\n    at require (internal/modules/cjs/helpers.js:72:18)\n    at Object.<anonymous> (/Users/sasha/Documents/Code/NodeJS-RSS/src/server.js:2:13)\n    at Module._compile (internal/modules/cjs/loader.js:1137:30)\n    at Object.Module._extensions..js (internal/modules/cjs/loader.js:1157:10)","exception":true,"date":"Sun Oct 18 2020 20:10:01 GMT+0300 (Moscow Standard Time)","process":{"pid":42304,"uid":502,"gid":20,"cwd":"/Users/sasha/Documents/Code/NodeJS-RSS","execPath":"/usr/local/bin/node","version":"v12.18.3","argv":["/usr/local/bin/node","/Users/sasha/Documents/Code/NodeJS-RSS/src/server.js"],"memoryUsage":{"rss":51740672,"heapTotal":32006144,"heapUsed":21540960,"external":2071106,"arrayBuffers":776920}},"os":{"loadavg":[2.35107421875,2.28076171875,2.01171875],"uptime":4418299},"trace":[{"column":7,"file":"/Users/sasha/Documents/Code/NodeJS-RSS/src/app.js","function":null,"line":43,"method":null,"native":false},{"column":30,"file":"internal/modules/cjs/loader.js","function":"Module._compile","line":1137,"method":"_compile","native":false},{"column":10,"file":"internal/modules/cjs/loader.js","function":"Module._extensions..js","line":1157,"method":".js","native":false},{"column":32,"file":"internal/modules/cjs/loader.js","function":"Module.load","line":985,"method":"load","native":false},{"column":14,"file":"internal/modules/cjs/loader.js","function":"Module._load","line":878,"method":"_load","native":false},{"column":19,"file":"internal/modules/cjs/loader.js","function":"Module.require","line":1025,"method":"require","native":false},{"column":18,"file":"internal/modules/cjs/helpers.js","function":"require","line":72,"method":null,"native":false},{"column":13,"file":"/Users/sasha/Documents/Code/NodeJS-RSS/src/server.js","function":null,"line":2,"method":null,"native":false},{"column":30,"file":"internal/modules/cjs/loader.js","function":"Module._compile","line":1137,"method":"_compile","native":false},{"column":10,"file":"internal/modules/cjs/loader.js","function":"Module._extensions..js","line":1157,"method":".js","native":false}],"timestamp":"2020-10-18T17:10:01.072Z"}
error: uncaughtException: Oops!
Error: Oops!
    at Object.<anonymous> (/Users/sasha/Documents/Code/NodeJS-RSS/src/app.js:42:16)
    at Module._compile (internal/modules/cjs/loader.js:1137:30)
    at Object.Module._extensions..js (internal/modules/cjs/loader.js:1157:10)
    at Module.load (internal/modules/cjs/loader.js:985:32)
    at Function.Module._load (internal/modules/cjs/loader.js:878:14)
    at Module.require (internal/modules/cjs/loader.js:1025:19)
    at require (internal/modules/cjs/helpers.js:72:18)
    at Object.<anonymous> (/Users/sasha/Documents/Code/NodeJS-RSS/src/server.js:2:13)
    at Module._compile (internal/modules/cjs/loader.js:1137:30)
    at Object.Module._extensions..js (internal/modules/cjs/loader.js:1157:10) {"error":{},"stack":"Error: Oops!\n    at Object.<anonymous> (/Users/sasha/Documents/Code/NodeJS-RSS/src/app.js:42:16)\n    at Module._compile (internal/modules/cjs/loader.js:1137:30)\n    at Object.Module._extensions..js (internal/modules/cjs/loader.js:1157:10)\n    at Module.load (internal/modules/cjs/loader.js:985:32)\n    at Function.Module._load (internal/modules/cjs/loader.js:878:14)\n    at Module.require (internal/modules/cjs/loader.js:1025:19)\n    at require (internal/modules/cjs/helpers.js:72:18)\n    at Object.<anonymous> (/Users/sasha/Documents/Code/NodeJS-RSS/src/server.js:2:13)\n    at Module._compile (internal/modules/cjs/loader.js:1137:30)\n    at Object.Module._extensions..js (internal/modules/cjs/loader.js:1157:10)","exception":true,"date":"Sun Oct 18 2020 20:12:16 GMT+0300 (Moscow Standard Time)","process":{"pid":42336,"uid":502,"gid":20,"cwd":"/Users/sasha/Documents/Code/NodeJS-RSS","execPath":"/usr/local/bin/node","version":"v12.18.3","argv":["/usr/local/bin/node","/Users/sasha/Documents/Code/NodeJS-RSS/src/server.js"],"memoryUsage":{"rss":52473856,"heapTotal":32268288,"heapUsed":21797552,"external":2097630,"arrayBuffers":785112}},"os":{"loadavg":[1.88525390625,2.09814453125,1.97265625],"uptime":4418434},"trace":[{"column":16,"file":"/Users/sasha/Documents/Code/NodeJS-RSS/src/app.js","function":null,"line":42,"method":null,"native":false},{"column":30,"file":"internal/modules/cjs/loader.js","function":"Module._compile","line":1137,"method":"_compile","native":false},{"column":10,"file":"internal/modules/cjs/loader.js","function":"Module._extensions..js","line":1157,"method":".js","native":false},{"column":32,"file":"internal/modules/cjs/loader.js","function":"Module.load","line":985,"method":"load","native":false},{"column":14,"file":"internal/modules/cjs/loader.js","function":"Module._load","line":878,"method":"_load","native":false},{"column":19,"file":"internal/modules/cjs/loader.js","function":"Module.require","line":1025,"method":"require","native":false},{"column":18,"file":"internal/modules/cjs/helpers.js","function":"require","line":72,"method":null,"native":false},{"column":13,"file":"/Users/sasha/Documents/Code/NodeJS-RSS/src/server.js","function":null,"line":2,"method":null,"native":false},{"column":30,"file":"internal/modules/cjs/loader.js","function":"Module._compile","line":1137,"method":"_compile","native":false},{"column":10,"file":"internal/modules/cjs/loader.js","function":"Module._extensions..js","line":1157,"method":".js","native":false}],"timestamp":"2020-10-18T17:12:16.063Z"}
error: uncaughtException: next is not a function
TypeError: next is not a function
    at Object.error (/Users/sasha/Documents/Code/NodeJS-RSS/node_modules/express-winston/index.js:238:9)
    at process.<anonymous> (/Users/sasha/Documents/Code/NodeJS-RSS/src/app.js:13:10)
    at process.emit (events.js:315:20)
    at processPromiseRejections (internal/process/promises.js:209:33)
    at processTicksAndRejections (internal/process/task_queues.js:98:32) {"error":{},"stack":"TypeError: next is not a function\n    at Object.error (/Users/sasha/Documents/Code/NodeJS-RSS/node_modules/express-winston/index.js:238:9)\n    at process.<anonymous> (/Users/sasha/Documents/Code/NodeJS-RSS/src/app.js:13:10)\n    at process.emit (events.js:315:20)\n    at processPromiseRejections (internal/process/promises.js:209:33)\n    at processTicksAndRejections (internal/process/task_queues.js:98:32)","exception":true,"date":"Sun Oct 18 2020 20:16:33 GMT+0300 (Moscow Standard Time)","process":{"pid":42375,"uid":502,"gid":20,"cwd":"/Users/sasha/Documents/Code/NodeJS-RSS","execPath":"/usr/local/bin/node","version":"v12.18.3","argv":["/usr/local/bin/node","/Users/sasha/Documents/Code/NodeJS-RSS/src/server.js"],"memoryUsage":{"rss":55156736,"heapTotal":32268288,"heapUsed":21910520,"external":2097694,"arrayBuffers":785136}},"os":{"loadavg":[1.099609375,1.6591796875,1.8115234375],"uptime":4418691},"trace":[{"column":9,"file":"/Users/sasha/Documents/Code/NodeJS-RSS/node_modules/express-winston/index.js","function":"Object.error","line":238,"method":"error","native":false},{"column":10,"file":"/Users/sasha/Documents/Code/NodeJS-RSS/src/app.js","function":null,"line":13,"method":null,"native":false},{"column":20,"file":"events.js","function":"process.emit","line":315,"method":"emit","native":false},{"column":33,"file":"internal/process/promises.js","function":"processPromiseRejections","line":209,"method":null,"native":false},{"column":32,"file":"internal/process/task_queues.js","function":"processTicksAndRejections","line":98,"method":null,"native":false}],"timestamp":"2020-10-18T17:16:33.698Z"}
error: uncaughtException: next is not a function
TypeError: next is not a function
    at Object.error (/Users/sasha/Documents/Code/NodeJS-RSS/node_modules/express-winston/index.js:238:9)
    at process.<anonymous> (/Users/sasha/Documents/Code/NodeJS-RSS/src/app.js:13:10)
    at process.emit (events.js:315:20)
    at processPromiseRejections (internal/process/promises.js:209:33)
    at processTicksAndRejections (internal/process/task_queues.js:98:32) {"error":{},"stack":"TypeError: next is not a function\n    at Object.error (/Users/sasha/Documents/Code/NodeJS-RSS/node_modules/express-winston/index.js:238:9)\n    at process.<anonymous> (/Users/sasha/Documents/Code/NodeJS-RSS/src/app.js:13:10)\n    at process.emit (events.js:315:20)\n    at processPromiseRejections (internal/process/promises.js:209:33)\n    at processTicksAndRejections (internal/process/task_queues.js:98:32)","exception":true,"date":"Sun Oct 18 2020 20:16:42 GMT+0300 (Moscow Standard Time)","process":{"pid":42382,"uid":502,"gid":20,"cwd":"/Users/sasha/Documents/Code/NodeJS-RSS","execPath":"/usr/local/bin/node","version":"v12.18.3","argv":["/usr/local/bin/node","/Users/sasha/Documents/Code/NodeJS-RSS/src/server.js"],"memoryUsage":{"rss":53547008,"heapTotal":32268288,"heapUsed":21805496,"external":2089502,"arrayBuffers":776944}},"os":{"loadavg":[1.083984375,1.63671875,1.8017578125],"uptime":4418700},"trace":[{"column":9,"file":"/Users/sasha/Documents/Code/NodeJS-RSS/node_modules/express-winston/index.js","function":"Object.error","line":238,"method":"error","native":false},{"column":10,"file":"/Users/sasha/Documents/Code/NodeJS-RSS/src/app.js","function":null,"line":13,"method":null,"native":false},{"column":20,"file":"events.js","function":"process.emit","line":315,"method":"emit","native":false},{"column":33,"file":"internal/process/promises.js","function":"processPromiseRejections","line":209,"method":null,"native":false},{"column":32,"file":"internal/process/task_queues.js","function":"processTicksAndRejections","line":98,"method":null,"native":false}],"timestamp":"2020-10-18T17:16:42.912Z"}
error: uncaughtException: Error: Oops!
    at Object.<anonymous> (/Users/sasha/Documents/Code/NodeJS-RSS/src/app.js:42:16)
    at Module._compile (internal/modules/cjs/loader.js:1137:30)
    at Object.Module._extensions..js (internal/modules/cjs/loader.js:1157:10)
    at Module.load (internal/modules/cjs/loader.js:985:32)
    at Function.Module._load (internal/modules/cjs/loader.js:878:14)
    at Module.require (internal/modules/cjs/loader.js:1025:19)
    at require (internal/modules/cjs/helpers.js:72:18)
    at Object.<anonymous> (/Users/sasha/Documents/Code/NodeJS-RSS/src/server.js:2:13)
    at Module._compile (internal/modules/cjs/loader.js:1137:30)
    at Object.Module._extensions..js (internal/modules/cjs/loader.js:1157:10)
  No stack trace {"error":"Error: Oops!\n    at Object.<anonymous> (/Users/sasha/Documents/Code/NodeJS-RSS/src/app.js:42:16)\n    at Module._compile (internal/modules/cjs/loader.js:1137:30)\n    at Object.Module._extensions..js (internal/modules/cjs/loader.js:1157:10)\n    at Module.load (internal/modules/cjs/loader.js:985:32)\n    at Function.Module._load (internal/modules/cjs/loader.js:878:14)\n    at Module.require (internal/modules/cjs/loader.js:1025:19)\n    at require (internal/modules/cjs/helpers.js:72:18)\n    at Object.<anonymous> (/Users/sasha/Documents/Code/NodeJS-RSS/src/server.js:2:13)\n    at Module._compile (internal/modules/cjs/loader.js:1137:30)\n    at Object.Module._extensions..js (internal/modules/cjs/loader.js:1157:10)","exception":true,"date":"Sun Oct 18 2020 20:17:34 GMT+0300 (Moscow Standard Time)","process":{"pid":42387,"uid":502,"gid":20,"cwd":"/Users/sasha/Documents/Code/NodeJS-RSS","execPath":"/usr/local/bin/node","version":"v12.18.3","argv":["/usr/local/bin/node","/Users/sasha/Documents/Code/NodeJS-RSS/src/server.js"],"memoryUsage":{"rss":53399552,"heapTotal":32268288,"heapUsed":21799104,"external":2097630,"arrayBuffers":785112}},"os":{"loadavg":[2.39892578125,1.9560546875,1.9111328125],"uptime":4418752},"trace":[],"timestamp":"2020-10-18T17:17:34.773Z"}
error: uncaughtException: unhandledRejection
Error: unhandledRejection
    at process.<anonymous> (/Users/sasha/Documents/Code/NodeJS-RSS/src/app.js:13:9)
    at process.emit (events.js:315:20)
    at processPromiseRejections (internal/process/promises.js:209:33)
    at processTicksAndRejections (internal/process/task_queues.js:98:32) {"error":{},"stack":"Error: unhandledRejection\n    at process.<anonymous> (/Users/sasha/Documents/Code/NodeJS-RSS/src/app.js:13:9)\n    at process.emit (events.js:315:20)\n    at processPromiseRejections (internal/process/promises.js:209:33)\n    at processTicksAndRejections (internal/process/task_queues.js:98:32)","exception":true,"date":"Sun Oct 18 2020 20:18:23 GMT+0300 (Moscow Standard Time)","process":{"pid":42397,"uid":502,"gid":20,"cwd":"/Users/sasha/Documents/Code/NodeJS-RSS","execPath":"/usr/local/bin/node","version":"v12.18.3","argv":["/usr/local/bin/node","/Users/sasha/Documents/Code/NodeJS-RSS/src/server.js"],"memoryUsage":{"rss":52436992,"heapTotal":32268288,"heapUsed":21767040,"external":2097630,"arrayBuffers":785112}},"os":{"loadavg":[1.85693359375,1.857421875,1.875],"uptime":4418801},"trace":[{"column":9,"file":"/Users/sasha/Documents/Code/NodeJS-RSS/src/app.js","function":null,"line":13,"method":null,"native":false},{"column":20,"file":"events.js","function":"process.emit","line":315,"method":"emit","native":false},{"column":33,"file":"internal/process/promises.js","function":"processPromiseRejections","line":209,"method":null,"native":false},{"column":32,"file":"internal/process/task_queues.js","function":"processTicksAndRejections","line":98,"method":null,"native":false}],"timestamp":"2020-10-18T17:18:23.121Z"}
error: uncaughtException: Error: Oops!
    at Object.<anonymous> (/Users/sasha/Documents/Code/NodeJS-RSS/src/app.js:42:16)
    at Module._compile (internal/modules/cjs/loader.js:1137:30)
    at Object.Module._extensions..js (internal/modules/cjs/loader.js:1157:10)
    at Module.load (internal/modules/cjs/loader.js:985:32)
    at Function.Module._load (internal/modules/cjs/loader.js:878:14)
    at Module.require (internal/modules/cjs/loader.js:1025:19)
    at require (internal/modules/cjs/helpers.js:72:18)
    at Object.<anonymous> (/Users/sasha/Documents/Code/NodeJS-RSS/src/server.js:2:13)
    at Module._compile (internal/modules/cjs/loader.js:1137:30)
    at Object.Module._extensions..js (internal/modules/cjs/loader.js:1157:10)
Error: Error: Oops!
    at Object.<anonymous> (/Users/sasha/Documents/Code/NodeJS-RSS/src/app.js:42:16)
    at Module._compile (internal/modules/cjs/loader.js:1137:30)
    at Object.Module._extensions..js (internal/modules/cjs/loader.js:1157:10)
    at Module.load (internal/modules/cjs/loader.js:985:32)
    at Function.Module._load (internal/modules/cjs/loader.js:878:14)
    at Module.require (internal/modules/cjs/loader.js:1025:19)
    at require (internal/modules/cjs/helpers.js:72:18)
    at Object.<anonymous> (/Users/sasha/Documents/Code/NodeJS-RSS/src/server.js:2:13)
    at Module._compile (internal/modules/cjs/loader.js:1137:30)
    at Object.Module._extensions..js (internal/modules/cjs/loader.js:1157:10)
    at process.<anonymous> (/Users/sasha/Documents/Code/NodeJS-RSS/src/app.js:13:9)
    at process.emit (events.js:315:20)
    at processPromiseRejections (internal/process/promises.js:209:33)
    at processTicksAndRejections (internal/process/task_queues.js:98:32) {"error":{},"stack":"Error: Error: Oops!\n    at Object.<anonymous> (/Users/sasha/Documents/Code/NodeJS-RSS/src/app.js:42:16)\n    at Module._compile (internal/modules/cjs/loader.js:1137:30)\n    at Object.Module._extensions..js (internal/modules/cjs/loader.js:1157:10)\n    at Module.load (internal/modules/cjs/loader.js:985:32)\n    at Function.Module._load (internal/modules/cjs/loader.js:878:14)\n    at Module.require (internal/modules/cjs/loader.js:1025:19)\n    at require (internal/modules/cjs/helpers.js:72:18)\n    at Object.<anonymous> (/Users/sasha/Documents/Code/NodeJS-RSS/src/server.js:2:13)\n    at Module._compile (internal/modules/cjs/loader.js:1137:30)\n    at Object.Module._extensions..js (internal/modules/cjs/loader.js:1157:10)\n    at process.<anonymous> (/Users/sasha/Documents/Code/NodeJS-RSS/src/app.js:13:9)\n    at process.emit (events.js:315:20)\n    at processPromiseRejections (internal/process/promises.js:209:33)\n    at processTicksAndRejections (internal/process/task_queues.js:98:32)","exception":true,"date":"Sun Oct 18 2020 20:18:37 GMT+0300 (Moscow Standard Time)","process":{"pid":42405,"uid":502,"gid":20,"cwd":"/Users/sasha/Documents/Code/NodeJS-RSS","execPath":"/usr/local/bin/node","version":"v12.18.3","argv":["/usr/local/bin/node","/Users/sasha/Documents/Code/NodeJS-RSS/src/server.js"],"memoryUsage":{"rss":53821440,"heapTotal":32268288,"heapUsed":21791224,"external":2097630,"arrayBuffers":785112}},"os":{"loadavg":[1.96484375,1.87841796875,1.8818359375],"uptime":4418815},"trace":[{"column":16,"file":"/Users/sasha/Documents/Code/NodeJS-RSS/src/app.js","function":null,"line":42,"method":null,"native":false},{"column":30,"file":"internal/modules/cjs/loader.js","function":"Module._compile","line":1137,"method":"_compile","native":false},{"column":10,"file":"internal/modules/cjs/loader.js","function":"Module._extensions..js","line":1157,"method":".js","native":false},{"column":32,"file":"internal/modules/cjs/loader.js","function":"Module.load","line":985,"method":"load","native":false},{"column":14,"file":"internal/modules/cjs/loader.js","function":"Module._load","line":878,"method":"_load","native":false},{"column":19,"file":"internal/modules/cjs/loader.js","function":"Module.require","line":1025,"method":"require","native":false},{"column":18,"file":"internal/modules/cjs/helpers.js","function":"require","line":72,"method":null,"native":false},{"column":13,"file":"/Users/sasha/Documents/Code/NodeJS-RSS/src/server.js","function":null,"line":2,"method":null,"native":false},{"column":30,"file":"internal/modules/cjs/loader.js","function":"Module._compile","line":1137,"method":"_compile","native":false},{"column":10,"file":"internal/modules/cjs/loader.js","function":"Module._extensions..js","line":1157,"method":".js","native":false},{"column":9,"file":"/Users/sasha/Documents/Code/NodeJS-RSS/src/app.js","function":null,"line":13,"method":null,"native":false},{"column":20,"file":"events.js","function":"process.emit","line":315,"method":"emit","native":false},{"column":33,"file":"internal/process/promises.js","function":"processPromiseRejections","line":209,"method":null,"native":false},{"column":32,"file":"internal/process/task_queues.js","function":"processTicksAndRejections","line":98,"method":null,"native":false}],"timestamp":"2020-10-18T17:18:37.948Z"}
info: HTTP GET /users {"meta":{"req":{"url":"/users","query":{}},"res":{"statusCode":200},"responseTime":3},"timestamp":"2020-10-18T17:21:02.108Z"}
info: HTTP POST /users {"meta":{"req":{"url":"/users","query":{},"body":{"name":"TEST_USER","login":"test_user","password":"T35t_P@55w0rd"}},"res":{"statusCode":200},"responseTime":1},"timestamp":"2020-10-18T17:21:02.123Z"}
info: HTTP GET /users/36f15bcb-16d7-4e67-bcb8-19a68986b298 {"meta":{"req":{"url":"/users/36f15bcb-16d7-4e67-bcb8-19a68986b298","query":{}},"res":{"statusCode":200},"responseTime":0},"timestamp":"2020-10-18T17:21:02.126Z"}
info: HTTP DELETE /users/36f15bcb-16d7-4e67-bcb8-19a68986b298 {"meta":{"req":{"url":"/users/36f15bcb-16d7-4e67-bcb8-19a68986b298","query":{}},"res":{"statusCode":200},"responseTime":0},"timestamp":"2020-10-18T17:21:02.128Z"}
info: HTTP POST /users {"meta":{"req":{"url":"/users","query":{},"body":{"name":"TEST_USER","login":"test_user","password":"T35t_P@55w0rd"}},"res":{"statusCode":200},"responseTime":1},"timestamp":"2020-10-18T17:21:02.130Z"}
info: HTTP DELETE /users/9b192e76-2e68-40de-8159-4242426727e5 {"meta":{"req":{"url":"/users/9b192e76-2e68-40de-8159-4242426727e5","query":{}},"res":{"statusCode":200},"responseTime":0},"timestamp":"2020-10-18T17:21:02.134Z"}
info: HTTP POST /users {"meta":{"req":{"url":"/users","query":{},"body":{"name":"TEST_USER","login":"test_user","password":"T35t_P@55w0rd"}},"res":{"statusCode":200},"responseTime":0},"timestamp":"2020-10-18T17:21:02.136Z"}
info: HTTP PUT /users/9e9ea163-60e0-4b8c-a154-9555c865380a {"meta":{"req":{"url":"/users/9e9ea163-60e0-4b8c-a154-9555c865380a","query":{},"body":{"name":"Autotest updated TEST_USER","login":"test_user","password":"T35t_P@55w0rd","id":"9e9ea163-60e0-4b8c-a154-9555c865380a"}},"res":{"statusCode":200},"responseTime":0},"timestamp":"2020-10-18T17:21:02.138Z"}
info: HTTP GET /users/9e9ea163-60e0-4b8c-a154-9555c865380a {"meta":{"req":{"url":"/users/9e9ea163-60e0-4b8c-a154-9555c865380a","query":{}},"res":{"statusCode":200},"responseTime":0},"timestamp":"2020-10-18T17:21:02.139Z"}
info: HTTP DELETE /users/9e9ea163-60e0-4b8c-a154-9555c865380a {"meta":{"req":{"url":"/users/9e9ea163-60e0-4b8c-a154-9555c865380a","query":{}},"res":{"statusCode":200},"responseTime":0},"timestamp":"2020-10-18T17:21:02.141Z"}
info: HTTP POST /users {"meta":{"req":{"url":"/users","query":{},"body":{"name":"TEST_USER","login":"test_user","password":"T35t_P@55w0rd"}},"res":{"statusCode":200},"responseTime":0},"timestamp":"2020-10-18T17:21:02.142Z"}
info: HTTP DELETE /users/51a5bf61-d9d0-4d76-a9a6-e1ac21de2ce0 {"meta":{"req":{"url":"/users/51a5bf61-d9d0-4d76-a9a6-e1ac21de2ce0","query":{}},"res":{"statusCode":200},"responseTime":0},"timestamp":"2020-10-18T17:21:02.144Z"}
info: HTTP POST /users {"meta":{"req":{"url":"/users","query":{},"body":{"name":"TEST_USER","login":"test_user","password":"T35t_P@55w0rd"}},"res":{"statusCode":200},"responseTime":0},"timestamp":"2020-10-18T17:21:02.145Z"}
info: HTTP POST /boards {"meta":{"req":{"url":"/boards","query":{},"body":{"title":"Autotest board","columns":[{"title":"Backlog","order":1},{"title":"Sprint","order":2}]}},"res":{"statusCode":200},"responseTime":0},"timestamp":"2020-10-18T17:21:02.147Z"}
info: HTTP POST /boards/12717b57-0419-4f8d-9f1a-08c922aeb968/tasks {"meta":{"req":{"url":"/boards/12717b57-0419-4f8d-9f1a-08c922aeb968/tasks","query":{},"body":{"title":"Task #1","order":1,"description":"Lorem ipsum","userId":"155a4c3b-07ea-4db8-bde7-152cdec5291b","boardId":"12717b57-0419-4f8d-9f1a-08c922aeb968"}},"res":{"statusCode":200},"responseTime":0},"timestamp":"2020-10-18T17:21:02.148Z"}
info: HTTP POST /boards/12717b57-0419-4f8d-9f1a-08c922aeb968/tasks {"meta":{"req":{"url":"/boards/12717b57-0419-4f8d-9f1a-08c922aeb968/tasks","query":{},"body":{"title":"Task #2","order":2,"description":"Lorem ipsum","userId":"155a4c3b-07ea-4db8-bde7-152cdec5291b","boardId":"12717b57-0419-4f8d-9f1a-08c922aeb968"}},"res":{"statusCode":200},"responseTime":0},"timestamp":"2020-10-18T17:21:02.150Z"}
info: HTTP DELETE /users/155a4c3b-07ea-4db8-bde7-152cdec5291b {"meta":{"req":{"url":"/users/155a4c3b-07ea-4db8-bde7-152cdec5291b","query":{}},"res":{"statusCode":200},"responseTime":0},"timestamp":"2020-10-18T17:21:02.151Z"}
info: HTTP GET /boards/12717b57-0419-4f8d-9f1a-08c922aeb968/tasks/c41fdf30-98ba-4759-acf0-7e21add6aebd {"meta":{"req":{"url":"/boards/12717b57-0419-4f8d-9f1a-08c922aeb968/tasks/c41fdf30-98ba-4759-acf0-7e21add6aebd","query":{}},"res":{"statusCode":200},"responseTime":0},"timestamp":"2020-10-18T17:21:02.152Z"}
info: HTTP GET /boards/12717b57-0419-4f8d-9f1a-08c922aeb968/tasks/c4a55107-e9d7-4eeb-91ad-997030c029c9 {"meta":{"req":{"url":"/boards/12717b57-0419-4f8d-9f1a-08c922aeb968/tasks/c4a55107-e9d7-4eeb-91ad-997030c029c9","query":{}},"res":{"statusCode":200},"responseTime":0},"timestamp":"2020-10-18T17:21:02.153Z"}
info: HTTP DELETE /boards/12717b57-0419-4f8d-9f1a-08c922aeb968/tasks/c41fdf30-98ba-4759-acf0-7e21add6aebd {"meta":{"req":{"url":"/boards/12717b57-0419-4f8d-9f1a-08c922aeb968/tasks/c41fdf30-98ba-4759-acf0-7e21add6aebd","query":{}},"res":{"statusCode":200},"responseTime":1},"timestamp":"2020-10-18T17:21:02.155Z"}
info: HTTP DELETE /boards/12717b57-0419-4f8d-9f1a-08c922aeb968/tasks/c4a55107-e9d7-4eeb-91ad-997030c029c9 {"meta":{"req":{"url":"/boards/12717b57-0419-4f8d-9f1a-08c922aeb968/tasks/c4a55107-e9d7-4eeb-91ad-997030c029c9","query":{}},"res":{"statusCode":200},"responseTime":1},"timestamp":"2020-10-18T17:21:02.156Z"}
info: HTTP DELETE /boards/12717b57-0419-4f8d-9f1a-08c922aeb968 {"meta":{"req":{"url":"/boards/12717b57-0419-4f8d-9f1a-08c922aeb968","query":{}},"res":{"statusCode":200},"responseTime":1},"timestamp":"2020-10-18T17:21:02.157Z"}
info: HTTP POST /boards {"meta":{"req":{"url":"/boards","query":{},"body":{"title":"Autotest board","columns":[{"title":"Backlog","order":1},{"title":"Sprint","order":2}]}},"res":{"statusCode":200},"responseTime":0},"timestamp":"2020-10-18T17:21:02.225Z"}
info: HTTP GET /boards {"meta":{"req":{"url":"/boards","query":{}},"res":{"statusCode":200},"responseTime":0},"timestamp":"2020-10-18T17:21:02.227Z"}
info: HTTP GET /boards {"meta":{"req":{"url":"/boards","query":{}},"res":{"statusCode":200},"responseTime":0},"timestamp":"2020-10-18T17:21:02.230Z"}
info: HTTP GET /boards/8586ba9e-dfd4-4cc7-89b2-44dcb5b1d831 {"meta":{"req":{"url":"/boards/8586ba9e-dfd4-4cc7-89b2-44dcb5b1d831","query":{}},"res":{"statusCode":200},"responseTime":0},"timestamp":"2020-10-18T17:21:02.232Z"}
info: HTTP POST /boards {"meta":{"req":{"url":"/boards","query":{},"body":{"title":"Autotest board","columns":[{"title":"Backlog","order":1},{"title":"Sprint","order":2}]}},"res":{"statusCode":200},"responseTime":1},"timestamp":"2020-10-18T17:21:02.235Z"}
info: HTTP DELETE /boards/581ca2bf-5784-450a-bc2f-57c6c567481b {"meta":{"req":{"url":"/boards/581ca2bf-5784-450a-bc2f-57c6c567481b","query":{}},"res":{"statusCode":200},"responseTime":0},"timestamp":"2020-10-18T17:21:02.237Z"}
info: HTTP POST /boards {"meta":{"req":{"url":"/boards","query":{},"body":{"title":"Autotest board","columns":[{"title":"Backlog","order":1},{"title":"Sprint","order":2}]}},"res":{"statusCode":200},"responseTime":1},"timestamp":"2020-10-18T17:21:02.239Z"}
info: HTTP PUT /boards/4a7ce457-ad44-4679-8e3c-f03f9ca77bf1 {"meta":{"req":{"url":"/boards/4a7ce457-ad44-4679-8e3c-f03f9ca77bf1","query":{},"body":{"id":"4a7ce457-ad44-4679-8e3c-f03f9ca77bf1","title":"Autotest updated board","columns":[{"title":"Backlog","order":1},{"title":"Sprint","order":2}]}},"res":{"statusCode":200},"responseTime":0},"timestamp":"2020-10-18T17:21:02.241Z"}
info: HTTP GET /boards/4a7ce457-ad44-4679-8e3c-f03f9ca77bf1 {"meta":{"req":{"url":"/boards/4a7ce457-ad44-4679-8e3c-f03f9ca77bf1","query":{}},"res":{"statusCode":200},"responseTime":1},"timestamp":"2020-10-18T17:21:02.251Z"}
info: HTTP DELETE /boards/4a7ce457-ad44-4679-8e3c-f03f9ca77bf1 {"meta":{"req":{"url":"/boards/4a7ce457-ad44-4679-8e3c-f03f9ca77bf1","query":{}},"res":{"statusCode":200},"responseTime":0},"timestamp":"2020-10-18T17:21:02.253Z"}
info: HTTP POST /boards {"meta":{"req":{"url":"/boards","query":{},"body":{"title":"Autotest board","columns":[{"title":"Backlog","order":1},{"title":"Sprint","order":2}]}},"res":{"statusCode":200},"responseTime":0},"timestamp":"2020-10-18T17:21:02.255Z"}
info: HTTP DELETE /boards/3ede4db5-7a9c-4de2-a239-d1cb77d3ac68 {"meta":{"req":{"url":"/boards/3ede4db5-7a9c-4de2-a239-d1cb77d3ac68","query":{}},"res":{"statusCode":200},"responseTime":0},"timestamp":"2020-10-18T17:21:02.257Z"}
info: HTTP GET /boards/3ede4db5-7a9c-4de2-a239-d1cb77d3ac68 {"meta":{"req":{"url":"/boards/3ede4db5-7a9c-4de2-a239-d1cb77d3ac68","query":{}},"res":{"statusCode":404},"responseTime":0},"timestamp":"2020-10-18T17:21:02.258Z"}
info: HTTP POST /boards {"meta":{"req":{"url":"/boards","query":{},"body":{"title":"Autotest board","columns":[{"title":"Backlog","order":1},{"title":"Sprint","order":2}]}},"res":{"statusCode":200},"responseTime":0},"timestamp":"2020-10-18T17:21:02.260Z"}
info: HTTP POST /boards/f6fac7a8-b351-4887-86a4-b0d8f781bd1f/tasks {"meta":{"req":{"url":"/boards/f6fac7a8-b351-4887-86a4-b0d8f781bd1f/tasks","query":{},"body":{"title":"Task #1","order":1,"description":"Lorem ipsum","boardId":"f6fac7a8-b351-4887-86a4-b0d8f781bd1f","userId":null,"columnId":null}},"res":{"statusCode":200},"responseTime":0},"timestamp":"2020-10-18T17:21:02.263Z"}
info: HTTP POST /boards/f6fac7a8-b351-4887-86a4-b0d8f781bd1f/tasks {"meta":{"req":{"url":"/boards/f6fac7a8-b351-4887-86a4-b0d8f781bd1f/tasks","query":{},"body":{"title":"Task #2","order":2,"description":"Lorem ipsum","boardId":"f6fac7a8-b351-4887-86a4-b0d8f781bd1f","userId":null,"columnId":null}},"res":{"statusCode":200},"responseTime":0},"timestamp":"2020-10-18T17:21:02.264Z"}
info: HTTP POST /boards/f6fac7a8-b351-4887-86a4-b0d8f781bd1f/tasks {"meta":{"req":{"url":"/boards/f6fac7a8-b351-4887-86a4-b0d8f781bd1f/tasks","query":{},"body":{"title":"Task #4","order":4,"description":"Lorem ipsum","boardId":"f6fac7a8-b351-4887-86a4-b0d8f781bd1f","userId":null,"columnId":null}},"res":{"statusCode":200},"responseTime":0},"timestamp":"2020-10-18T17:21:02.265Z"}
info: HTTP POST /boards/f6fac7a8-b351-4887-86a4-b0d8f781bd1f/tasks {"meta":{"req":{"url":"/boards/f6fac7a8-b351-4887-86a4-b0d8f781bd1f/tasks","query":{},"body":{"title":"Task #3","order":3,"description":"Lorem ipsum","boardId":"f6fac7a8-b351-4887-86a4-b0d8f781bd1f","userId":null,"columnId":null}},"res":{"statusCode":200},"responseTime":0},"timestamp":"2020-10-18T17:21:02.266Z"}
info: HTTP POST /boards/f6fac7a8-b351-4887-86a4-b0d8f781bd1f/tasks {"meta":{"req":{"url":"/boards/f6fac7a8-b351-4887-86a4-b0d8f781bd1f/tasks","query":{},"body":{"title":"Task #5","order":5,"description":"Lorem ipsum","boardId":"f6fac7a8-b351-4887-86a4-b0d8f781bd1f","userId":null,"columnId":null}},"res":{"statusCode":200},"responseTime":0},"timestamp":"2020-10-18T17:21:02.267Z"}
info: HTTP GET /boards/f6fac7a8-b351-4887-86a4-b0d8f781bd1f/tasks/8b93f890-77b6-4b5e-a59d-3223a2a49d20 {"meta":{"req":{"url":"/boards/f6fac7a8-b351-4887-86a4-b0d8f781bd1f/tasks/8b93f890-77b6-4b5e-a59d-3223a2a49d20","query":{}},"res":{"statusCode":200},"responseTime":0},"timestamp":"2020-10-18T17:21:02.271Z"}
info: HTTP GET /boards/f6fac7a8-b351-4887-86a4-b0d8f781bd1f/tasks/2aa4aad1-c9ac-4ae2-8f30-d09786e52f37 {"meta":{"req":{"url":"/boards/f6fac7a8-b351-4887-86a4-b0d8f781bd1f/tasks/2aa4aad1-c9ac-4ae2-8f30-d09786e52f37","query":{}},"res":{"statusCode":200},"responseTime":0},"timestamp":"2020-10-18T17:21:02.273Z"}
info: HTTP GET /boards/f6fac7a8-b351-4887-86a4-b0d8f781bd1f/tasks/dc5da980-ff23-4cee-888c-c0018da34cef {"meta":{"req":{"url":"/boards/f6fac7a8-b351-4887-86a4-b0d8f781bd1f/tasks/dc5da980-ff23-4cee-888c-c0018da34cef","query":{}},"res":{"statusCode":200},"responseTime":0},"timestamp":"2020-10-18T17:21:02.274Z"}
info: HTTP GET /boards/f6fac7a8-b351-4887-86a4-b0d8f781bd1f/tasks/7e6f3bfb-c350-4776-a5e6-695d889a2f37 {"meta":{"req":{"url":"/boards/f6fac7a8-b351-4887-86a4-b0d8f781bd1f/tasks/7e6f3bfb-c350-4776-a5e6-695d889a2f37","query":{}},"res":{"statusCode":200},"responseTime":0},"timestamp":"2020-10-18T17:21:02.274Z"}
info: HTTP GET /boards/f6fac7a8-b351-4887-86a4-b0d8f781bd1f/tasks/365a5b4b-8225-4ae3-ae34-bc07e93e1ee9 {"meta":{"req":{"url":"/boards/f6fac7a8-b351-4887-86a4-b0d8f781bd1f/tasks/365a5b4b-8225-4ae3-ae34-bc07e93e1ee9","query":{}},"res":{"statusCode":200},"responseTime":0},"timestamp":"2020-10-18T17:21:02.275Z"}
info: HTTP DELETE /boards/f6fac7a8-b351-4887-86a4-b0d8f781bd1f {"meta":{"req":{"url":"/boards/f6fac7a8-b351-4887-86a4-b0d8f781bd1f","query":{}},"res":{"statusCode":200},"responseTime":0},"timestamp":"2020-10-18T17:21:02.277Z"}
info: HTTP GET /boards/f6fac7a8-b351-4887-86a4-b0d8f781bd1f/tasks/8b93f890-77b6-4b5e-a59d-3223a2a49d20 {"meta":{"req":{"url":"/boards/f6fac7a8-b351-4887-86a4-b0d8f781bd1f/tasks/8b93f890-77b6-4b5e-a59d-3223a2a49d20","query":{}},"res":{"statusCode":404},"responseTime":0},"timestamp":"2020-10-18T17:21:02.280Z"}
info: HTTP GET /boards/f6fac7a8-b351-4887-86a4-b0d8f781bd1f/tasks/2aa4aad1-c9ac-4ae2-8f30-d09786e52f37 {"meta":{"req":{"url":"/boards/f6fac7a8-b351-4887-86a4-b0d8f781bd1f/tasks/2aa4aad1-c9ac-4ae2-8f30-d09786e52f37","query":{}},"res":{"statusCode":404},"responseTime":0},"timestamp":"2020-10-18T17:21:02.280Z"}
info: HTTP GET /boards/f6fac7a8-b351-4887-86a4-b0d8f781bd1f/tasks/7e6f3bfb-c350-4776-a5e6-695d889a2f37 {"meta":{"req":{"url":"/boards/f6fac7a8-b351-4887-86a4-b0d8f781bd1f/tasks/7e6f3bfb-c350-4776-a5e6-695d889a2f37","query":{}},"res":{"statusCode":404},"responseTime":0},"timestamp":"2020-10-18T17:21:02.281Z"}
info: HTTP GET /boards/f6fac7a8-b351-4887-86a4-b0d8f781bd1f/tasks/dc5da980-ff23-4cee-888c-c0018da34cef {"meta":{"req":{"url":"/boards/f6fac7a8-b351-4887-86a4-b0d8f781bd1f/tasks/dc5da980-ff23-4cee-888c-c0018da34cef","query":{}},"res":{"statusCode":404},"responseTime":0},"timestamp":"2020-10-18T17:21:02.282Z"}
info: HTTP GET /boards/f6fac7a8-b351-4887-86a4-b0d8f781bd1f/tasks/365a5b4b-8225-4ae3-ae34-bc07e93e1ee9 {"meta":{"req":{"url":"/boards/f6fac7a8-b351-4887-86a4-b0d8f781bd1f/tasks/365a5b4b-8225-4ae3-ae34-bc07e93e1ee9","query":{}},"res":{"statusCode":404},"responseTime":1},"timestamp":"2020-10-18T17:21:02.283Z"}
info: HTTP DELETE /boards/f2ae63d2-57e3-439f-a524-7f4660dd6cb9 {"meta":{"req":{"url":"/boards/f2ae63d2-57e3-439f-a524-7f4660dd6cb9","query":{}},"res":{"statusCode":200},"responseTime":0},"timestamp":"2020-10-18T17:21:02.284Z"}
info: HTTP POST /boards {"meta":{"req":{"url":"/boards","query":{},"body":{"title":"Autotest board","columns":[{"title":"Backlog","order":1},{"title":"Sprint","order":2}]}},"res":{"statusCode":200},"responseTime":0},"timestamp":"2020-10-18T17:21:02.354Z"}
info: HTTP POST /boards/3720d62c-0392-4b11-98e0-d5cf8691cf74/tasks {"meta":{"req":{"url":"/boards/3720d62c-0392-4b11-98e0-d5cf8691cf74/tasks","query":{},"body":{"title":"Autotest task","order":0,"description":"Lorem ipsum","userId":null,"boardId":null,"columnId":null}},"res":{"statusCode":200},"responseTime":0},"timestamp":"2020-10-18T17:21:02.355Z"}
info: HTTP GET /boards/3720d62c-0392-4b11-98e0-d5cf8691cf74/tasks {"meta":{"req":{"url":"/boards/3720d62c-0392-4b11-98e0-d5cf8691cf74/tasks","query":{}},"res":{"statusCode":200},"responseTime":1},"timestamp":"2020-10-18T17:21:02.357Z"}
info: HTTP GET /boards/3720d62c-0392-4b11-98e0-d5cf8691cf74/tasks {"meta":{"req":{"url":"/boards/3720d62c-0392-4b11-98e0-d5cf8691cf74/tasks","query":{}},"res":{"statusCode":200},"responseTime":0},"timestamp":"2020-10-18T17:21:02.359Z"}
info: HTTP GET /boards/3720d62c-0392-4b11-98e0-d5cf8691cf74/tasks/3b79ff99-f5b2-40aa-a300-65e7f0113c06 {"meta":{"req":{"url":"/boards/3720d62c-0392-4b11-98e0-d5cf8691cf74/tasks/3b79ff99-f5b2-40aa-a300-65e7f0113c06","query":{}},"res":{"statusCode":200},"responseTime":0},"timestamp":"2020-10-18T17:21:02.361Z"}
info: HTTP POST /boards/3720d62c-0392-4b11-98e0-d5cf8691cf74/tasks {"meta":{"req":{"url":"/boards/3720d62c-0392-4b11-98e0-d5cf8691cf74/tasks","query":{},"body":{"title":"Autotest task","order":0,"description":"Lorem ipsum","userId":null,"boardId":null,"columnId":null}},"res":{"statusCode":200},"responseTime":0},"timestamp":"2020-10-18T17:21:02.365Z"}
info: HTTP DELETE /boards/3720d62c-0392-4b11-98e0-d5cf8691cf74/tasks/aa254053-f426-4d0d-875b-a9c213125275 {"meta":{"req":{"url":"/boards/3720d62c-0392-4b11-98e0-d5cf8691cf74/tasks/aa254053-f426-4d0d-875b-a9c213125275","query":{}},"res":{"statusCode":200},"responseTime":0},"timestamp":"2020-10-18T17:21:02.367Z"}
info: HTTP POST /boards/3720d62c-0392-4b11-98e0-d5cf8691cf74/tasks {"meta":{"req":{"url":"/boards/3720d62c-0392-4b11-98e0-d5cf8691cf74/tasks","query":{},"body":{"title":"Autotest task","order":0,"description":"Lorem ipsum","userId":null,"boardId":null,"columnId":null}},"res":{"statusCode":200},"responseTime":0},"timestamp":"2020-10-18T17:21:02.369Z"}
info: HTTP PUT /boards/3720d62c-0392-4b11-98e0-d5cf8691cf74/tasks/d32e9a99-7570-496c-b8a3-908997eb4d7a {"meta":{"req":{"url":"/boards/3720d62c-0392-4b11-98e0-d5cf8691cf74/tasks/d32e9a99-7570-496c-b8a3-908997eb4d7a","query":{},"body":{"id":"d32e9a99-7570-496c-b8a3-908997eb4d7a","title":"Autotest updated task","order":0,"description":"Lorem ipsum","userId":null,"boardId":"3720d62c-0392-4b11-98e0-d5cf8691cf74","columnId":null}},"res":{"statusCode":200},"responseTime":0},"timestamp":"2020-10-18T17:21:02.371Z"}
info: HTTP GET /boards/3720d62c-0392-4b11-98e0-d5cf8691cf74/tasks/d32e9a99-7570-496c-b8a3-908997eb4d7a {"meta":{"req":{"url":"/boards/3720d62c-0392-4b11-98e0-d5cf8691cf74/tasks/d32e9a99-7570-496c-b8a3-908997eb4d7a","query":{}},"res":{"statusCode":200},"responseTime":0},"timestamp":"2020-10-18T17:21:02.372Z"}
info: HTTP GET /boards/3720d62c-0392-4b11-98e0-d5cf8691cf74/tasks/3b79ff99-f5b2-40aa-a300-65e7f0113c06 {"meta":{"req":{"url":"/boards/3720d62c-0392-4b11-98e0-d5cf8691cf74/tasks/3b79ff99-f5b2-40aa-a300-65e7f0113c06","query":{}},"res":{"statusCode":200},"responseTime":0},"timestamp":"2020-10-18T17:21:02.374Z"}
info: HTTP DELETE /boards/3720d62c-0392-4b11-98e0-d5cf8691cf74/tasks/3b79ff99-f5b2-40aa-a300-65e7f0113c06 {"meta":{"req":{"url":"/boards/3720d62c-0392-4b11-98e0-d5cf8691cf74/tasks/3b79ff99-f5b2-40aa-a300-65e7f0113c06","query":{}},"res":{"statusCode":200},"responseTime":0},"timestamp":"2020-10-18T17:21:02.376Z"}
info: HTTP GET /boards/3720d62c-0392-4b11-98e0-d5cf8691cf74/tasks/3b79ff99-f5b2-40aa-a300-65e7f0113c06 {"meta":{"req":{"url":"/boards/3720d62c-0392-4b11-98e0-d5cf8691cf74/tasks/3b79ff99-f5b2-40aa-a300-65e7f0113c06","query":{}},"res":{"statusCode":404},"responseTime":0},"timestamp":"2020-10-18T17:21:02.377Z"}
info: HTTP DELETE /boards/3720d62c-0392-4b11-98e0-d5cf8691cf74 {"meta":{"req":{"url":"/boards/3720d62c-0392-4b11-98e0-d5cf8691cf74","query":{}},"res":{"statusCode":200},"responseTime":0},"timestamp":"2020-10-18T17:21:02.378Z"}
info: HTTP GET /users {"meta":{"req":{"url":"/users","query":{}},"res":{"statusCode":200},"responseTime":2},"timestamp":"2020-10-18T17:27:15.499Z"}
info: HTTP POST /users {"meta":{"req":{"url":"/users","query":{},"body":{"name":"TEST_USER","login":"test_user","password":"T35t_P@55w0rd"}},"res":{"statusCode":200},"responseTime":0},"timestamp":"2020-10-18T17:27:15.517Z"}
info: HTTP GET /users/52ae7ec1-bf97-4f9c-bc97-a730bb701987 {"meta":{"req":{"url":"/users/52ae7ec1-bf97-4f9c-bc97-a730bb701987","query":{}},"res":{"statusCode":200},"responseTime":0},"timestamp":"2020-10-18T17:27:15.519Z"}
info: HTTP DELETE /users/52ae7ec1-bf97-4f9c-bc97-a730bb701987 {"meta":{"req":{"url":"/users/52ae7ec1-bf97-4f9c-bc97-a730bb701987","query":{}},"res":{"statusCode":200},"responseTime":0},"timestamp":"2020-10-18T17:27:15.522Z"}
info: HTTP POST /users {"meta":{"req":{"url":"/users","query":{},"body":{"name":"TEST_USER","login":"test_user","password":"T35t_P@55w0rd"}},"res":{"statusCode":200},"responseTime":1},"timestamp":"2020-10-18T17:27:15.524Z"}
info: HTTP DELETE /users/8614ce6d-c07c-4bbf-9189-5b73ce71319e {"meta":{"req":{"url":"/users/8614ce6d-c07c-4bbf-9189-5b73ce71319e","query":{}},"res":{"statusCode":200},"responseTime":1},"timestamp":"2020-10-18T17:27:15.528Z"}
info: HTTP POST /users {"meta":{"req":{"url":"/users","query":{},"body":{"name":"TEST_USER","login":"test_user","password":"T35t_P@55w0rd"}},"res":{"statusCode":200},"responseTime":0},"timestamp":"2020-10-18T17:27:15.531Z"}
info: HTTP PUT /users/f7aa82cf-ae51-40b7-b668-1db78affd405 {"meta":{"req":{"url":"/users/f7aa82cf-ae51-40b7-b668-1db78affd405","query":{},"body":{"name":"Autotest updated TEST_USER","login":"test_user","password":"T35t_P@55w0rd","id":"f7aa82cf-ae51-40b7-b668-1db78affd405"}},"res":{"statusCode":200},"responseTime":0},"timestamp":"2020-10-18T17:27:15.533Z"}
info: HTTP GET /users/f7aa82cf-ae51-40b7-b668-1db78affd405 {"meta":{"req":{"url":"/users/f7aa82cf-ae51-40b7-b668-1db78affd405","query":{}},"res":{"statusCode":200},"responseTime":0},"timestamp":"2020-10-18T17:27:15.534Z"}
info: HTTP DELETE /users/f7aa82cf-ae51-40b7-b668-1db78affd405 {"meta":{"req":{"url":"/users/f7aa82cf-ae51-40b7-b668-1db78affd405","query":{}},"res":{"statusCode":200},"responseTime":1},"timestamp":"2020-10-18T17:27:15.536Z"}
info: HTTP POST /users {"meta":{"req":{"url":"/users","query":{},"body":{"name":"TEST_USER","login":"test_user","password":"T35t_P@55w0rd"}},"res":{"statusCode":200},"responseTime":0},"timestamp":"2020-10-18T17:27:15.538Z"}
info: HTTP DELETE /users/1c0341fd-9df0-4170-bab4-675c79044fda {"meta":{"req":{"url":"/users/1c0341fd-9df0-4170-bab4-675c79044fda","query":{}},"res":{"statusCode":200},"responseTime":1},"timestamp":"2020-10-18T17:27:15.539Z"}
info: HTTP POST /users {"meta":{"req":{"url":"/users","query":{},"body":{"name":"TEST_USER","login":"test_user","password":"T35t_P@55w0rd"}},"res":{"statusCode":200},"responseTime":1},"timestamp":"2020-10-18T17:27:15.541Z"}
info: HTTP POST /boards {"meta":{"req":{"url":"/boards","query":{},"body":{"title":"Autotest board","columns":[{"title":"Backlog","order":1},{"title":"Sprint","order":2}]}},"res":{"statusCode":200},"responseTime":1},"timestamp":"2020-10-18T17:27:15.543Z"}
info: HTTP POST /boards/7bccf42a-3334-40d4-b6d1-b21e1ea58394/tasks {"meta":{"req":{"url":"/boards/7bccf42a-3334-40d4-b6d1-b21e1ea58394/tasks","query":{},"body":{"title":"Task #1","order":1,"description":"Lorem ipsum","userId":"3e230513-f73e-4c92-8525-d49353128ddd","boardId":"7bccf42a-3334-40d4-b6d1-b21e1ea58394"}},"res":{"statusCode":200},"responseTime":1},"timestamp":"2020-10-18T17:27:15.545Z"}
info: HTTP POST /boards/7bccf42a-3334-40d4-b6d1-b21e1ea58394/tasks {"meta":{"req":{"url":"/boards/7bccf42a-3334-40d4-b6d1-b21e1ea58394/tasks","query":{},"body":{"title":"Task #2","order":2,"description":"Lorem ipsum","userId":"3e230513-f73e-4c92-8525-d49353128ddd","boardId":"7bccf42a-3334-40d4-b6d1-b21e1ea58394"}},"res":{"statusCode":200},"responseTime":0},"timestamp":"2020-10-18T17:27:15.547Z"}
info: HTTP DELETE /users/3e230513-f73e-4c92-8525-d49353128ddd {"meta":{"req":{"url":"/users/3e230513-f73e-4c92-8525-d49353128ddd","query":{}},"res":{"statusCode":200},"responseTime":1},"timestamp":"2020-10-18T17:27:15.548Z"}
info: HTTP GET /boards/7bccf42a-3334-40d4-b6d1-b21e1ea58394/tasks/abad28ac-466a-469a-99fd-8ac99a8a2a51 {"meta":{"req":{"url":"/boards/7bccf42a-3334-40d4-b6d1-b21e1ea58394/tasks/abad28ac-466a-469a-99fd-8ac99a8a2a51","query":{}},"res":{"statusCode":200},"responseTime":0},"timestamp":"2020-10-18T17:27:15.549Z"}
info: HTTP GET /boards/7bccf42a-3334-40d4-b6d1-b21e1ea58394/tasks/76c5c2db-9263-4d04-ae13-672bb143b6d4 {"meta":{"req":{"url":"/boards/7bccf42a-3334-40d4-b6d1-b21e1ea58394/tasks/76c5c2db-9263-4d04-ae13-672bb143b6d4","query":{}},"res":{"statusCode":200},"responseTime":0},"timestamp":"2020-10-18T17:27:15.551Z"}
info: HTTP DELETE /boards/7bccf42a-3334-40d4-b6d1-b21e1ea58394/tasks/abad28ac-466a-469a-99fd-8ac99a8a2a51 {"meta":{"req":{"url":"/boards/7bccf42a-3334-40d4-b6d1-b21e1ea58394/tasks/abad28ac-466a-469a-99fd-8ac99a8a2a51","query":{}},"res":{"statusCode":200},"responseTime":1},"timestamp":"2020-10-18T17:27:15.553Z"}
info: HTTP DELETE /boards/7bccf42a-3334-40d4-b6d1-b21e1ea58394/tasks/76c5c2db-9263-4d04-ae13-672bb143b6d4 {"meta":{"req":{"url":"/boards/7bccf42a-3334-40d4-b6d1-b21e1ea58394/tasks/76c5c2db-9263-4d04-ae13-672bb143b6d4","query":{}},"res":{"statusCode":200},"responseTime":1},"timestamp":"2020-10-18T17:27:15.554Z"}
info: HTTP DELETE /boards/7bccf42a-3334-40d4-b6d1-b21e1ea58394 {"meta":{"req":{"url":"/boards/7bccf42a-3334-40d4-b6d1-b21e1ea58394","query":{}},"res":{"statusCode":200},"responseTime":0},"timestamp":"2020-10-18T17:27:15.558Z"}
info: HTTP POST /boards {"meta":{"req":{"url":"/boards","query":{},"body":{"title":"Autotest board","columns":[{"title":"Backlog","order":1},{"title":"Sprint","order":2}]}},"res":{"statusCode":200},"responseTime":0},"timestamp":"2020-10-18T17:27:15.645Z"}
info: HTTP POST /boards/ca1be523-1c63-47ee-8651-da64495badd1/tasks {"meta":{"req":{"url":"/boards/ca1be523-1c63-47ee-8651-da64495badd1/tasks","query":{},"body":{"title":"Autotest task","order":0,"description":"Lorem ipsum","userId":null,"boardId":null,"columnId":null}},"res":{"statusCode":200},"responseTime":0},"timestamp":"2020-10-18T17:27:15.648Z"}
info: HTTP GET /boards/ca1be523-1c63-47ee-8651-da64495badd1/tasks {"meta":{"req":{"url":"/boards/ca1be523-1c63-47ee-8651-da64495badd1/tasks","query":{}},"res":{"statusCode":200},"responseTime":1},"timestamp":"2020-10-18T17:27:15.650Z"}
info: HTTP GET /boards/ca1be523-1c63-47ee-8651-da64495badd1/tasks {"meta":{"req":{"url":"/boards/ca1be523-1c63-47ee-8651-da64495badd1/tasks","query":{}},"res":{"statusCode":200},"responseTime":0},"timestamp":"2020-10-18T17:27:15.653Z"}
info: HTTP GET /boards/ca1be523-1c63-47ee-8651-da64495badd1/tasks/0fa4b02b-d3d5-4c68-8b12-016832f3eeb4 {"meta":{"req":{"url":"/boards/ca1be523-1c63-47ee-8651-da64495badd1/tasks/0fa4b02b-d3d5-4c68-8b12-016832f3eeb4","query":{}},"res":{"statusCode":200},"responseTime":0},"timestamp":"2020-10-18T17:27:15.656Z"}
info: HTTP POST /boards/ca1be523-1c63-47ee-8651-da64495badd1/tasks {"meta":{"req":{"url":"/boards/ca1be523-1c63-47ee-8651-da64495badd1/tasks","query":{},"body":{"title":"Autotest task","order":0,"description":"Lorem ipsum","userId":null,"boardId":null,"columnId":null}},"res":{"statusCode":200},"responseTime":0},"timestamp":"2020-10-18T17:27:15.659Z"}
info: HTTP DELETE /boards/ca1be523-1c63-47ee-8651-da64495badd1/tasks/a314da4d-0924-4747-81b7-033d45c89a06 {"meta":{"req":{"url":"/boards/ca1be523-1c63-47ee-8651-da64495badd1/tasks/a314da4d-0924-4747-81b7-033d45c89a06","query":{}},"res":{"statusCode":200},"responseTime":1},"timestamp":"2020-10-18T17:27:15.661Z"}
info: HTTP POST /boards/ca1be523-1c63-47ee-8651-da64495badd1/tasks {"meta":{"req":{"url":"/boards/ca1be523-1c63-47ee-8651-da64495badd1/tasks","query":{},"body":{"title":"Autotest task","order":0,"description":"Lorem ipsum","userId":null,"boardId":null,"columnId":null}},"res":{"statusCode":200},"responseTime":0},"timestamp":"2020-10-18T17:27:15.663Z"}
info: HTTP PUT /boards/ca1be523-1c63-47ee-8651-da64495badd1/tasks/71d94ef8-b55a-4407-982c-c036cdb26b75 {"meta":{"req":{"url":"/boards/ca1be523-1c63-47ee-8651-da64495badd1/tasks/71d94ef8-b55a-4407-982c-c036cdb26b75","query":{},"body":{"id":"71d94ef8-b55a-4407-982c-c036cdb26b75","title":"Autotest updated task","order":0,"description":"Lorem ipsum","userId":null,"boardId":"ca1be523-1c63-47ee-8651-da64495badd1","columnId":null}},"res":{"statusCode":200},"responseTime":1},"timestamp":"2020-10-18T17:27:15.670Z"}
info: HTTP GET /boards/ca1be523-1c63-47ee-8651-da64495badd1/tasks/71d94ef8-b55a-4407-982c-c036cdb26b75 {"meta":{"req":{"url":"/boards/ca1be523-1c63-47ee-8651-da64495badd1/tasks/71d94ef8-b55a-4407-982c-c036cdb26b75","query":{}},"res":{"statusCode":200},"responseTime":0},"timestamp":"2020-10-18T17:27:15.672Z"}
info: HTTP GET /boards/ca1be523-1c63-47ee-8651-da64495badd1/tasks/0fa4b02b-d3d5-4c68-8b12-016832f3eeb4 {"meta":{"req":{"url":"/boards/ca1be523-1c63-47ee-8651-da64495badd1/tasks/0fa4b02b-d3d5-4c68-8b12-016832f3eeb4","query":{}},"res":{"statusCode":200},"responseTime":0},"timestamp":"2020-10-18T17:27:15.674Z"}
info: HTTP DELETE /boards/ca1be523-1c63-47ee-8651-da64495badd1/tasks/0fa4b02b-d3d5-4c68-8b12-016832f3eeb4 {"meta":{"req":{"url":"/boards/ca1be523-1c63-47ee-8651-da64495badd1/tasks/0fa4b02b-d3d5-4c68-8b12-016832f3eeb4","query":{}},"res":{"statusCode":200},"responseTime":1},"timestamp":"2020-10-18T17:27:15.676Z"}
info: HTTP GET /boards/ca1be523-1c63-47ee-8651-da64495badd1/tasks/0fa4b02b-d3d5-4c68-8b12-016832f3eeb4 {"meta":{"req":{"url":"/boards/ca1be523-1c63-47ee-8651-da64495badd1/tasks/0fa4b02b-d3d5-4c68-8b12-016832f3eeb4","query":{}},"res":{"statusCode":404},"responseTime":0},"timestamp":"2020-10-18T17:27:15.678Z"}
info: HTTP DELETE /boards/ca1be523-1c63-47ee-8651-da64495badd1 {"meta":{"req":{"url":"/boards/ca1be523-1c63-47ee-8651-da64495badd1","query":{}},"res":{"statusCode":200},"responseTime":0},"timestamp":"2020-10-18T17:27:15.681Z"}
info: HTTP POST /boards {"meta":{"req":{"url":"/boards","query":{},"body":{"title":"Autotest board","columns":[{"title":"Backlog","order":1},{"title":"Sprint","order":2}]}},"res":{"statusCode":200},"responseTime":0},"timestamp":"2020-10-18T17:27:15.755Z"}
info: HTTP GET /boards {"meta":{"req":{"url":"/boards","query":{}},"res":{"statusCode":200},"responseTime":1},"timestamp":"2020-10-18T17:27:15.757Z"}
info: HTTP GET /boards {"meta":{"req":{"url":"/boards","query":{}},"res":{"statusCode":200},"responseTime":0},"timestamp":"2020-10-18T17:27:15.759Z"}
info: HTTP GET /boards/288dc58a-b531-4d09-9929-72bb6501215d {"meta":{"req":{"url":"/boards/288dc58a-b531-4d09-9929-72bb6501215d","query":{}},"res":{"statusCode":200},"responseTime":0},"timestamp":"2020-10-18T17:27:15.760Z"}
info: HTTP POST /boards {"meta":{"req":{"url":"/boards","query":{},"body":{"title":"Autotest board","columns":[{"title":"Backlog","order":1},{"title":"Sprint","order":2}]}},"res":{"statusCode":200},"responseTime":0},"timestamp":"2020-10-18T17:27:15.762Z"}
info: HTTP DELETE /boards/59f5cc1d-96a8-4bbd-963d-9a358c6bb97d {"meta":{"req":{"url":"/boards/59f5cc1d-96a8-4bbd-963d-9a358c6bb97d","query":{}},"res":{"statusCode":200},"responseTime":0},"timestamp":"2020-10-18T17:27:15.764Z"}
info: HTTP POST /boards {"meta":{"req":{"url":"/boards","query":{},"body":{"title":"Autotest board","columns":[{"title":"Backlog","order":1},{"title":"Sprint","order":2}]}},"res":{"statusCode":200},"responseTime":0},"timestamp":"2020-10-18T17:27:15.765Z"}
info: HTTP PUT /boards/d6f28667-c676-43d8-959b-ce0648879b0a {"meta":{"req":{"url":"/boards/d6f28667-c676-43d8-959b-ce0648879b0a","query":{},"body":{"id":"d6f28667-c676-43d8-959b-ce0648879b0a","title":"Autotest updated board","columns":[{"title":"Backlog","order":1},{"title":"Sprint","order":2}]}},"res":{"statusCode":200},"responseTime":1},"timestamp":"2020-10-18T17:27:15.767Z"}
info: HTTP GET /boards/d6f28667-c676-43d8-959b-ce0648879b0a {"meta":{"req":{"url":"/boards/d6f28667-c676-43d8-959b-ce0648879b0a","query":{}},"res":{"statusCode":200},"responseTime":0},"timestamp":"2020-10-18T17:27:15.768Z"}
info: HTTP DELETE /boards/d6f28667-c676-43d8-959b-ce0648879b0a {"meta":{"req":{"url":"/boards/d6f28667-c676-43d8-959b-ce0648879b0a","query":{}},"res":{"statusCode":200},"responseTime":0},"timestamp":"2020-10-18T17:27:15.770Z"}
info: HTTP POST /boards {"meta":{"req":{"url":"/boards","query":{},"body":{"title":"Autotest board","columns":[{"title":"Backlog","order":1},{"title":"Sprint","order":2}]}},"res":{"statusCode":200},"responseTime":0},"timestamp":"2020-10-18T17:27:15.771Z"}
info: HTTP DELETE /boards/cc1b7a4d-a338-4831-a517-bce6b43d40e9 {"meta":{"req":{"url":"/boards/cc1b7a4d-a338-4831-a517-bce6b43d40e9","query":{}},"res":{"statusCode":200},"responseTime":0},"timestamp":"2020-10-18T17:27:15.772Z"}
info: HTTP GET /boards/cc1b7a4d-a338-4831-a517-bce6b43d40e9 {"meta":{"req":{"url":"/boards/cc1b7a4d-a338-4831-a517-bce6b43d40e9","query":{}},"res":{"statusCode":404},"responseTime":0},"timestamp":"2020-10-18T17:27:15.773Z"}
info: HTTP POST /boards {"meta":{"req":{"url":"/boards","query":{},"body":{"title":"Autotest board","columns":[{"title":"Backlog","order":1},{"title":"Sprint","order":2}]}},"res":{"statusCode":200},"responseTime":0},"timestamp":"2020-10-18T17:27:15.774Z"}
info: HTTP POST /boards/d473ea0d-9a5d-4cf0-ab32-21ca36d1de26/tasks {"meta":{"req":{"url":"/boards/d473ea0d-9a5d-4cf0-ab32-21ca36d1de26/tasks","query":{},"body":{"title":"Task #2","order":2,"description":"Lorem ipsum","boardId":"d473ea0d-9a5d-4cf0-ab32-21ca36d1de26","userId":null,"columnId":null}},"res":{"statusCode":200},"responseTime":0},"timestamp":"2020-10-18T17:27:15.779Z"}
info: HTTP POST /boards/d473ea0d-9a5d-4cf0-ab32-21ca36d1de26/tasks {"meta":{"req":{"url":"/boards/d473ea0d-9a5d-4cf0-ab32-21ca36d1de26/tasks","query":{},"body":{"title":"Task #1","order":1,"description":"Lorem ipsum","boardId":"d473ea0d-9a5d-4cf0-ab32-21ca36d1de26","userId":null,"columnId":null}},"res":{"statusCode":200},"responseTime":0},"timestamp":"2020-10-18T17:27:15.780Z"}
info: HTTP POST /boards/d473ea0d-9a5d-4cf0-ab32-21ca36d1de26/tasks {"meta":{"req":{"url":"/boards/d473ea0d-9a5d-4cf0-ab32-21ca36d1de26/tasks","query":{},"body":{"title":"Task #4","order":4,"description":"Lorem ipsum","boardId":"d473ea0d-9a5d-4cf0-ab32-21ca36d1de26","userId":null,"columnId":null}},"res":{"statusCode":200},"responseTime":0},"timestamp":"2020-10-18T17:27:15.780Z"}
info: HTTP POST /boards/d473ea0d-9a5d-4cf0-ab32-21ca36d1de26/tasks {"meta":{"req":{"url":"/boards/d473ea0d-9a5d-4cf0-ab32-21ca36d1de26/tasks","query":{},"body":{"title":"Task #3","order":3,"description":"Lorem ipsum","boardId":"d473ea0d-9a5d-4cf0-ab32-21ca36d1de26","userId":null,"columnId":null}},"res":{"statusCode":200},"responseTime":1},"timestamp":"2020-10-18T17:27:15.782Z"}
info: HTTP POST /boards/d473ea0d-9a5d-4cf0-ab32-21ca36d1de26/tasks {"meta":{"req":{"url":"/boards/d473ea0d-9a5d-4cf0-ab32-21ca36d1de26/tasks","query":{},"body":{"title":"Task #5","order":5,"description":"Lorem ipsum","boardId":"d473ea0d-9a5d-4cf0-ab32-21ca36d1de26","userId":null,"columnId":null}},"res":{"statusCode":200},"responseTime":1},"timestamp":"2020-10-18T17:27:15.783Z"}
info: HTTP GET /boards/d473ea0d-9a5d-4cf0-ab32-21ca36d1de26/tasks/18ea0005-54ed-404c-a880-ab9bdd55161c {"meta":{"req":{"url":"/boards/d473ea0d-9a5d-4cf0-ab32-21ca36d1de26/tasks/18ea0005-54ed-404c-a880-ab9bdd55161c","query":{}},"res":{"statusCode":200},"responseTime":0},"timestamp":"2020-10-18T17:27:15.785Z"}
info: HTTP GET /boards/d473ea0d-9a5d-4cf0-ab32-21ca36d1de26/tasks/ccd446b9-51c1-4ace-8e98-ab8d121daea1 {"meta":{"req":{"url":"/boards/d473ea0d-9a5d-4cf0-ab32-21ca36d1de26/tasks/ccd446b9-51c1-4ace-8e98-ab8d121daea1","query":{}},"res":{"statusCode":200},"responseTime":1},"timestamp":"2020-10-18T17:27:15.786Z"}
info: HTTP GET /boards/d473ea0d-9a5d-4cf0-ab32-21ca36d1de26/tasks/f9c752bd-5961-4dea-9211-09d956598e41 {"meta":{"req":{"url":"/boards/d473ea0d-9a5d-4cf0-ab32-21ca36d1de26/tasks/f9c752bd-5961-4dea-9211-09d956598e41","query":{}},"res":{"statusCode":200},"responseTime":1},"timestamp":"2020-10-18T17:27:15.787Z"}
info: HTTP GET /boards/d473ea0d-9a5d-4cf0-ab32-21ca36d1de26/tasks/c3060234-527f-4bdf-b7e3-a0503a8f3d91 {"meta":{"req":{"url":"/boards/d473ea0d-9a5d-4cf0-ab32-21ca36d1de26/tasks/c3060234-527f-4bdf-b7e3-a0503a8f3d91","query":{}},"res":{"statusCode":200},"responseTime":0},"timestamp":"2020-10-18T17:27:15.788Z"}
info: HTTP GET /boards/d473ea0d-9a5d-4cf0-ab32-21ca36d1de26/tasks/bfc982a1-4d06-4c3e-8fbc-621392166c3b {"meta":{"req":{"url":"/boards/d473ea0d-9a5d-4cf0-ab32-21ca36d1de26/tasks/bfc982a1-4d06-4c3e-8fbc-621392166c3b","query":{}},"res":{"statusCode":200},"responseTime":0},"timestamp":"2020-10-18T17:27:15.789Z"}
info: HTTP DELETE /boards/d473ea0d-9a5d-4cf0-ab32-21ca36d1de26 {"meta":{"req":{"url":"/boards/d473ea0d-9a5d-4cf0-ab32-21ca36d1de26","query":{}},"res":{"statusCode":200},"responseTime":0},"timestamp":"2020-10-18T17:27:15.790Z"}
info: HTTP GET /boards/d473ea0d-9a5d-4cf0-ab32-21ca36d1de26/tasks/18ea0005-54ed-404c-a880-ab9bdd55161c {"meta":{"req":{"url":"/boards/d473ea0d-9a5d-4cf0-ab32-21ca36d1de26/tasks/18ea0005-54ed-404c-a880-ab9bdd55161c","query":{}},"res":{"statusCode":404},"responseTime":0},"timestamp":"2020-10-18T17:27:15.792Z"}
info: HTTP GET /boards/d473ea0d-9a5d-4cf0-ab32-21ca36d1de26/tasks/ccd446b9-51c1-4ace-8e98-ab8d121daea1 {"meta":{"req":{"url":"/boards/d473ea0d-9a5d-4cf0-ab32-21ca36d1de26/tasks/ccd446b9-51c1-4ace-8e98-ab8d121daea1","query":{}},"res":{"statusCode":404},"responseTime":0},"timestamp":"2020-10-18T17:27:15.793Z"}
info: HTTP GET /boards/d473ea0d-9a5d-4cf0-ab32-21ca36d1de26/tasks/f9c752bd-5961-4dea-9211-09d956598e41 {"meta":{"req":{"url":"/boards/d473ea0d-9a5d-4cf0-ab32-21ca36d1de26/tasks/f9c752bd-5961-4dea-9211-09d956598e41","query":{}},"res":{"statusCode":404},"responseTime":1},"timestamp":"2020-10-18T17:27:15.795Z"}
info: HTTP GET /boards/d473ea0d-9a5d-4cf0-ab32-21ca36d1de26/tasks/c3060234-527f-4bdf-b7e3-a0503a8f3d91 {"meta":{"req":{"url":"/boards/d473ea0d-9a5d-4cf0-ab32-21ca36d1de26/tasks/c3060234-527f-4bdf-b7e3-a0503a8f3d91","query":{}},"res":{"statusCode":404},"responseTime":0},"timestamp":"2020-10-18T17:27:15.795Z"}
info: HTTP GET /boards/d473ea0d-9a5d-4cf0-ab32-21ca36d1de26/tasks/bfc982a1-4d06-4c3e-8fbc-621392166c3b {"meta":{"req":{"url":"/boards/d473ea0d-9a5d-4cf0-ab32-21ca36d1de26/tasks/bfc982a1-4d06-4c3e-8fbc-621392166c3b","query":{}},"res":{"statusCode":404},"responseTime":0},"timestamp":"2020-10-18T17:27:15.796Z"}
info: HTTP DELETE /boards/aeb734e4-2ecd-4a8a-8414-f1b5ff420e34 {"meta":{"req":{"url":"/boards/aeb734e4-2ecd-4a8a-8414-f1b5ff420e34","query":{}},"res":{"statusCode":200},"responseTime":1},"timestamp":"2020-10-18T17:27:15.798Z"}
info: HTTP GET /users {"meta":{"req":{"url":"/users","query":{}},"res":{"statusCode":200},"responseTime":2},"timestamp":"2020-10-18T17:37:52.444Z"}
info: HTTP POST /users {"meta":{"req":{"url":"/users","query":{},"body":{"name":"TEST_USER","login":"test_user","password":"T35t_P@55w0rd"}},"res":{"statusCode":200},"responseTime":0},"timestamp":"2020-10-18T17:37:52.455Z"}
info: HTTP GET /users/739770f5-a941-4122-b6ab-158cf2647697 {"meta":{"req":{"url":"/users/739770f5-a941-4122-b6ab-158cf2647697","query":{}},"res":{"statusCode":200},"responseTime":0},"timestamp":"2020-10-18T17:37:52.457Z"}
info: HTTP DELETE /users/739770f5-a941-4122-b6ab-158cf2647697 {"meta":{"req":{"url":"/users/739770f5-a941-4122-b6ab-158cf2647697","query":{}},"res":{"statusCode":200},"responseTime":0},"timestamp":"2020-10-18T17:37:52.460Z"}
info: HTTP POST /users {"meta":{"req":{"url":"/users","query":{},"body":{"name":"TEST_USER","login":"test_user","password":"T35t_P@55w0rd"}},"res":{"statusCode":200},"responseTime":0},"timestamp":"2020-10-18T17:37:52.462Z"}
info: HTTP DELETE /users/dc27606a-4f69-40f6-b6d6-c1c0a3253009 {"meta":{"req":{"url":"/users/dc27606a-4f69-40f6-b6d6-c1c0a3253009","query":{}},"res":{"statusCode":200},"responseTime":1},"timestamp":"2020-10-18T17:37:52.465Z"}
info: HTTP POST /users {"meta":{"req":{"url":"/users","query":{},"body":{"name":"TEST_USER","login":"test_user","password":"T35t_P@55w0rd"}},"res":{"statusCode":200},"responseTime":0},"timestamp":"2020-10-18T17:37:52.467Z"}
info: HTTP PUT /users/a2a495f5-c6bd-4a28-8a0d-dc6bcfd5322e {"meta":{"req":{"url":"/users/a2a495f5-c6bd-4a28-8a0d-dc6bcfd5322e","query":{},"body":{"name":"Autotest updated TEST_USER","login":"test_user","password":"T35t_P@55w0rd","id":"a2a495f5-c6bd-4a28-8a0d-dc6bcfd5322e"}},"res":{"statusCode":200},"responseTime":1},"timestamp":"2020-10-18T17:37:52.469Z"}
info: HTTP GET /users/a2a495f5-c6bd-4a28-8a0d-dc6bcfd5322e {"meta":{"req":{"url":"/users/a2a495f5-c6bd-4a28-8a0d-dc6bcfd5322e","query":{}},"res":{"statusCode":200},"responseTime":0},"timestamp":"2020-10-18T17:37:52.470Z"}
info: HTTP DELETE /users/a2a495f5-c6bd-4a28-8a0d-dc6bcfd5322e {"meta":{"req":{"url":"/users/a2a495f5-c6bd-4a28-8a0d-dc6bcfd5322e","query":{}},"res":{"statusCode":200},"responseTime":0},"timestamp":"2020-10-18T17:37:52.472Z"}
info: HTTP POST /users {"meta":{"req":{"url":"/users","query":{},"body":{"name":"TEST_USER","login":"test_user","password":"T35t_P@55w0rd"}},"res":{"statusCode":200},"responseTime":0},"timestamp":"2020-10-18T17:37:52.473Z"}
info: HTTP DELETE /users/055da482-db0c-4683-8d5f-c7cbbcd59820 {"meta":{"req":{"url":"/users/055da482-db0c-4683-8d5f-c7cbbcd59820","query":{}},"res":{"statusCode":200},"responseTime":0},"timestamp":"2020-10-18T17:37:52.474Z"}
info: HTTP POST /users {"meta":{"req":{"url":"/users","query":{},"body":{"name":"TEST_USER","login":"test_user","password":"T35t_P@55w0rd"}},"res":{"statusCode":200},"responseTime":1},"timestamp":"2020-10-18T17:37:52.476Z"}
info: HTTP POST /boards {"meta":{"req":{"url":"/boards","query":{},"body":{"title":"Autotest board","columns":[{"title":"Backlog","order":1},{"title":"Sprint","order":2}]}},"res":{"statusCode":200},"responseTime":0},"timestamp":"2020-10-18T17:37:52.478Z"}
info: HTTP POST /boards/7768b138-9a16-429c-b3cd-86a24cdde1b4/tasks {"meta":{"req":{"url":"/boards/7768b138-9a16-429c-b3cd-86a24cdde1b4/tasks","query":{},"body":{"title":"Task #2","order":2,"description":"Lorem ipsum","userId":"76441e73-3ba9-43da-843d-b6e5e762fee6","boardId":"7768b138-9a16-429c-b3cd-86a24cdde1b4"}},"res":{"statusCode":200},"responseTime":0},"timestamp":"2020-10-18T17:37:52.480Z"}
info: HTTP POST /boards/7768b138-9a16-429c-b3cd-86a24cdde1b4/tasks {"meta":{"req":{"url":"/boards/7768b138-9a16-429c-b3cd-86a24cdde1b4/tasks","query":{},"body":{"title":"Task #1","order":1,"description":"Lorem ipsum","userId":"76441e73-3ba9-43da-843d-b6e5e762fee6","boardId":"7768b138-9a16-429c-b3cd-86a24cdde1b4"}},"res":{"statusCode":200},"responseTime":0},"timestamp":"2020-10-18T17:37:52.480Z"}
info: HTTP DELETE /users/76441e73-3ba9-43da-843d-b6e5e762fee6 {"meta":{"req":{"url":"/users/76441e73-3ba9-43da-843d-b6e5e762fee6","query":{}},"res":{"statusCode":200},"responseTime":0},"timestamp":"2020-10-18T17:37:52.482Z"}
info: HTTP GET /boards/7768b138-9a16-429c-b3cd-86a24cdde1b4/tasks/e852d9bb-91b1-48d3-b502-fdb8cc77af3c {"meta":{"req":{"url":"/boards/7768b138-9a16-429c-b3cd-86a24cdde1b4/tasks/e852d9bb-91b1-48d3-b502-fdb8cc77af3c","query":{}},"res":{"statusCode":200},"responseTime":0},"timestamp":"2020-10-18T17:37:52.483Z"}
info: HTTP GET /boards/7768b138-9a16-429c-b3cd-86a24cdde1b4/tasks/c246677c-4458-4f2b-8e54-5eae1a352aa0 {"meta":{"req":{"url":"/boards/7768b138-9a16-429c-b3cd-86a24cdde1b4/tasks/c246677c-4458-4f2b-8e54-5eae1a352aa0","query":{}},"res":{"statusCode":200},"responseTime":0},"timestamp":"2020-10-18T17:37:52.484Z"}
info: HTTP DELETE /boards/7768b138-9a16-429c-b3cd-86a24cdde1b4/tasks/e852d9bb-91b1-48d3-b502-fdb8cc77af3c {"meta":{"req":{"url":"/boards/7768b138-9a16-429c-b3cd-86a24cdde1b4/tasks/e852d9bb-91b1-48d3-b502-fdb8cc77af3c","query":{}},"res":{"statusCode":200},"responseTime":1},"timestamp":"2020-10-18T17:37:52.486Z"}
info: HTTP DELETE /boards/7768b138-9a16-429c-b3cd-86a24cdde1b4/tasks/c246677c-4458-4f2b-8e54-5eae1a352aa0 {"meta":{"req":{"url":"/boards/7768b138-9a16-429c-b3cd-86a24cdde1b4/tasks/c246677c-4458-4f2b-8e54-5eae1a352aa0","query":{}},"res":{"statusCode":200},"responseTime":1},"timestamp":"2020-10-18T17:37:52.487Z"}
info: HTTP DELETE /boards/7768b138-9a16-429c-b3cd-86a24cdde1b4 {"meta":{"req":{"url":"/boards/7768b138-9a16-429c-b3cd-86a24cdde1b4","query":{}},"res":{"statusCode":200},"responseTime":1},"timestamp":"2020-10-18T17:37:52.488Z"}
info: HTTP POST /boards {"meta":{"req":{"url":"/boards","query":{},"body":{"title":"Autotest board","columns":[{"title":"Backlog","order":1},{"title":"Sprint","order":2}]}},"res":{"statusCode":200},"responseTime":0},"timestamp":"2020-10-18T17:37:52.551Z"}
info: HTTP POST /boards/ddb0fda3-5d88-4dd5-872e-d5fec2f5b708/tasks {"meta":{"req":{"url":"/boards/ddb0fda3-5d88-4dd5-872e-d5fec2f5b708/tasks","query":{},"body":{"title":"Autotest task","order":0,"description":"Lorem ipsum","userId":null,"boardId":null,"columnId":null}},"res":{"statusCode":200},"responseTime":0},"timestamp":"2020-10-18T17:37:52.554Z"}
info: HTTP GET /boards/ddb0fda3-5d88-4dd5-872e-d5fec2f5b708/tasks {"meta":{"req":{"url":"/boards/ddb0fda3-5d88-4dd5-872e-d5fec2f5b708/tasks","query":{}},"res":{"statusCode":200},"responseTime":0},"timestamp":"2020-10-18T17:37:52.555Z"}
info: HTTP GET /boards/ddb0fda3-5d88-4dd5-872e-d5fec2f5b708/tasks {"meta":{"req":{"url":"/boards/ddb0fda3-5d88-4dd5-872e-d5fec2f5b708/tasks","query":{}},"res":{"statusCode":200},"responseTime":0},"timestamp":"2020-10-18T17:37:52.558Z"}
info: HTTP GET /boards/ddb0fda3-5d88-4dd5-872e-d5fec2f5b708/tasks/63b88b0a-b31b-4d0c-9b7e-770c794ac1d0 {"meta":{"req":{"url":"/boards/ddb0fda3-5d88-4dd5-872e-d5fec2f5b708/tasks/63b88b0a-b31b-4d0c-9b7e-770c794ac1d0","query":{}},"res":{"statusCode":200},"responseTime":0},"timestamp":"2020-10-18T17:37:52.560Z"}
info: HTTP POST /boards/ddb0fda3-5d88-4dd5-872e-d5fec2f5b708/tasks {"meta":{"req":{"url":"/boards/ddb0fda3-5d88-4dd5-872e-d5fec2f5b708/tasks","query":{},"body":{"title":"Autotest task","order":0,"description":"Lorem ipsum","userId":null,"boardId":null,"columnId":null}},"res":{"statusCode":200},"responseTime":0},"timestamp":"2020-10-18T17:37:52.563Z"}
info: HTTP DELETE /boards/ddb0fda3-5d88-4dd5-872e-d5fec2f5b708/tasks/0597873e-944d-4445-ba10-2aba7b8cdd3f {"meta":{"req":{"url":"/boards/ddb0fda3-5d88-4dd5-872e-d5fec2f5b708/tasks/0597873e-944d-4445-ba10-2aba7b8cdd3f","query":{}},"res":{"statusCode":200},"responseTime":0},"timestamp":"2020-10-18T17:37:52.565Z"}
info: HTTP POST /boards/ddb0fda3-5d88-4dd5-872e-d5fec2f5b708/tasks {"meta":{"req":{"url":"/boards/ddb0fda3-5d88-4dd5-872e-d5fec2f5b708/tasks","query":{},"body":{"title":"Autotest task","order":0,"description":"Lorem ipsum","userId":null,"boardId":null,"columnId":null}},"res":{"statusCode":200},"responseTime":0},"timestamp":"2020-10-18T17:37:52.568Z"}
info: HTTP PUT /boards/ddb0fda3-5d88-4dd5-872e-d5fec2f5b708/tasks/2e6fc44c-69f8-45ad-b999-6ed207d8903e {"meta":{"req":{"url":"/boards/ddb0fda3-5d88-4dd5-872e-d5fec2f5b708/tasks/2e6fc44c-69f8-45ad-b999-6ed207d8903e","query":{},"body":{"id":"2e6fc44c-69f8-45ad-b999-6ed207d8903e","title":"Autotest updated task","order":0,"description":"Lorem ipsum","userId":null,"boardId":"ddb0fda3-5d88-4dd5-872e-d5fec2f5b708","columnId":null}},"res":{"statusCode":200},"responseTime":1},"timestamp":"2020-10-18T17:37:52.573Z"}
info: HTTP GET /boards/ddb0fda3-5d88-4dd5-872e-d5fec2f5b708/tasks/2e6fc44c-69f8-45ad-b999-6ed207d8903e {"meta":{"req":{"url":"/boards/ddb0fda3-5d88-4dd5-872e-d5fec2f5b708/tasks/2e6fc44c-69f8-45ad-b999-6ed207d8903e","query":{}},"res":{"statusCode":200},"responseTime":1},"timestamp":"2020-10-18T17:37:52.575Z"}
info: HTTP GET /boards/ddb0fda3-5d88-4dd5-872e-d5fec2f5b708/tasks/63b88b0a-b31b-4d0c-9b7e-770c794ac1d0 {"meta":{"req":{"url":"/boards/ddb0fda3-5d88-4dd5-872e-d5fec2f5b708/tasks/63b88b0a-b31b-4d0c-9b7e-770c794ac1d0","query":{}},"res":{"statusCode":200},"responseTime":0},"timestamp":"2020-10-18T17:37:52.577Z"}
info: HTTP DELETE /boards/ddb0fda3-5d88-4dd5-872e-d5fec2f5b708/tasks/63b88b0a-b31b-4d0c-9b7e-770c794ac1d0 {"meta":{"req":{"url":"/boards/ddb0fda3-5d88-4dd5-872e-d5fec2f5b708/tasks/63b88b0a-b31b-4d0c-9b7e-770c794ac1d0","query":{}},"res":{"statusCode":200},"responseTime":1},"timestamp":"2020-10-18T17:37:52.578Z"}
info: HTTP GET /boards/ddb0fda3-5d88-4dd5-872e-d5fec2f5b708/tasks/63b88b0a-b31b-4d0c-9b7e-770c794ac1d0 {"meta":{"req":{"url":"/boards/ddb0fda3-5d88-4dd5-872e-d5fec2f5b708/tasks/63b88b0a-b31b-4d0c-9b7e-770c794ac1d0","query":{}},"res":{"statusCode":404},"responseTime":1},"timestamp":"2020-10-18T17:37:52.580Z"}
info: HTTP DELETE /boards/ddb0fda3-5d88-4dd5-872e-d5fec2f5b708 {"meta":{"req":{"url":"/boards/ddb0fda3-5d88-4dd5-872e-d5fec2f5b708","query":{}},"res":{"statusCode":200},"responseTime":1},"timestamp":"2020-10-18T17:37:52.583Z"}
info: HTTP POST /boards {"meta":{"req":{"url":"/boards","query":{},"body":{"title":"Autotest board","columns":[{"title":"Backlog","order":1},{"title":"Sprint","order":2}]}},"res":{"statusCode":200},"responseTime":0},"timestamp":"2020-10-18T17:37:52.653Z"}
info: HTTP GET /boards {"meta":{"req":{"url":"/boards","query":{}},"res":{"statusCode":200},"responseTime":0},"timestamp":"2020-10-18T17:37:52.655Z"}
info: HTTP GET /boards {"meta":{"req":{"url":"/boards","query":{}},"res":{"statusCode":200},"responseTime":0},"timestamp":"2020-10-18T17:37:52.657Z"}
info: HTTP GET /boards/7a38249a-2ed9-42cf-baec-f5809acfba12 {"meta":{"req":{"url":"/boards/7a38249a-2ed9-42cf-baec-f5809acfba12","query":{}},"res":{"statusCode":200},"responseTime":0},"timestamp":"2020-10-18T17:37:52.658Z"}
info: HTTP POST /boards {"meta":{"req":{"url":"/boards","query":{},"body":{"title":"Autotest board","columns":[{"title":"Backlog","order":1},{"title":"Sprint","order":2}]}},"res":{"statusCode":200},"responseTime":0},"timestamp":"2020-10-18T17:37:52.660Z"}
info: HTTP DELETE /boards/14c08f69-2aea-419d-81eb-a0d9c74c45a3 {"meta":{"req":{"url":"/boards/14c08f69-2aea-419d-81eb-a0d9c74c45a3","query":{}},"res":{"statusCode":200},"responseTime":0},"timestamp":"2020-10-18T17:37:52.661Z"}
info: HTTP POST /boards {"meta":{"req":{"url":"/boards","query":{},"body":{"title":"Autotest board","columns":[{"title":"Backlog","order":1},{"title":"Sprint","order":2}]}},"res":{"statusCode":200},"responseTime":0},"timestamp":"2020-10-18T17:37:52.663Z"}
info: HTTP PUT /boards/300e828e-d3bb-4590-9b46-8df90e8e30a1 {"meta":{"req":{"url":"/boards/300e828e-d3bb-4590-9b46-8df90e8e30a1","query":{},"body":{"id":"300e828e-d3bb-4590-9b46-8df90e8e30a1","title":"Autotest updated board","columns":[{"title":"Backlog","order":1},{"title":"Sprint","order":2}]}},"res":{"statusCode":200},"responseTime":0},"timestamp":"2020-10-18T17:37:52.667Z"}
info: HTTP GET /boards/300e828e-d3bb-4590-9b46-8df90e8e30a1 {"meta":{"req":{"url":"/boards/300e828e-d3bb-4590-9b46-8df90e8e30a1","query":{}},"res":{"statusCode":200},"responseTime":0},"timestamp":"2020-10-18T17:37:52.668Z"}
info: HTTP DELETE /boards/300e828e-d3bb-4590-9b46-8df90e8e30a1 {"meta":{"req":{"url":"/boards/300e828e-d3bb-4590-9b46-8df90e8e30a1","query":{}},"res":{"statusCode":200},"responseTime":0},"timestamp":"2020-10-18T17:37:52.669Z"}
info: HTTP POST /boards {"meta":{"req":{"url":"/boards","query":{},"body":{"title":"Autotest board","columns":[{"title":"Backlog","order":1},{"title":"Sprint","order":2}]}},"res":{"statusCode":200},"responseTime":0},"timestamp":"2020-10-18T17:37:52.671Z"}
info: HTTP DELETE /boards/234b4485-9ecf-428d-8eb8-cfbd86d9c32b {"meta":{"req":{"url":"/boards/234b4485-9ecf-428d-8eb8-cfbd86d9c32b","query":{}},"res":{"statusCode":200},"responseTime":0},"timestamp":"2020-10-18T17:37:52.672Z"}
info: HTTP GET /boards/234b4485-9ecf-428d-8eb8-cfbd86d9c32b {"meta":{"req":{"url":"/boards/234b4485-9ecf-428d-8eb8-cfbd86d9c32b","query":{}},"res":{"statusCode":404},"responseTime":0},"timestamp":"2020-10-18T17:37:52.673Z"}
info: HTTP POST /boards {"meta":{"req":{"url":"/boards","query":{},"body":{"title":"Autotest board","columns":[{"title":"Backlog","order":1},{"title":"Sprint","order":2}]}},"res":{"statusCode":200},"responseTime":0},"timestamp":"2020-10-18T17:37:52.674Z"}
info: HTTP POST /boards/67430e28-2e11-40c9-998f-d7a919626696/tasks {"meta":{"req":{"url":"/boards/67430e28-2e11-40c9-998f-d7a919626696/tasks","query":{},"body":{"title":"Task #1","order":1,"description":"Lorem ipsum","boardId":"67430e28-2e11-40c9-998f-d7a919626696","userId":null,"columnId":null}},"res":{"statusCode":200},"responseTime":0},"timestamp":"2020-10-18T17:37:52.677Z"}
info: HTTP POST /boards/67430e28-2e11-40c9-998f-d7a919626696/tasks {"meta":{"req":{"url":"/boards/67430e28-2e11-40c9-998f-d7a919626696/tasks","query":{},"body":{"title":"Task #2","order":2,"description":"Lorem ipsum","boardId":"67430e28-2e11-40c9-998f-d7a919626696","userId":null,"columnId":null}},"res":{"statusCode":200},"responseTime":0},"timestamp":"2020-10-18T17:37:52.678Z"}
info: HTTP POST /boards/67430e28-2e11-40c9-998f-d7a919626696/tasks {"meta":{"req":{"url":"/boards/67430e28-2e11-40c9-998f-d7a919626696/tasks","query":{},"body":{"title":"Task #4","order":4,"description":"Lorem ipsum","boardId":"67430e28-2e11-40c9-998f-d7a919626696","userId":null,"columnId":null}},"res":{"statusCode":200},"responseTime":0},"timestamp":"2020-10-18T17:37:52.678Z"}
info: HTTP POST /boards/67430e28-2e11-40c9-998f-d7a919626696/tasks {"meta":{"req":{"url":"/boards/67430e28-2e11-40c9-998f-d7a919626696/tasks","query":{},"body":{"title":"Task #3","order":3,"description":"Lorem ipsum","boardId":"67430e28-2e11-40c9-998f-d7a919626696","userId":null,"columnId":null}},"res":{"statusCode":200},"responseTime":0},"timestamp":"2020-10-18T17:37:52.680Z"}
info: HTTP POST /boards/67430e28-2e11-40c9-998f-d7a919626696/tasks {"meta":{"req":{"url":"/boards/67430e28-2e11-40c9-998f-d7a919626696/tasks","query":{},"body":{"title":"Task #5","order":5,"description":"Lorem ipsum","boardId":"67430e28-2e11-40c9-998f-d7a919626696","userId":null,"columnId":null}},"res":{"statusCode":200},"responseTime":1},"timestamp":"2020-10-18T17:37:52.681Z"}
info: HTTP GET /boards/67430e28-2e11-40c9-998f-d7a919626696/tasks/df2cd675-a6ae-4986-8e59-cb6cb332217f {"meta":{"req":{"url":"/boards/67430e28-2e11-40c9-998f-d7a919626696/tasks/df2cd675-a6ae-4986-8e59-cb6cb332217f","query":{}},"res":{"statusCode":200},"responseTime":0},"timestamp":"2020-10-18T17:37:52.683Z"}
info: HTTP GET /boards/67430e28-2e11-40c9-998f-d7a919626696/tasks/a4b3bed9-eeb9-4126-b04e-0cfceacc919e {"meta":{"req":{"url":"/boards/67430e28-2e11-40c9-998f-d7a919626696/tasks/a4b3bed9-eeb9-4126-b04e-0cfceacc919e","query":{}},"res":{"statusCode":200},"responseTime":0},"timestamp":"2020-10-18T17:37:52.683Z"}
info: HTTP GET /boards/67430e28-2e11-40c9-998f-d7a919626696/tasks/a4d1a4f9-4edb-4020-a233-c7cfcbdb491a {"meta":{"req":{"url":"/boards/67430e28-2e11-40c9-998f-d7a919626696/tasks/a4d1a4f9-4edb-4020-a233-c7cfcbdb491a","query":{}},"res":{"statusCode":200},"responseTime":0},"timestamp":"2020-10-18T17:37:52.684Z"}
info: HTTP GET /boards/67430e28-2e11-40c9-998f-d7a919626696/tasks/9d699c02-6913-40a9-925c-f52d61e234cf {"meta":{"req":{"url":"/boards/67430e28-2e11-40c9-998f-d7a919626696/tasks/9d699c02-6913-40a9-925c-f52d61e234cf","query":{}},"res":{"statusCode":200},"responseTime":1},"timestamp":"2020-10-18T17:37:52.685Z"}
info: HTTP GET /boards/67430e28-2e11-40c9-998f-d7a919626696/tasks/70c38981-d126-42fa-b339-e58efc0b90c7 {"meta":{"req":{"url":"/boards/67430e28-2e11-40c9-998f-d7a919626696/tasks/70c38981-d126-42fa-b339-e58efc0b90c7","query":{}},"res":{"statusCode":200},"responseTime":0},"timestamp":"2020-10-18T17:37:52.685Z"}
info: HTTP DELETE /boards/67430e28-2e11-40c9-998f-d7a919626696 {"meta":{"req":{"url":"/boards/67430e28-2e11-40c9-998f-d7a919626696","query":{}},"res":{"statusCode":200},"responseTime":0},"timestamp":"2020-10-18T17:37:52.687Z"}
info: HTTP GET /boards/67430e28-2e11-40c9-998f-d7a919626696/tasks/a4d1a4f9-4edb-4020-a233-c7cfcbdb491a {"meta":{"req":{"url":"/boards/67430e28-2e11-40c9-998f-d7a919626696/tasks/a4d1a4f9-4edb-4020-a233-c7cfcbdb491a","query":{}},"res":{"statusCode":404},"responseTime":0},"timestamp":"2020-10-18T17:37:52.688Z"}
info: HTTP GET /boards/67430e28-2e11-40c9-998f-d7a919626696/tasks/df2cd675-a6ae-4986-8e59-cb6cb332217f {"meta":{"req":{"url":"/boards/67430e28-2e11-40c9-998f-d7a919626696/tasks/df2cd675-a6ae-4986-8e59-cb6cb332217f","query":{}},"res":{"statusCode":404},"responseTime":0},"timestamp":"2020-10-18T17:37:52.690Z"}
info: HTTP GET /boards/67430e28-2e11-40c9-998f-d7a919626696/tasks/70c38981-d126-42fa-b339-e58efc0b90c7 {"meta":{"req":{"url":"/boards/67430e28-2e11-40c9-998f-d7a919626696/tasks/70c38981-d126-42fa-b339-e58efc0b90c7","query":{}},"res":{"statusCode":404},"responseTime":0},"timestamp":"2020-10-18T17:37:52.690Z"}
info: HTTP GET /boards/67430e28-2e11-40c9-998f-d7a919626696/tasks/a4b3bed9-eeb9-4126-b04e-0cfceacc919e {"meta":{"req":{"url":"/boards/67430e28-2e11-40c9-998f-d7a919626696/tasks/a4b3bed9-eeb9-4126-b04e-0cfceacc919e","query":{}},"res":{"statusCode":404},"responseTime":0},"timestamp":"2020-10-18T17:37:52.691Z"}
info: HTTP GET /boards/67430e28-2e11-40c9-998f-d7a919626696/tasks/9d699c02-6913-40a9-925c-f52d61e234cf {"meta":{"req":{"url":"/boards/67430e28-2e11-40c9-998f-d7a919626696/tasks/9d699c02-6913-40a9-925c-f52d61e234cf","query":{}},"res":{"statusCode":404},"responseTime":0},"timestamp":"2020-10-18T17:37:52.692Z"}
info: HTTP DELETE /boards/27baec75-08ff-447e-bb87-8917c1f1a6f9 {"meta":{"req":{"url":"/boards/27baec75-08ff-447e-bb87-8917c1f1a6f9","query":{}},"res":{"statusCode":200},"responseTime":0},"timestamp":"2020-10-18T17:37:52.693Z"}
