info: HTTP POST /boards/5f9d9f056b316c297de89124/tasks {"meta":{"req":{"url":"/boards/5f9d9f056b316c297de89124/tasks","query":{},"body":{"title":"Task #5","order":5,"description":"Lorem ipsum","boardId":"5f9d9f056b316c297de89124","userId":null,"columnId":null}},"res":{"statusCode":200},"responseTime":180},"timestamp":"2020-10-31T17:29:41.877Z"}
info: HTTP POST /boards/5f9d9f056b316c297de89124/tasks {"meta":{"req":{"url":"/boards/5f9d9f056b316c297de89124/tasks","query":{},"body":{"title":"Task #3","order":3,"description":"Lorem ipsum","boardId":"5f9d9f056b316c297de89124","userId":null,"columnId":null}},"res":{"statusCode":200},"responseTime":189},"timestamp":"2020-10-31T17:29:41.885Z"}
info: HTTP DELETE /boards/5f9d9f046b316c297de8911c {"meta":{"req":{"url":"/boards/5f9d9f046b316c297de8911c","query":{}},"res":{"statusCode":200},"responseTime":356},"timestamp":"2020-10-31T17:29:41.909Z"}
info: HTTP DELETE /users/5f9d9f056b316c297de89122 {"meta":{"req":{"url":"/users/5f9d9f056b316c297de89122","query":{}},"res":{"statusCode":200},"responseTime":358},"timestamp":"2020-10-31T17:29:41.991Z"}
info: HTTP DELETE /users/5f9d9f056b316c297de89123 {"meta":{"req":{"url":"/users/5f9d9f056b316c297de89123","query":{}},"res":{"statusCode":200},"responseTime":384},"timestamp":"2020-10-31T17:29:42.072Z"}
info: HTTP GET /boards/5f9d9f056b316c297de89124/tasks/5f9d9f056b316c297de89127 {"meta":{"req":{"url":"/boards/5f9d9f056b316c297de89124/tasks/5f9d9f056b316c297de89127","query":{}},"res":{"statusCode":200},"responseTime":182},"timestamp":"2020-10-31T17:29:42.075Z"}
info: HTTP GET /boards/5f9d9f056b316c297de89124/tasks/5f9d9f056b316c297de89125 {"meta":{"req":{"url":"/boards/5f9d9f056b316c297de89124/tasks/5f9d9f056b316c297de89125","query":{}},"res":{"statusCode":200},"responseTime":187},"timestamp":"2020-10-31T17:29:42.076Z"}
info: HTTP GET /boards/5f9d9f056b316c297de89124/tasks/5f9d9f056b316c297de89126 {"meta":{"req":{"url":"/boards/5f9d9f056b316c297de89124/tasks/5f9d9f056b316c297de89126","query":{}},"res":{"statusCode":200},"responseTime":187},"timestamp":"2020-10-31T17:29:42.077Z"}
info: HTTP GET /boards/5f9d9f056b316c297de89124/tasks/5f9d9f056b316c297de89128 {"meta":{"req":{"url":"/boards/5f9d9f056b316c297de89124/tasks/5f9d9f056b316c297de89128","query":{}},"res":{"statusCode":200},"responseTime":186},"timestamp":"2020-10-31T17:29:42.078Z"}
info: HTTP GET /boards/5f9d9f056b316c297de89124/tasks/5f9d9f056b316c297de89129 {"meta":{"req":{"url":"/boards/5f9d9f056b316c297de89124/tasks/5f9d9f056b316c297de89129","query":{}},"res":{"statusCode":200},"responseTime":186},"timestamp":"2020-10-31T17:29:42.078Z"}
info: HTTP GET /boards/5f9d9f046b316c297de8911c/tasks/5f9d9f056b316c297de89120 {"meta":{"req":{"url":"/boards/5f9d9f046b316c297de8911c/tasks/5f9d9f056b316c297de89120","query":{}},"res":{"statusCode":404},"responseTime":231},"timestamp":"2020-10-31T17:29:42.146Z"}
info: HTTP GET /boards/5f9d9f046b316c297de8911c/tasks/5f9d9f056b316c297de8911d {"meta":{"req":{"url":"/boards/5f9d9f046b316c297de8911c/tasks/5f9d9f056b316c297de8911d","query":{}},"res":{"statusCode":404},"responseTime":233},"timestamp":"2020-10-31T17:29:42.146Z"}
info: HTTP GET /boards/5f9d9f046b316c297de8911c/tasks/5f9d9f056b316c297de8911e {"meta":{"req":{"url":"/boards/5f9d9f046b316c297de8911c/tasks/5f9d9f056b316c297de8911e","query":{}},"res":{"statusCode":404},"responseTime":233},"timestamp":"2020-10-31T17:29:42.147Z"}
info: HTTP GET /boards/5f9d9f046b316c297de8911c/tasks/5f9d9f056b316c297de8911f {"meta":{"req":{"url":"/boards/5f9d9f046b316c297de8911c/tasks/5f9d9f056b316c297de8911f","query":{}},"res":{"statusCode":404},"responseTime":249},"timestamp":"2020-10-31T17:29:42.167Z"}
info: HTTP GET /boards/5f9d9f046b316c297de8911c/tasks/5f9d9f056b316c297de89121 {"meta":{"req":{"url":"/boards/5f9d9f046b316c297de8911c/tasks/5f9d9f056b316c297de89121","query":{}},"res":{"statusCode":404},"responseTime":328},"timestamp":"2020-10-31T17:29:42.246Z"}
info: HTTP POST /users {"meta":{"req":{"url":"/users","query":{},"body":{"name":"TEST_USER","login":"test_user","password":"T35t_P@55w0rd"}},"res":{"statusCode":200},"responseTime":431},"timestamp":"2020-10-31T17:29:42.425Z"}
info: HTTP POST /users {"meta":{"req":{"url":"/users","query":{},"body":{"name":"TEST_USER","login":"test_user","password":"T35t_P@55w0rd"}},"res":{"statusCode":200},"responseTime":419},"timestamp":"2020-10-31T17:29:42.498Z"}
info: HTTP DELETE /boards/5f9d9f056b316c297de89124 {"meta":{"req":{"url":"/boards/5f9d9f056b316c297de89124","query":{}},"res":{"statusCode":200},"responseTime":352},"timestamp":"2020-10-31T17:29:42.499Z"}
info: HTTP DELETE /boards/5f9d9f016b316c297de89107 {"meta":{"req":{"url":"/boards/5f9d9f016b316c297de89107","query":{}},"res":{"statusCode":200},"responseTime":353},"timestamp":"2020-10-31T17:29:42.603Z"}
info: HTTP POST /boards {"meta":{"req":{"url":"/boards","query":{},"body":{"title":"Autotest board","columns":[{"title":"Backlog","order":1},{"title":"Sprint","order":2}]}},"res":{"statusCode":200},"responseTime":179},"timestamp":"2020-10-31T17:29:42.606Z"}
info: HTTP GET /boards/5f9d9f056b316c297de89124/tasks/5f9d9f056b316c297de89126 {"meta":{"req":{"url":"/boards/5f9d9f056b316c297de89124/tasks/5f9d9f056b316c297de89126","query":{}},"res":{"statusCode":404},"responseTime":173},"timestamp":"2020-10-31T17:29:42.676Z"}
info: HTTP GET /boards/5f9d9f056b316c297de89124/tasks/5f9d9f056b316c297de89127 {"meta":{"req":{"url":"/boards/5f9d9f056b316c297de89124/tasks/5f9d9f056b316c297de89127","query":{}},"res":{"statusCode":404},"responseTime":172},"timestamp":"2020-10-31T17:29:42.677Z"}
info: HTTP POST /boards {"meta":{"req":{"url":"/boards","query":{},"body":{"title":"Autotest board","columns":[{"title":"Backlog","order":1},{"title":"Sprint","order":2}]}},"res":{"statusCode":200},"responseTime":178},"timestamp":"2020-10-31T17:29:42.678Z"}
info: HTTP GET /boards/5f9d9f056b316c297de89124/tasks/5f9d9f056b316c297de89129 {"meta":{"req":{"url":"/boards/5f9d9f056b316c297de89124/tasks/5f9d9f056b316c297de89129","query":{}},"res":{"statusCode":404},"responseTime":175},"timestamp":"2020-10-31T17:29:42.681Z"}
info: HTTP GET /boards/5f9d9f056b316c297de89124/tasks/5f9d9f056b316c297de89128 {"meta":{"req":{"url":"/boards/5f9d9f056b316c297de89124/tasks/5f9d9f056b316c297de89128","query":{}},"res":{"statusCode":404},"responseTime":177},"timestamp":"2020-10-31T17:29:42.682Z"}
info: HTTP GET /boards/5f9d9f056b316c297de89124/tasks/5f9d9f056b316c297de89125 {"meta":{"req":{"url":"/boards/5f9d9f056b316c297de89124/tasks/5f9d9f056b316c297de89125","query":{}},"res":{"statusCode":404},"responseTime":178},"timestamp":"2020-10-31T17:29:42.683Z"}
info: HTTP POST /boards/5f9d9f066b316c297de8912c/tasks {"meta":{"req":{"url":"/boards/5f9d9f066b316c297de8912c/tasks","query":{},"body":{"title":"Task #1","order":1,"description":"Lorem ipsum","userId":"5f9d9f066b316c297de8912a","boardId":"5f9d9f066b316c297de8912c"}},"res":{"statusCode":200},"responseTime":178},"timestamp":"2020-10-31T17:29:42.787Z"}
info: HTTP POST /boards/5f9d9f066b316c297de8912c/tasks {"meta":{"req":{"url":"/boards/5f9d9f066b316c297de8912c/tasks","query":{},"body":{"title":"Task #2","order":2,"description":"Lorem ipsum","userId":"5f9d9f066b316c297de8912a","boardId":"5f9d9f066b316c297de8912c"}},"res":{"statusCode":200},"responseTime":180},"timestamp":"2020-10-31T17:29:42.788Z"}
info: HTTP POST /boards/5f9d9f066b316c297de8912d/tasks {"meta":{"req":{"url":"/boards/5f9d9f066b316c297de8912d/tasks","query":{},"body":{"title":"Task #1","order":1,"description":"Lorem ipsum","userId":"5f9d9f066b316c297de8912b","boardId":"5f9d9f066b316c297de8912d"}},"res":{"statusCode":200},"responseTime":179},"timestamp":"2020-10-31T17:29:42.863Z"}
info: HTTP POST /boards/5f9d9f066b316c297de8912d/tasks {"meta":{"req":{"url":"/boards/5f9d9f066b316c297de8912d/tasks","query":{},"body":{"title":"Task #2","order":2,"description":"Lorem ipsum","userId":"5f9d9f066b316c297de8912b","boardId":"5f9d9f066b316c297de8912d"}},"res":{"statusCode":200},"responseTime":189},"timestamp":"2020-10-31T17:29:42.873Z"}
info: HTTP DELETE /boards/5f9d9f026b316c297de89109 {"meta":{"req":{"url":"/boards/5f9d9f026b316c297de89109","query":{}},"res":{"statusCode":200},"responseTime":351},"timestamp":"2020-10-31T17:29:43.037Z"}
info: HTTP DELETE /users/5f9d9f066b316c297de8912a {"meta":{"req":{"url":"/users/5f9d9f066b316c297de8912a","query":{}},"res":{"statusCode":200},"responseTime":359},"timestamp":"2020-10-31T17:29:43.150Z"}
info: HTTP DELETE /users/5f9d9f066b316c297de8912b {"meta":{"req":{"url":"/users/5f9d9f066b316c297de8912b","query":{}},"res":{"statusCode":200},"responseTime":369},"timestamp":"2020-10-31T17:29:43.245Z"}
info: HTTP GET /boards/5f9d9f066b316c297de8912c/tasks/5f9d9f066b316c297de8912f {"meta":{"req":{"url":"/boards/5f9d9f066b316c297de8912c/tasks/5f9d9f066b316c297de8912f","query":{}},"res":{"statusCode":200},"responseTime":178},"timestamp":"2020-10-31T17:29:43.330Z"}
info: HTTP GET /boards/5f9d9f066b316c297de8912d/tasks/5f9d9f066b316c297de89131 {"meta":{"req":{"url":"/boards/5f9d9f066b316c297de8912d/tasks/5f9d9f066b316c297de89131","query":{}},"res":{"statusCode":200},"responseTime":181},"timestamp":"2020-10-31T17:29:43.429Z"}
info: HTTP GET /boards/5f9d9f066b316c297de8912c/tasks/5f9d9f066b316c297de8912e {"meta":{"req":{"url":"/boards/5f9d9f066b316c297de8912c/tasks/5f9d9f066b316c297de8912e","query":{}},"res":{"statusCode":200},"responseTime":177},"timestamp":"2020-10-31T17:29:43.510Z"}
info: HTTP GET /boards/5f9d9f066b316c297de8912d/tasks/5f9d9f066b316c297de89130 {"meta":{"req":{"url":"/boards/5f9d9f066b316c297de8912d/tasks/5f9d9f066b316c297de89130","query":{}},"res":{"statusCode":200},"responseTime":175},"timestamp":"2020-10-31T17:29:43.607Z"}
info: HTTP DELETE /boards/5f9d9f066b316c297de8912c/tasks/5f9d9f066b316c297de8912f {"meta":{"req":{"url":"/boards/5f9d9f066b316c297de8912c/tasks/5f9d9f066b316c297de8912f","query":{}},"res":{"statusCode":200},"responseTime":183},"timestamp":"2020-10-31T17:29:43.697Z"}
info: HTTP DELETE /boards/5f9d9f066b316c297de8912c/tasks/5f9d9f066b316c297de8912e {"meta":{"req":{"url":"/boards/5f9d9f066b316c297de8912c/tasks/5f9d9f066b316c297de8912e","query":{}},"res":{"statusCode":200},"responseTime":185},"timestamp":"2020-10-31T17:29:43.698Z"}
info: HTTP DELETE /boards/5f9d9f066b316c297de8912d/tasks/5f9d9f066b316c297de89130 {"meta":{"req":{"url":"/boards/5f9d9f066b316c297de8912d/tasks/5f9d9f066b316c297de89130","query":{}},"res":{"statusCode":200},"responseTime":175},"timestamp":"2020-10-31T17:29:43.785Z"}
info: HTTP DELETE /boards/5f9d9f066b316c297de8912d/tasks/5f9d9f066b316c297de89131 {"meta":{"req":{"url":"/boards/5f9d9f066b316c297de8912d/tasks/5f9d9f066b316c297de89131","query":{}},"res":{"statusCode":200},"responseTime":184},"timestamp":"2020-10-31T17:29:43.794Z"}
info: HTTP DELETE /boards/5f9d9f066b316c297de8912c {"meta":{"req":{"url":"/boards/5f9d9f066b316c297de8912c","query":{}},"res":{"statusCode":200},"responseTime":353},"timestamp":"2020-10-31T17:29:44.053Z"}
info: HTTP DELETE /boards/5f9d9f066b316c297de8912d {"meta":{"req":{"url":"/boards/5f9d9f066b316c297de8912d","query":{}},"res":{"statusCode":200},"responseTime":351},"timestamp":"2020-10-31T17:29:44.148Z"}
info: HTTP GET /users {"meta":{"req":{"url":"/users","query":{}},"res":{"statusCode":401},"responseTime":1},"timestamp":"2020-10-31T17:31:18.028Z"}
info: HTTP GET /users/123 {"meta":{"req":{"url":"/users/123","query":{}},"res":{"statusCode":401},"responseTime":0},"timestamp":"2020-10-31T17:31:18.037Z"}
info: HTTP POST /users {"meta":{"req":{"url":"/users","query":{},"body":{"name":"TEST_USER","login":"test_user","password":"T35t_P@55w0rd"}},"res":{"statusCode":401},"responseTime":0},"timestamp":"2020-10-31T17:31:18.049Z"}
info: HTTP GET /boards {"meta":{"req":{"url":"/boards","query":{}},"res":{"statusCode":401},"responseTime":0},"timestamp":"2020-10-31T17:31:18.054Z"}
info: HTTP PUT /users/12345 {"meta":{"req":{"url":"/users/12345","query":{},"body":{"name":"TEST_USER","login":"test_user","password":"T35t_P@55w0rd"}},"res":{"statusCode":401},"responseTime":0},"timestamp":"2020-10-31T17:31:18.058Z"}
info: HTTP DELETE /users/12345 {"meta":{"req":{"url":"/users/12345","query":{}},"res":{"statusCode":401},"responseTime":0},"timestamp":"2020-10-31T17:31:18.065Z"}
info: HTTP GET /boards/12345/tasks {"meta":{"req":{"url":"/boards/12345/tasks","query":{}},"res":{"statusCode":401},"responseTime":0},"timestamp":"2020-10-31T17:31:18.071Z"}
info: HTTP GET /boards/12345 {"meta":{"req":{"url":"/boards/12345","query":{}},"res":{"statusCode":401},"responseTime":0},"timestamp":"2020-10-31T17:31:18.078Z"}
info: HTTP GET /boards/12345/tasks/12345 {"meta":{"req":{"url":"/boards/12345/tasks/12345","query":{}},"res":{"statusCode":401},"responseTime":0},"timestamp":"2020-10-31T17:31:18.087Z"}
info: HTTP POST /boards {"meta":{"req":{"url":"/boards","query":{},"body":{"title":"Autotest board","columns":[{"title":"Backlog","order":1},{"title":"Sprint","order":2}]}},"res":{"statusCode":401},"responseTime":1},"timestamp":"2020-10-31T17:31:18.092Z"}
info: HTTP POST /boards/12345/tasks {"meta":{"req":{"url":"/boards/12345/tasks","query":{},"body":{"title":"Autotest task","order":0,"description":"Lorem ipsum","userId":null,"boardId":null,"columnId":null}},"res":{"statusCode":401},"responseTime":0},"timestamp":"2020-10-31T17:31:18.099Z"}
info: HTTP PUT /boards/12345 {"meta":{"req":{"url":"/boards/12345","query":{},"body":{"title":"Autotest board","columns":[{"title":"Backlog","order":1},{"title":"Sprint","order":2}]}},"res":{"statusCode":401},"responseTime":0},"timestamp":"2020-10-31T17:31:18.105Z"}
info: HTTP PUT /boards/12345/tasks/12345 {"meta":{"req":{"url":"/boards/12345/tasks/12345","query":{},"body":{"title":"Autotest task","order":0,"description":"Lorem ipsum","userId":null,"boardId":null,"columnId":null}},"res":{"statusCode":401},"responseTime":0},"timestamp":"2020-10-31T17:31:18.112Z"}
info: HTTP DELETE /boards/12345 {"meta":{"req":{"url":"/boards/12345","query":{}},"res":{"statusCode":401},"responseTime":0},"timestamp":"2020-10-31T17:31:18.118Z"}
info: HTTP DELETE /boards/12345/tasks/12345 {"meta":{"req":{"url":"/boards/12345/tasks/12345","query":{}},"res":{"statusCode":401},"responseTime":0},"timestamp":"2020-10-31T17:31:18.127Z"}
info: HTTP POST /login {"meta":{"req":{"url":"/login","query":{},"body":{"login":"admin","password":"admin"}},"res":{"statusCode":200},"responseTime":273},"timestamp":"2020-10-31T17:31:18.488Z"}
info: HTTP POST /login {"meta":{"req":{"url":"/login","query":{},"body":{"login":"admin","password":"admin"}},"res":{"statusCode":200},"responseTime":485},"timestamp":"2020-10-31T17:31:18.749Z"}
info: HTTP POST /login {"meta":{"req":{"url":"/login","query":{},"body":{"login":"admin","password":"admin"}},"res":{"statusCode":200},"responseTime":745},"timestamp":"2020-10-31T17:31:19.022Z"}
info: HTTP POST /login {"meta":{"req":{"url":"/login","query":{},"body":{"login":"admin","password":"admin"}},"res":{"statusCode":200},"responseTime":1002},"timestamp":"2020-10-31T17:31:19.281Z"}
info: HTTP POST /login {"meta":{"req":{"url":"/login","query":{},"body":{"login":"admin","password":"admin"}},"res":{"statusCode":200},"responseTime":1028},"timestamp":"2020-10-31T17:31:19.535Z"}
info: HTTP POST /boards {"meta":{"req":{"url":"/boards","query":{},"body":{"title":"Autotest board","columns":[{"title":"Backlog","order":1},{"title":"Sprint","order":2}]}},"res":{"statusCode":200},"responseTime":1043},"timestamp":"2020-10-31T17:31:19.538Z"}
info: HTTP POST /login {"meta":{"req":{"url":"/login","query":{},"body":{"login":"admin","password":"admin"}},"res":{"statusCode":200},"responseTime":1321},"timestamp":"2020-10-31T17:31:19.605Z"}
info: HTTP POST /boards {"meta":{"req":{"url":"/boards","query":{},"body":{"title":"Autotest board","columns":[{"title":"Backlog","order":1},{"title":"Sprint","order":2}]}},"res":{"statusCode":200},"responseTime":428},"timestamp":"2020-10-31T17:31:19.717Z"}
info: HTTP POST /boards {"meta":{"req":{"url":"/boards","query":{},"body":{"title":"Autotest board","columns":[{"title":"Backlog","order":1},{"title":"Sprint","order":2}]}},"res":{"statusCode":200},"responseTime":966},"timestamp":"2020-10-31T17:31:19.722Z"}
info: HTTP GET /users {"meta":{"req":{"url":"/users","query":{}},"res":{"statusCode":200},"responseTime":703},"timestamp":"2020-10-31T17:31:19.730Z"}
info: HTTP GET /boards {"meta":{"req":{"url":"/boards","query":{}},"res":{"statusCode":200},"responseTime":216},"timestamp":"2020-10-31T17:31:19.823Z"}
info: HTTP POST /boards {"meta":{"req":{"url":"/boards","query":{},"body":{"title":"Autotest board","columns":[{"title":"Backlog","order":1},{"title":"Sprint","order":2}]}},"res":{"statusCode":200},"responseTime":281},"timestamp":"2020-10-31T17:31:19.891Z"}
info: HTTP GET /users {"meta":{"req":{"url":"/users","query":{}},"res":{"statusCode":200},"responseTime":294},"timestamp":"2020-10-31T17:31:19.901Z"}
info: HTTP POST /boards/5f9d9f66b3baf129cbab258b/tasks {"meta":{"req":{"url":"/boards/5f9d9f66b3baf129cbab258b/tasks","query":{},"body":{"title":"Autotest task","order":0,"description":"Lorem ipsum","userId":null,"boardId":null,"columnId":null}},"res":{"statusCode":200},"responseTime":183},"timestamp":"2020-10-31T17:31:19.907Z"}
info: HTTP GET /boards {"meta":{"req":{"url":"/boards","query":{}},"res":{"statusCode":200},"responseTime":206},"timestamp":"2020-10-31T17:31:20.036Z"}
info: HTTP GET /boards {"meta":{"req":{"url":"/boards","query":{}},"res":{"statusCode":200},"responseTime":370},"timestamp":"2020-10-31T17:31:20.090Z"}
info: HTTP POST /boards/5f9d9f67b3baf129cbab258d/tasks {"meta":{"req":{"url":"/boards/5f9d9f67b3baf129cbab258d/tasks","query":{},"body":{"title":"Autotest task","order":0,"description":"Lorem ipsum","userId":null,"boardId":null,"columnId":null}},"res":{"statusCode":200},"responseTime":198},"timestamp":"2020-10-31T17:31:20.092Z"}
info: HTTP GET /boards/5f9d9f66b3baf129cbab258b/tasks {"meta":{"req":{"url":"/boards/5f9d9f66b3baf129cbab258b/tasks","query":{}},"res":{"statusCode":200},"responseTime":171},"timestamp":"2020-10-31T17:31:20.156Z"}
info: HTTP POST /users {"meta":{"req":{"url":"/users","query":{},"body":{"name":"TEST_USER","login":"test_user","password":"T35t_P@55w0rd"}},"res":{"statusCode":200},"responseTime":462},"timestamp":"2020-10-31T17:31:20.197Z"}
info: HTTP GET /boards/5f932adeeaff9e84bb8c041a {"meta":{"req":{"url":"/boards/5f932adeeaff9e84bb8c041a","query":{}},"res":{"statusCode":200},"responseTime":181},"timestamp":"2020-10-31T17:31:20.221Z"}
info: HTTP GET /boards/5f9d9f67b3baf129cbab258d/tasks {"meta":{"req":{"url":"/boards/5f9d9f67b3baf129cbab258d/tasks","query":{}},"res":{"statusCode":200},"responseTime":170},"timestamp":"2020-10-31T17:31:20.266Z"}
info: HTTP GET /boards {"meta":{"req":{"url":"/boards","query":{}},"res":{"statusCode":200},"responseTime":195},"timestamp":"2020-10-31T17:31:20.295Z"}
info: HTTP GET /boards/5f9d9f66b3baf129cbab258b/tasks {"meta":{"req":{"url":"/boards/5f9d9f66b3baf129cbab258b/tasks","query":{}},"res":{"statusCode":200},"responseTime":187},"timestamp":"2020-10-31T17:31:20.350Z"}
info: HTTP GET /users/5f9d9f67b3baf129cbab258f {"meta":{"req":{"url":"/users/5f9d9f67b3baf129cbab258f","query":{}},"res":{"statusCode":200},"responseTime":184},"timestamp":"2020-10-31T17:31:20.385Z"}
info: HTTP POST /boards {"meta":{"req":{"url":"/boards","query":{},"body":{"title":"Autotest board","columns":[{"title":"Backlog","order":1},{"title":"Sprint","order":2}]}},"res":{"statusCode":200},"responseTime":194},"timestamp":"2020-10-31T17:31:20.420Z"}
info: HTTP GET /boards/5f9d9f67b3baf129cbab258d/tasks {"meta":{"req":{"url":"/boards/5f9d9f67b3baf129cbab258d/tasks","query":{}},"res":{"statusCode":200},"responseTime":173},"timestamp":"2020-10-31T17:31:20.447Z"}
info: HTTP POST /users {"meta":{"req":{"url":"/users","query":{},"body":{"name":"TEST_USER","login":"test_user","password":"T35t_P@55w0rd"}},"res":{"statusCode":200},"responseTime":560},"timestamp":"2020-10-31T17:31:20.469Z"}
info: HTTP GET /boards/5f932adeeaff9e84bb8c041a {"meta":{"req":{"url":"/boards/5f932adeeaff9e84bb8c041a","query":{}},"res":{"statusCode":200},"responseTime":172},"timestamp":"2020-10-31T17:31:20.471Z"}
info: HTTP GET /boards/5f9d9f66b3baf129cbab258b/tasks/5f9d9f67b3baf129cbab258e {"meta":{"req":{"url":"/boards/5f9d9f66b3baf129cbab258b/tasks/5f9d9f67b3baf129cbab258e","query":{}},"res":{"statusCode":200},"responseTime":176},"timestamp":"2020-10-31T17:31:20.529Z"}
info: HTTP GET /users/5f9d9f67b3baf129cbab2591 {"meta":{"req":{"url":"/users/5f9d9f67b3baf129cbab2591","query":{}},"res":{"statusCode":200},"responseTime":183},"timestamp":"2020-10-31T17:31:20.655Z"}
info: HTTP POST /boards {"meta":{"req":{"url":"/boards","query":{},"body":{"title":"Autotest board","columns":[{"title":"Backlog","order":1},{"title":"Sprint","order":2}]}},"res":{"statusCode":200},"responseTime":195},"timestamp":"2020-10-31T17:31:20.671Z"}
info: HTTP POST /boards/5f9d9f66b3baf129cbab258b/tasks {"meta":{"req":{"url":"/boards/5f9d9f66b3baf129cbab258b/tasks","query":{},"body":{"title":"Autotest task","order":0,"description":"Lorem ipsum","userId":null,"boardId":null,"columnId":null}},"res":{"statusCode":200},"responseTime":195},"timestamp":"2020-10-31T17:31:20.728Z"}
info: HTTP DELETE /users/5f9d9f67b3baf129cbab258f {"meta":{"req":{"url":"/users/5f9d9f67b3baf129cbab258f","query":{}},"res":{"statusCode":200},"responseTime":365},"timestamp":"2020-10-31T17:31:20.754Z"}
info: HTTP DELETE /boards/5f9d9f68b3baf129cbab2592 {"meta":{"req":{"url":"/boards/5f9d9f68b3baf129cbab2592","query":{}},"res":{"statusCode":200},"responseTime":413},"timestamp":"2020-10-31T17:31:20.836Z"}
info: HTTP GET /boards/5f9d9f67b3baf129cbab258d/tasks/5f9d9f67b3baf129cbab2590 {"meta":{"req":{"url":"/boards/5f9d9f67b3baf129cbab258d/tasks/5f9d9f67b3baf129cbab2590","query":{}},"res":{"statusCode":200},"responseTime":392},"timestamp":"2020-10-31T17:31:20.841Z"}
info: HTTP DELETE /boards/5f9d9f66b3baf129cbab258b/tasks/5f9d9f68b3baf129cbab2594 {"meta":{"req":{"url":"/boards/5f9d9f66b3baf129cbab258b/tasks/5f9d9f68b3baf129cbab2594","query":{}},"res":{"statusCode":200},"responseTime":185},"timestamp":"2020-10-31T17:31:20.916Z"}
info: HTTP DELETE /boards/5f9d9f68b3baf129cbab2593 {"meta":{"req":{"url":"/boards/5f9d9f68b3baf129cbab2593","query":{}},"res":{"statusCode":200},"responseTime":346},"timestamp":"2020-10-31T17:31:21.021Z"}
info: HTTP POST /boards {"meta":{"req":{"url":"/boards","query":{},"body":{"title":"Autotest board","columns":[{"title":"Backlog","order":1},{"title":"Sprint","order":2}]}},"res":{"statusCode":200},"responseTime":190},"timestamp":"2020-10-31T17:31:21.029Z"}
info: HTTP POST /boards/5f9d9f67b3baf129cbab258d/tasks {"meta":{"req":{"url":"/boards/5f9d9f67b3baf129cbab258d/tasks","query":{},"body":{"title":"Autotest task","order":0,"description":"Lorem ipsum","userId":null,"boardId":null,"columnId":null}},"res":{"statusCode":200},"responseTime":191},"timestamp":"2020-10-31T17:31:21.036Z"}
info: HTTP DELETE /users/5f9d9f67b3baf129cbab2591 {"meta":{"req":{"url":"/users/5f9d9f67b3baf129cbab2591","query":{}},"res":{"statusCode":200},"responseTime":378},"timestamp":"2020-10-31T17:31:21.037Z"}
info: HTTP POST /boards/5f9d9f66b3baf129cbab258b/tasks {"meta":{"req":{"url":"/boards/5f9d9f66b3baf129cbab258b/tasks","query":{},"body":{"title":"Autotest task","order":0,"description":"Lorem ipsum","userId":null,"boardId":null,"columnId":null}},"res":{"statusCode":200},"responseTime":197},"timestamp":"2020-10-31T17:31:21.116Z"}
info: HTTP POST /boards {"meta":{"req":{"url":"/boards","query":{},"body":{"title":"Autotest board","columns":[{"title":"Backlog","order":1},{"title":"Sprint","order":2}]}},"res":{"statusCode":200},"responseTime":178},"timestamp":"2020-10-31T17:31:21.202Z"}
info: HTTP POST /users {"meta":{"req":{"url":"/users","query":{},"body":{"name":"TEST_USER","login":"test_user","password":"T35t_P@55w0rd"}},"res":{"statusCode":200},"responseTime":452},"timestamp":"2020-10-31T17:31:21.209Z"}
info: HTTP DELETE /boards/5f9d9f67b3baf129cbab258d/tasks/5f9d9f68b3baf129cbab2597 {"meta":{"req":{"url":"/boards/5f9d9f67b3baf129cbab258d/tasks/5f9d9f68b3baf129cbab2597","query":{}},"res":{"statusCode":200},"responseTime":174},"timestamp":"2020-10-31T17:31:21.213Z"}
info: HTTP PUT /boards/5f9d9f66b3baf129cbab258b/tasks/5f9d9f68b3baf129cbab2598 {"meta":{"req":{"url":"/boards/5f9d9f66b3baf129cbab258b/tasks/5f9d9f68b3baf129cbab2598","query":{},"body":{"id":"5f9d9f68b3baf129cbab2598","title":"Autotest updated task","order":0,"description":"Lorem ipsum","userId":null,"boardId":"5f9d9f66b3baf129cbab258b","columnId":null}},"res":{"statusCode":200},"responseTime":189},"timestamp":"2020-10-31T17:31:21.306Z"}
info: HTTP PUT /boards/5f9d9f69b3baf129cbab2599 {"meta":{"req":{"url":"/boards/5f9d9f69b3baf129cbab2599","query":{},"body":{"id":"5f9d9f69b3baf129cbab2599","columns":[{"title":"Backlog","order":1},{"title":"Sprint","order":2}],"title":"Autotest updated board"}},"res":{"statusCode":200},"responseTime":188},"timestamp":"2020-10-31T17:31:21.392Z"}
info: HTTP POST /boards/5f9d9f67b3baf129cbab258d/tasks {"meta":{"req":{"url":"/boards/5f9d9f67b3baf129cbab258d/tasks","query":{},"body":{"title":"Autotest task","order":0,"description":"Lorem ipsum","userId":null,"boardId":null,"columnId":null}},"res":{"statusCode":200},"responseTime":183},"timestamp":"2020-10-31T17:31:21.400Z"}
info: HTTP PUT /boards/5f9d9f68b3baf129cbab2596 {"meta":{"req":{"url":"/boards/5f9d9f68b3baf129cbab2596","query":{},"body":{"id":"5f9d9f68b3baf129cbab2596","columns":[{"title":"Backlog","order":1},{"title":"Sprint","order":2}],"title":"Autotest updated board"}},"res":{"statusCode":200},"responseTime":435},"timestamp":"2020-10-31T17:31:21.467Z"}
info: HTTP POST /users {"meta":{"req":{"url":"/users","query":{},"body":{"name":"TEST_USER","login":"test_user","password":"T35t_P@55w0rd"}},"res":{"statusCode":200},"responseTime":436},"timestamp":"2020-10-31T17:31:21.476Z"}
info: HTTP GET /boards/5f9d9f66b3baf129cbab258b/tasks/5f9d9f68b3baf129cbab2598 {"meta":{"req":{"url":"/boards/5f9d9f66b3baf129cbab258b/tasks/5f9d9f68b3baf129cbab2598","query":{}},"res":{"statusCode":200},"responseTime":174},"timestamp":"2020-10-31T17:31:21.482Z"}
info: HTTP GET /boards/5f9d9f69b3baf129cbab2599 {"meta":{"req":{"url":"/boards/5f9d9f69b3baf129cbab2599","query":{}},"res":{"statusCode":200},"responseTime":176},"timestamp":"2020-10-31T17:31:21.570Z"}
info: HTTP PUT /boards/5f9d9f67b3baf129cbab258d/tasks/5f9d9f69b3baf129cbab259b {"meta":{"req":{"url":"/boards/5f9d9f67b3baf129cbab258d/tasks/5f9d9f69b3baf129cbab259b","query":{},"body":{"id":"5f9d9f69b3baf129cbab259b","title":"Autotest updated task","order":0,"description":"Lorem ipsum","userId":null,"boardId":"5f9d9f67b3baf129cbab258d","columnId":null}},"res":{"statusCode":200},"responseTime":173},"timestamp":"2020-10-31T17:31:21.576Z"}
info: HTTP DELETE /users/5f9d9f68b3baf129cbab2595 {"meta":{"req":{"url":"/users/5f9d9f68b3baf129cbab2595","query":{}},"res":{"statusCode":200},"responseTime":365},"timestamp":"2020-10-31T17:31:21.579Z"}
info: HTTP GET /boards/5f9d9f68b3baf129cbab2596 {"meta":{"req":{"url":"/boards/5f9d9f68b3baf129cbab2596","query":{}},"res":{"statusCode":200},"responseTime":189},"timestamp":"2020-10-31T17:31:21.658Z"}
info: HTTP GET /boards/5f9d9f66b3baf129cbab258b/tasks/5f9d9f67b3baf129cbab258e {"meta":{"req":{"url":"/boards/5f9d9f66b3baf129cbab258b/tasks/5f9d9f67b3baf129cbab258e","query":{}},"res":{"statusCode":200},"responseTime":181},"timestamp":"2020-10-31T17:31:21.666Z"}
info: HTTP DELETE /boards/5f9d9f66b3baf129cbab258b/tasks/5f9d9f67b3baf129cbab258e {"meta":{"req":{"url":"/boards/5f9d9f66b3baf129cbab258b/tasks/5f9d9f67b3baf129cbab258e","query":{}},"res":{"statusCode":200},"responseTime":171},"timestamp":"2020-10-31T17:31:21.840Z"}
info: HTTP DELETE /users/5f9d9f69b3baf129cbab259a {"meta":{"req":{"url":"/users/5f9d9f69b3baf129cbab259a","query":{}},"res":{"statusCode":200},"responseTime":362},"timestamp":"2020-10-31T17:31:21.846Z"}
info: HTTP DELETE /boards/5f9d9f69b3baf129cbab2599 {"meta":{"req":{"url":"/boards/5f9d9f69b3baf129cbab2599","query":{}},"res":{"statusCode":200},"responseTime":355},"timestamp":"2020-10-31T17:31:21.928Z"}
info: HTTP GET /boards/5f9d9f67b3baf129cbab258d/tasks/5f9d9f69b3baf129cbab259b {"meta":{"req":{"url":"/boards/5f9d9f67b3baf129cbab258d/tasks/5f9d9f69b3baf129cbab259b","query":{}},"res":{"statusCode":200},"responseTime":351},"timestamp":"2020-10-31T17:31:21.930Z"}
info: HTTP POST /users {"meta":{"req":{"url":"/users","query":{},"body":{"name":"TEST_USER","login":"test_user","password":"T35t_P@55w0rd"}},"res":{"statusCode":200},"responseTime":424},"timestamp":"2020-10-31T17:31:22.006Z"}
info: HTTP DELETE /boards/5f9d9f68b3baf129cbab2596 {"meta":{"req":{"url":"/boards/5f9d9f68b3baf129cbab2596","query":{}},"res":{"statusCode":200},"responseTime":352},"timestamp":"2020-10-31T17:31:22.011Z"}
info: HTTP GET /boards/5f9d9f66b3baf129cbab258b/tasks/5f9d9f67b3baf129cbab258e {"meta":{"req":{"url":"/boards/5f9d9f66b3baf129cbab258b/tasks/5f9d9f67b3baf129cbab258e","query":{}},"res":{"statusCode":404},"responseTime":181},"timestamp":"2020-10-31T17:31:22.024Z"}
info: HTTP GET /boards/5f9d9f67b3baf129cbab258d/tasks/5f9d9f67b3baf129cbab2590 {"meta":{"req":{"url":"/boards/5f9d9f67b3baf129cbab258d/tasks/5f9d9f67b3baf129cbab2590","query":{}},"res":{"statusCode":200},"responseTime":172},"timestamp":"2020-10-31T17:31:22.103Z"}
info: HTTP POST /boards {"meta":{"req":{"url":"/boards","query":{},"body":{"title":"Autotest board","columns":[{"title":"Backlog","order":1},{"title":"Sprint","order":2}]}},"res":{"statusCode":200},"responseTime":198},"timestamp":"2020-10-31T17:31:22.128Z"}
info: HTTP PUT /users/5f9d9f69b3baf129cbab259c {"meta":{"req":{"url":"/users/5f9d9f69b3baf129cbab259c","query":{},"body":{"name":"Autotest updated TEST_USER","login":"test_user","password":"T35t_P@55w0rd","id":"5f9d9f69b3baf129cbab259c"}},"res":{"statusCode":200},"responseTime":173},"timestamp":"2020-10-31T17:31:22.182Z"}
info: HTTP POST /boards {"meta":{"req":{"url":"/boards","query":{},"body":{"title":"Autotest board","columns":[{"title":"Backlog","order":1},{"title":"Sprint","order":2}]}},"res":{"statusCode":200},"responseTime":181},"timestamp":"2020-10-31T17:31:22.196Z"}
info: HTTP POST /users {"meta":{"req":{"url":"/users","query":{},"body":{"name":"TEST_USER","login":"test_user","password":"T35t_P@55w0rd"}},"res":{"statusCode":200},"responseTime":446},"timestamp":"2020-10-31T17:31:22.296Z"}
info: HTTP GET /users/5f9d9f69b3baf129cbab259c {"meta":{"req":{"url":"/users/5f9d9f69b3baf129cbab259c","query":{}},"res":{"statusCode":200},"responseTime":183},"timestamp":"2020-10-31T17:31:22.368Z"}
info: HTTP DELETE /boards/5f9d9f66b3baf129cbab258b {"meta":{"req":{"url":"/boards/5f9d9f66b3baf129cbab258b","query":{}},"res":{"statusCode":200},"responseTime":354},"timestamp":"2020-10-31T17:31:22.379Z"}
info: HTTP DELETE /boards/5f9d9f67b3baf129cbab258d/tasks/5f9d9f67b3baf129cbab2590 {"meta":{"req":{"url":"/boards/5f9d9f67b3baf129cbab258d/tasks/5f9d9f67b3baf129cbab2590","query":{}},"res":{"statusCode":200},"responseTime":290},"timestamp":"2020-10-31T17:31:22.397Z"}
info: HTTP PUT /users/5f9d9f69b3baf129cbab259d {"meta":{"req":{"url":"/users/5f9d9f69b3baf129cbab259d","query":{},"body":{"name":"Autotest updated TEST_USER","login":"test_user","password":"T35t_P@55w0rd","id":"5f9d9f69b3baf129cbab259d"}},"res":{"statusCode":200},"responseTime":172},"timestamp":"2020-10-31T17:31:22.470Z"}
info: HTTP DELETE /boards/5f9d9f69b3baf129cbab259e {"meta":{"req":{"url":"/boards/5f9d9f69b3baf129cbab259e","query":{}},"res":{"statusCode":200},"responseTime":362},"timestamp":"2020-10-31T17:31:22.492Z"}
info: HTTP DELETE /boards/5f9d9f6ab3baf129cbab259f {"meta":{"req":{"url":"/boards/5f9d9f6ab3baf129cbab259f","query":{}},"res":{"statusCode":200},"responseTime":343},"timestamp":"2020-10-31T17:31:22.541Z"}
info: HTTP GET /boards/5f9d9f67b3baf129cbab258d/tasks/5f9d9f67b3baf129cbab2590 {"meta":{"req":{"url":"/boards/5f9d9f67b3baf129cbab258d/tasks/5f9d9f67b3baf129cbab2590","query":{}},"res":{"statusCode":404},"responseTime":176},"timestamp":"2020-10-31T17:31:22.574Z"}
info: HTTP GET /users/5f9d9f69b3baf129cbab259d {"meta":{"req":{"url":"/users/5f9d9f69b3baf129cbab259d","query":{}},"res":{"statusCode":200},"responseTime":179},"timestamp":"2020-10-31T17:31:22.651Z"}
info: HTTP GET /boards/5f9d9f69b3baf129cbab259e {"meta":{"req":{"url":"/boards/5f9d9f69b3baf129cbab259e","query":{}},"res":{"statusCode":404},"responseTime":184},"timestamp":"2020-10-31T17:31:22.678Z"}
info: HTTP GET /boards/5f9d9f6ab3baf129cbab259f {"meta":{"req":{"url":"/boards/5f9d9f6ab3baf129cbab259f","query":{}},"res":{"statusCode":404},"responseTime":173},"timestamp":"2020-10-31T17:31:22.717Z"}
info: HTTP DELETE /users/5f9d9f69b3baf129cbab259c {"meta":{"req":{"url":"/users/5f9d9f69b3baf129cbab259c","query":{}},"res":{"statusCode":200},"responseTime":359},"timestamp":"2020-10-31T17:31:22.729Z"}
info: HTTP POST /boards {"meta":{"req":{"url":"/boards","query":{},"body":{"title":"Autotest board","columns":[{"title":"Backlog","order":1},{"title":"Sprint","order":2}]}},"res":{"statusCode":200},"responseTime":174},"timestamp":"2020-10-31T17:31:22.856Z"}
info: HTTP POST /boards {"meta":{"req":{"url":"/boards","query":{},"body":{"title":"Autotest board","columns":[{"title":"Backlog","order":1},{"title":"Sprint","order":2}]}},"res":{"statusCode":200},"responseTime":179},"timestamp":"2020-10-31T17:31:22.899Z"}
info: HTTP DELETE /users/5f9d9f69b3baf129cbab259d {"meta":{"req":{"url":"/users/5f9d9f69b3baf129cbab259d","query":{}},"res":{"statusCode":200},"responseTime":352},"timestamp":"2020-10-31T17:31:23.006Z"}
info: HTTP POST /boards/5f9d9f6ab3baf129cbab25a0/tasks {"meta":{"req":{"url":"/boards/5f9d9f6ab3baf129cbab25a0/tasks","query":{},"body":{"title":"Task #4","order":4,"description":"Lorem ipsum","boardId":"5f9d9f6ab3baf129cbab25a0","userId":null,"columnId":null}},"res":{"statusCode":200},"responseTime":227},"timestamp":"2020-10-31T17:31:23.089Z"}
info: HTTP POST /boards/5f9d9f6ab3baf129cbab25a0/tasks {"meta":{"req":{"url":"/boards/5f9d9f6ab3baf129cbab25a0/tasks","query":{},"body":{"title":"Task #3","order":3,"description":"Lorem ipsum","boardId":"5f9d9f6ab3baf129cbab25a0","userId":null,"columnId":null}},"res":{"statusCode":200},"responseTime":227},"timestamp":"2020-10-31T17:31:23.090Z"}
info: HTTP POST /boards/5f9d9f6ab3baf129cbab25a0/tasks {"meta":{"req":{"url":"/boards/5f9d9f6ab3baf129cbab25a0/tasks","query":{},"body":{"title":"Task #2","order":2,"description":"Lorem ipsum","boardId":"5f9d9f6ab3baf129cbab25a0","userId":null,"columnId":null}},"res":{"statusCode":200},"responseTime":230},"timestamp":"2020-10-31T17:31:23.091Z"}
info: HTTP POST /boards/5f9d9f6ab3baf129cbab25a0/tasks {"meta":{"req":{"url":"/boards/5f9d9f6ab3baf129cbab25a0/tasks","query":{},"body":{"title":"Task #5","order":5,"description":"Lorem ipsum","boardId":"5f9d9f6ab3baf129cbab25a0","userId":null,"columnId":null}},"res":{"statusCode":200},"responseTime":226},"timestamp":"2020-10-31T17:31:23.092Z"}
info: HTTP POST /boards/5f9d9f6ab3baf129cbab25a0/tasks {"meta":{"req":{"url":"/boards/5f9d9f6ab3baf129cbab25a0/tasks","query":{},"body":{"title":"Task #1","order":1,"description":"Lorem ipsum","boardId":"5f9d9f6ab3baf129cbab25a0","userId":null,"columnId":null}},"res":{"statusCode":200},"responseTime":233},"timestamp":"2020-10-31T17:31:23.092Z"}
info: HTTP POST /boards/5f9d9f6ab3baf129cbab25a1/tasks {"meta":{"req":{"url":"/boards/5f9d9f6ab3baf129cbab25a1/tasks","query":{},"body":{"title":"Task #2","order":2,"description":"Lorem ipsum","boardId":"5f9d9f6ab3baf129cbab25a1","userId":null,"columnId":null}},"res":{"statusCode":200},"responseTime":189},"timestamp":"2020-10-31T17:31:23.093Z"}
info: HTTP POST /boards/5f9d9f6ab3baf129cbab25a1/tasks {"meta":{"req":{"url":"/boards/5f9d9f6ab3baf129cbab25a1/tasks","query":{},"body":{"title":"Task #1","order":1,"description":"Lorem ipsum","boardId":"5f9d9f6ab3baf129cbab25a1","userId":null,"columnId":null}},"res":{"statusCode":200},"responseTime":189},"timestamp":"2020-10-31T17:31:23.094Z"}
info: HTTP POST /boards/5f9d9f6ab3baf129cbab25a1/tasks {"meta":{"req":{"url":"/boards/5f9d9f6ab3baf129cbab25a1/tasks","query":{},"body":{"title":"Task #3","order":3,"description":"Lorem ipsum","boardId":"5f9d9f6ab3baf129cbab25a1","userId":null,"columnId":null}},"res":{"statusCode":200},"responseTime":261},"timestamp":"2020-10-31T17:31:23.169Z"}
info: HTTP POST /boards/5f9d9f6ab3baf129cbab25a1/tasks {"meta":{"req":{"url":"/boards/5f9d9f6ab3baf129cbab25a1/tasks","query":{},"body":{"title":"Task #5","order":5,"description":"Lorem ipsum","boardId":"5f9d9f6ab3baf129cbab25a1","userId":null,"columnId":null}},"res":{"statusCode":200},"responseTime":286},"timestamp":"2020-10-31T17:31:23.195Z"}
info: HTTP GET /boards/5f9d9f6ab3baf129cbab25a0/tasks/5f9d9f6ab3baf129cbab25a7 {"meta":{"req":{"url":"/boards/5f9d9f6ab3baf129cbab25a0/tasks/5f9d9f6ab3baf129cbab25a7","query":{}},"res":{"statusCode":200},"responseTime":169},"timestamp":"2020-10-31T17:31:23.267Z"}
info: HTTP DELETE /boards/5f9d9f67b3baf129cbab258d {"meta":{"req":{"url":"/boards/5f9d9f67b3baf129cbab258d","query":{}},"res":{"statusCode":200},"responseTime":692},"timestamp":"2020-10-31T17:31:23.269Z"}
info: HTTP GET /boards/5f9d9f6ab3baf129cbab25a0/tasks/5f9d9f6ab3baf129cbab25a4 {"meta":{"req":{"url":"/boards/5f9d9f6ab3baf129cbab25a0/tasks/5f9d9f6ab3baf129cbab25a4","query":{}},"res":{"statusCode":200},"responseTime":176},"timestamp":"2020-10-31T17:31:23.272Z"}
info: HTTP POST /users {"meta":{"req":{"url":"/users","query":{},"body":{"name":"TEST_USER","login":"test_user","password":"T35t_P@55w0rd"}},"res":{"statusCode":200},"responseTime":541},"timestamp":"2020-10-31T17:31:23.273Z"}
info: HTTP POST /boards/5f9d9f6ab3baf129cbab25a1/tasks {"meta":{"req":{"url":"/boards/5f9d9f6ab3baf129cbab25a1/tasks","query":{},"body":{"title":"Task #4","order":4,"description":"Lorem ipsum","boardId":"5f9d9f6ab3baf129cbab25a1","userId":null,"columnId":null}},"res":{"statusCode":200},"responseTime":369},"timestamp":"2020-10-31T17:31:23.275Z"}
info: HTTP GET /boards/5f9d9f6ab3baf129cbab25a0/tasks/5f9d9f6ab3baf129cbab25a3 {"meta":{"req":{"url":"/boards/5f9d9f6ab3baf129cbab25a0/tasks/5f9d9f6ab3baf129cbab25a3","query":{}},"res":{"statusCode":200},"responseTime":180},"timestamp":"2020-10-31T17:31:23.277Z"}
info: HTTP GET /boards/5f9d9f6ab3baf129cbab25a0/tasks/5f9d9f6ab3baf129cbab25a6 {"meta":{"req":{"url":"/boards/5f9d9f6ab3baf129cbab25a0/tasks/5f9d9f6ab3baf129cbab25a6","query":{}},"res":{"statusCode":200},"responseTime":182},"timestamp":"2020-10-31T17:31:23.279Z"}
info: HTTP GET /boards/5f9d9f6ab3baf129cbab25a0/tasks/5f9d9f6ab3baf129cbab25a5 {"meta":{"req":{"url":"/boards/5f9d9f6ab3baf129cbab25a0/tasks/5f9d9f6ab3baf129cbab25a5","query":{}},"res":{"statusCode":200},"responseTime":246},"timestamp":"2020-10-31T17:31:23.344Z"}
info: HTTP GET /boards/5f9d9f6ab3baf129cbab25a1/tasks/5f9d9f6ab3baf129cbab25a9 {"meta":{"req":{"url":"/boards/5f9d9f6ab3baf129cbab25a1/tasks/5f9d9f6ab3baf129cbab25a9","query":{}},"res":{"statusCode":200},"responseTime":171},"timestamp":"2020-10-31T17:31:23.452Z"}
info: HTTP GET /boards/5f9d9f6ab3baf129cbab25a1/tasks/5f9d9f6ab3baf129cbab25a8 {"meta":{"req":{"url":"/boards/5f9d9f6ab3baf129cbab25a1/tasks/5f9d9f6ab3baf129cbab25a8","query":{}},"res":{"statusCode":200},"responseTime":174},"timestamp":"2020-10-31T17:31:23.454Z"}
info: HTTP GET /boards/5f9d9f6ab3baf129cbab25a1/tasks/5f9d9f6ab3baf129cbab25ac {"meta":{"req":{"url":"/boards/5f9d9f6ab3baf129cbab25a1/tasks/5f9d9f6ab3baf129cbab25ac","query":{}},"res":{"statusCode":200},"responseTime":180},"timestamp":"2020-10-31T17:31:23.462Z"}
info: HTTP GET /boards/5f9d9f6ab3baf129cbab25a1/tasks/5f9d9f6ab3baf129cbab25ab {"meta":{"req":{"url":"/boards/5f9d9f6ab3baf129cbab25a1/tasks/5f9d9f6ab3baf129cbab25ab","query":{}},"res":{"statusCode":200},"responseTime":182},"timestamp":"2020-10-31T17:31:23.463Z"}
info: HTTP POST /users {"meta":{"req":{"url":"/users","query":{},"body":{"name":"TEST_USER","login":"test_user","password":"T35t_P@55w0rd"}},"res":{"statusCode":200},"responseTime":455},"timestamp":"2020-10-31T17:31:23.465Z"}
info: HTTP GET /boards/5f9d9f6ab3baf129cbab25a1/tasks/5f9d9f6ab3baf129cbab25aa {"meta":{"req":{"url":"/boards/5f9d9f6ab3baf129cbab25a1/tasks/5f9d9f6ab3baf129cbab25aa","query":{}},"res":{"statusCode":200},"responseTime":335},"timestamp":"2020-10-31T17:31:23.618Z"}
info: HTTP DELETE /users/5f9d9f6ab3baf129cbab25a2 {"meta":{"req":{"url":"/users/5f9d9f6ab3baf129cbab25a2","query":{}},"res":{"statusCode":200},"responseTime":369},"timestamp":"2020-10-31T17:31:23.646Z"}
info: HTTP DELETE /boards/5f9d9f6ab3baf129cbab25a0 {"meta":{"req":{"url":"/boards/5f9d9f6ab3baf129cbab25a0","query":{}},"res":{"statusCode":200},"responseTime":382},"timestamp":"2020-10-31T17:31:23.728Z"}
info: HTTP DELETE /users/5f9d9f6bb3baf129cbab25ad {"meta":{"req":{"url":"/users/5f9d9f6bb3baf129cbab25ad","query":{}},"res":{"statusCode":200},"responseTime":354},"timestamp":"2020-10-31T17:31:23.820Z"}
info: HTTP GET /boards/5f9d9f6ab3baf129cbab25a0/tasks/5f9d9f6ab3baf129cbab25a3 {"meta":{"req":{"url":"/boards/5f9d9f6ab3baf129cbab25a0/tasks/5f9d9f6ab3baf129cbab25a3","query":{}},"res":{"statusCode":404},"responseTime":175},"timestamp":"2020-10-31T17:31:23.907Z"}
info: HTTP GET /boards/5f9d9f6ab3baf129cbab25a0/tasks/5f9d9f6ab3baf129cbab25a7 {"meta":{"req":{"url":"/boards/5f9d9f6ab3baf129cbab25a0/tasks/5f9d9f6ab3baf129cbab25a7","query":{}},"res":{"statusCode":404},"responseTime":174},"timestamp":"2020-10-31T17:31:23.908Z"}
info: HTTP GET /boards/5f9d9f6ab3baf129cbab25a0/tasks/5f9d9f6ab3baf129cbab25a4 {"meta":{"req":{"url":"/boards/5f9d9f6ab3baf129cbab25a0/tasks/5f9d9f6ab3baf129cbab25a4","query":{}},"res":{"statusCode":404},"responseTime":179},"timestamp":"2020-10-31T17:31:23.911Z"}
info: HTTP GET /boards/5f9d9f6ab3baf129cbab25a0/tasks/5f9d9f6ab3baf129cbab25a6 {"meta":{"req":{"url":"/boards/5f9d9f6ab3baf129cbab25a0/tasks/5f9d9f6ab3baf129cbab25a6","query":{}},"res":{"statusCode":404},"responseTime":179},"timestamp":"2020-10-31T17:31:23.912Z"}
info: HTTP DELETE /boards/5f9d9f6ab3baf129cbab25a1 {"meta":{"req":{"url":"/boards/5f9d9f6ab3baf129cbab25a1","query":{}},"res":{"statusCode":200},"responseTime":371},"timestamp":"2020-10-31T17:31:23.991Z"}
info: HTTP GET /boards/5f9d9f6ab3baf129cbab25a0/tasks/5f9d9f6ab3baf129cbab25a5 {"meta":{"req":{"url":"/boards/5f9d9f6ab3baf129cbab25a0/tasks/5f9d9f6ab3baf129cbab25a5","query":{}},"res":{"statusCode":404},"responseTime":323},"timestamp":"2020-10-31T17:31:24.056Z"}
info: HTTP POST /users {"meta":{"req":{"url":"/users","query":{},"body":{"name":"TEST_USER","login":"test_user","password":"T35t_P@55w0rd"}},"res":{"statusCode":200},"responseTime":433},"timestamp":"2020-10-31T17:31:24.083Z"}
info: HTTP GET /boards/5f9d9f6ab3baf129cbab25a1/tasks/5f9d9f6ab3baf129cbab25a8 {"meta":{"req":{"url":"/boards/5f9d9f6ab3baf129cbab25a1/tasks/5f9d9f6ab3baf129cbab25a8","query":{}},"res":{"statusCode":404},"responseTime":172},"timestamp":"2020-10-31T17:31:24.168Z"}
info: HTTP GET /boards/5f9d9f6ab3baf129cbab25a1/tasks/5f9d9f6ab3baf129cbab25aa {"meta":{"req":{"url":"/boards/5f9d9f6ab3baf129cbab25a1/tasks/5f9d9f6ab3baf129cbab25aa","query":{}},"res":{"statusCode":404},"responseTime":174},"timestamp":"2020-10-31T17:31:24.170Z"}
info: HTTP GET /boards/5f9d9f6ab3baf129cbab25a1/tasks/5f9d9f6ab3baf129cbab25a9 {"meta":{"req":{"url":"/boards/5f9d9f6ab3baf129cbab25a1/tasks/5f9d9f6ab3baf129cbab25a9","query":{}},"res":{"statusCode":404},"responseTime":178},"timestamp":"2020-10-31T17:31:24.175Z"}
info: HTTP GET /boards/5f9d9f6ab3baf129cbab25a1/tasks/5f9d9f6ab3baf129cbab25ab {"meta":{"req":{"url":"/boards/5f9d9f6ab3baf129cbab25a1/tasks/5f9d9f6ab3baf129cbab25ab","query":{}},"res":{"statusCode":404},"responseTime":178},"timestamp":"2020-10-31T17:31:24.176Z"}
info: HTTP GET /boards/5f9d9f6ab3baf129cbab25a1/tasks/5f9d9f6ab3baf129cbab25ac {"meta":{"req":{"url":"/boards/5f9d9f6ab3baf129cbab25a1/tasks/5f9d9f6ab3baf129cbab25ac","query":{}},"res":{"statusCode":404},"responseTime":192},"timestamp":"2020-10-31T17:31:24.190Z"}
info: HTTP POST /users {"meta":{"req":{"url":"/users","query":{},"body":{"name":"TEST_USER","login":"test_user","password":"T35t_P@55w0rd"}},"res":{"statusCode":200},"responseTime":441},"timestamp":"2020-10-31T17:31:24.264Z"}
info: HTTP DELETE /boards/5f9d9f67b3baf129cbab258c {"meta":{"req":{"url":"/boards/5f9d9f67b3baf129cbab258c","query":{}},"res":{"statusCode":200},"responseTime":353},"timestamp":"2020-10-31T17:31:24.413Z"}
info: HTTP POST /boards {"meta":{"req":{"url":"/boards","query":{},"body":{"title":"Autotest board","columns":[{"title":"Backlog","order":1},{"title":"Sprint","order":2}]}},"res":{"statusCode":200},"responseTime":358},"timestamp":"2020-10-31T17:31:24.443Z"}
info: HTTP POST /boards {"meta":{"req":{"url":"/boards","query":{},"body":{"title":"Autotest board","columns":[{"title":"Backlog","order":1},{"title":"Sprint","order":2}]}},"res":{"statusCode":200},"responseTime":178},"timestamp":"2020-10-31T17:31:24.445Z"}
info: HTTP DELETE /boards/5f9d9f66b3baf129cbab258a {"meta":{"req":{"url":"/boards/5f9d9f66b3baf129cbab258a","query":{}},"res":{"statusCode":200},"responseTime":351},"timestamp":"2020-10-31T17:31:24.543Z"}
info: HTTP POST /boards/5f9d9f6cb3baf129cbab25b0/tasks {"meta":{"req":{"url":"/boards/5f9d9f6cb3baf129cbab25b0/tasks","query":{},"body":{"title":"Task #1","order":1,"description":"Lorem ipsum","userId":"5f9d9f6bb3baf129cbab25ae","boardId":"5f9d9f6cb3baf129cbab25b0"}},"res":{"statusCode":200},"responseTime":183},"timestamp":"2020-10-31T17:31:24.630Z"}
info: HTTP POST /boards/5f9d9f6cb3baf129cbab25b0/tasks {"meta":{"req":{"url":"/boards/5f9d9f6cb3baf129cbab25b0/tasks","query":{},"body":{"title":"Task #2","order":2,"description":"Lorem ipsum","userId":"5f9d9f6bb3baf129cbab25ae","boardId":"5f9d9f6cb3baf129cbab25b0"}},"res":{"statusCode":200},"responseTime":184},"timestamp":"2020-10-31T17:31:24.631Z"}
info: HTTP POST /boards/5f9d9f6cb3baf129cbab25b1/tasks {"meta":{"req":{"url":"/boards/5f9d9f6cb3baf129cbab25b1/tasks","query":{},"body":{"title":"Task #1","order":1,"description":"Lorem ipsum","userId":"5f9d9f6bb3baf129cbab25af","boardId":"5f9d9f6cb3baf129cbab25b1"}},"res":{"statusCode":200},"responseTime":185},"timestamp":"2020-10-31T17:31:24.634Z"}
info: HTTP POST /boards/5f9d9f6cb3baf129cbab25b1/tasks {"meta":{"req":{"url":"/boards/5f9d9f6cb3baf129cbab25b1/tasks","query":{},"body":{"title":"Task #2","order":2,"description":"Lorem ipsum","userId":"5f9d9f6bb3baf129cbab25af","boardId":"5f9d9f6cb3baf129cbab25b1"}},"res":{"statusCode":200},"responseTime":511},"timestamp":"2020-10-31T17:31:24.961Z"}
info: HTTP DELETE /users/5f9d9f6bb3baf129cbab25ae {"meta":{"req":{"url":"/users/5f9d9f6bb3baf129cbab25ae","query":{}},"res":{"statusCode":200},"responseTime":367},"timestamp":"2020-10-31T17:31:25.000Z"}
info: HTTP DELETE /users/5f9d9f6bb3baf129cbab25af {"meta":{"req":{"url":"/users/5f9d9f6bb3baf129cbab25af","query":{}},"res":{"statusCode":200},"responseTime":365},"timestamp":"2020-10-31T17:31:25.329Z"}
info: HTTP GET /boards/5f9d9f6cb3baf129cbab25b0/tasks/5f9d9f6cb3baf129cbab25b2 {"meta":{"req":{"url":"/boards/5f9d9f6cb3baf129cbab25b0/tasks/5f9d9f6cb3baf129cbab25b2","query":{}},"res":{"statusCode":200},"responseTime":431},"timestamp":"2020-10-31T17:31:25.434Z"}
info: HTTP GET /boards/5f9d9f6cb3baf129cbab25b1/tasks/5f9d9f6cb3baf129cbab25b4 {"meta":{"req":{"url":"/boards/5f9d9f6cb3baf129cbab25b1/tasks/5f9d9f6cb3baf129cbab25b4","query":{}},"res":{"statusCode":200},"responseTime":175},"timestamp":"2020-10-31T17:31:25.507Z"}
info: HTTP GET /boards/5f9d9f6cb3baf129cbab25b0/tasks/5f9d9f6cb3baf129cbab25b3 {"meta":{"req":{"url":"/boards/5f9d9f6cb3baf129cbab25b0/tasks/5f9d9f6cb3baf129cbab25b3","query":{}},"res":{"statusCode":200},"responseTime":188},"timestamp":"2020-10-31T17:31:25.624Z"}
info: HTTP GET /boards/5f9d9f6cb3baf129cbab25b1/tasks/5f9d9f6cb3baf129cbab25b5 {"meta":{"req":{"url":"/boards/5f9d9f6cb3baf129cbab25b1/tasks/5f9d9f6cb3baf129cbab25b5","query":{}},"res":{"statusCode":200},"responseTime":183},"timestamp":"2020-10-31T17:31:25.692Z"}
info: HTTP DELETE /boards/5f9d9f6cb3baf129cbab25b0/tasks/5f9d9f6cb3baf129cbab25b2 {"meta":{"req":{"url":"/boards/5f9d9f6cb3baf129cbab25b0/tasks/5f9d9f6cb3baf129cbab25b2","query":{}},"res":{"statusCode":200},"responseTime":182},"timestamp":"2020-10-31T17:31:25.810Z"}
info: HTTP DELETE /boards/5f9d9f6cb3baf129cbab25b0/tasks/5f9d9f6cb3baf129cbab25b3 {"meta":{"req":{"url":"/boards/5f9d9f6cb3baf129cbab25b0/tasks/5f9d9f6cb3baf129cbab25b3","query":{}},"res":{"statusCode":200},"responseTime":189},"timestamp":"2020-10-31T17:31:25.817Z"}
info: HTTP DELETE /boards/5f9d9f6cb3baf129cbab25b1/tasks/5f9d9f6cb3baf129cbab25b5 {"meta":{"req":{"url":"/boards/5f9d9f6cb3baf129cbab25b1/tasks/5f9d9f6cb3baf129cbab25b5","query":{}},"res":{"statusCode":200},"responseTime":180},"timestamp":"2020-10-31T17:31:25.875Z"}
info: HTTP DELETE /boards/5f9d9f6cb3baf129cbab25b1/tasks/5f9d9f6cb3baf129cbab25b4 {"meta":{"req":{"url":"/boards/5f9d9f6cb3baf129cbab25b1/tasks/5f9d9f6cb3baf129cbab25b4","query":{}},"res":{"statusCode":200},"responseTime":183},"timestamp":"2020-10-31T17:31:25.882Z"}
info: HTTP DELETE /boards/5f9d9f6cb3baf129cbab25b1 {"meta":{"req":{"url":"/boards/5f9d9f6cb3baf129cbab25b1","query":{}},"res":{"statusCode":200},"responseTime":347},"timestamp":"2020-10-31T17:31:26.232Z"}
info: HTTP DELETE /boards/5f9d9f6cb3baf129cbab25b0 {"meta":{"req":{"url":"/boards/5f9d9f6cb3baf129cbab25b0","query":{}},"res":{"statusCode":200},"responseTime":550},"timestamp":"2020-10-31T17:31:26.370Z"}
info: HTTP POST /login {"meta":{"req":{"url":"/login","query":{},"body":{"login":"admin","password":"admin"}},"res":{"statusCode":200},"responseTime":411},"timestamp":"2020-10-31T17:31:43.492Z"}
